Using pre-set license
Built from '2021.3/staging' branch; Version is '2021.3.3f1 (af2e63e8f9bd) revision 11480675'; Using compiler version '192829333'; Build Type 'Release'
OS: 'Windows 11  (10.0.22631) 64bit Professional' Language: 'en' Physical Memory: 16293 MB
BatchMode: 1, IsHumanControllingUs: 0, StartBugReporterOnCrash: 0, Is64bit: 1, IsPro: 1

COMMAND LINE ARGUMENTS:
F:\Programms\Unity\2021.3.3f1\Editor\Unity.exe
-adb2
-batchMode
-noUpm
-name
AssetImportWorker0
-projectPath
F:/My Games/FlyingMan3D/FlyingMan3D
-logFile
Logs/AssetImportWorker0.log
-srvPort
59222
Successfully changed project path to: F:/My Games/FlyingMan3D/FlyingMan3D
F:/My Games/FlyingMan3D/FlyingMan3D
[UnityMemory] Configuration Parameters - Can be set up in boot.config
    "memorysetup-bucket-allocator-granularity=16"
    "memorysetup-bucket-allocator-bucket-count=8"
    "memorysetup-bucket-allocator-block-size=33554432"
    "memorysetup-bucket-allocator-block-count=8"
    "memorysetup-main-allocator-block-size=16777216"
    "memorysetup-thread-allocator-block-size=16777216"
    "memorysetup-gfx-main-allocator-block-size=16777216"
    "memorysetup-gfx-thread-allocator-block-size=16777216"
    "memorysetup-cache-allocator-block-size=4194304"
    "memorysetup-typetree-allocator-block-size=2097152"
    "memorysetup-profiler-bucket-allocator-granularity=16"
    "memorysetup-profiler-bucket-allocator-bucket-count=8"
    "memorysetup-profiler-bucket-allocator-block-size=33554432"
    "memorysetup-profiler-bucket-allocator-block-count=8"
    "memorysetup-profiler-allocator-block-size=16777216"
    "memorysetup-profiler-editor-allocator-block-size=1048576"
    "memorysetup-temp-allocator-size-main=16777216"
    "memorysetup-job-temp-allocator-block-size=2097152"
    "memorysetup-job-temp-allocator-block-size-background=1048576"
    "memorysetup-job-temp-allocator-reduction-small-platforms=262144"
    "memorysetup-temp-allocator-size-background-worker=32768"
    "memorysetup-temp-allocator-size-job-worker=262144"
    "memorysetup-temp-allocator-size-preload-manager=33554432"
    "memorysetup-temp-allocator-size-nav-mesh-worker=65536"
    "memorysetup-temp-allocator-size-audio-worker=65536"
    "memorysetup-temp-allocator-size-cloud-worker=32768"
    "memorysetup-temp-allocator-size-gi-baking-worker=262144"
    "memorysetup-temp-allocator-size-gfx=262144"
Refreshing native plugins compatible for Editor in 99.24 ms, found 3 plugins.
Preloading 0 native plugins for Editor in 0.00 ms.
Initialize engine version: 2021.3.3f1 (af2e63e8f9bd)
[Subsystems] Discovering subsystems at path F:/Programms/Unity/2021.3.3f1/Editor/Data/Resources/UnitySubsystems
[Subsystems] Discovering subsystems at path F:/My Games/FlyingMan3D/FlyingMan3D/Assets
GfxDevice: creating device client; threaded=0; jobified=0
Direct3D:
    Version:  Direct3D 11.0 [level 11.1]
    Renderer: NVIDIA GeForce GTX 1060 3GB (ID=0x1b84)
    Vendor:   NVIDIA
    VRAM:     2965 MB
    Driver:   31.0.15.5222
Initialize mono
Mono path[0] = 'F:/Programms/Unity/2021.3.3f1/Editor/Data/Managed'
Mono path[1] = 'F:/Programms/Unity/2021.3.3f1/Editor/Data/MonoBleedingEdge/lib/mono/unityjit-win32'
Mono config path = 'F:/Programms/Unity/2021.3.3f1/Editor/Data/MonoBleedingEdge/etc'
Using monoOptions --debugger-agent=transport=dt_socket,embedding=1,server=y,suspend=n,address=127.0.0.1:56324
Begin MonoManager ReloadAssembly
Registering precompiled unity dll's ...
Register platform support module: F:/Programms/Unity/2021.3.3f1/Editor/Data/PlaybackEngines/WebGLSupport/UnityEditor.WebGL.Extensions.dll
Register platform support module: F:/Programms/Unity/2021.3.3f1/Editor/Data/PlaybackEngines/AndroidPlayer/UnityEditor.Android.Extensions.dll
Register platform support module: F:/Programms/Unity/2021.3.3f1/Editor/Data/PlaybackEngines/iOSSupport/UnityEditor.iOS.Extensions.dll
Register platform support module: F:/Programms/Unity/2021.3.3f1/Editor/Data/PlaybackEngines/WindowsStandaloneSupport/UnityEditor.WindowsStandalone.Extensions.dll
Registered in 0.002905 seconds.
Native extension for WindowsStandalone target not found
[usbmuxd] Start listen thread
[usbmuxd] Listen thread started
Native extension for iOS target not found
Native extension for Android target not found
Android SDK Build-tools component is not found. Make sure all tools are installed in the SDK manager. Latest supported build-tools version is 30.0.2
UnityEngine.StackTraceUtility:ExtractStackTrace ()
UnityEngine.DebugLogHandler:LogFormat (UnityEngine.LogType,UnityEngine.Object,string,object[])
UnityEngine.Logger:Log (UnityEngine.LogType,object)
UnityEngine.Debug:LogError (object)
UnityEditor.Android.AndroidSDKTools:UpdateToolsDirectories ()
UnityEditor.Android.AndroidSDKTools:.ctor (string)
UnityEditor.Android.AndroidSDKTools:CreateAndroidSDKTools (string)
UnityEditor.Android.AndroidSDKTools:GetInstance<UnityEditor.Android.AndroidSDKTools> (UnityEditor.Android.AndroidSDKTools/InstanceCreator)
UnityEditor.Android.AndroidSDKTools:GetInstance ()
UnityEditor.Android.AndroidDeploymentTargetsExtension:GetMainThreadContext (bool)
UnityEditor.Android.TargetExtension:OnUsbDevicesChanged (UnityEditor.Hardware.UsbDevice[])
UnityEditor.Android.TargetExtension:OnLoad ()
UnityEditor.Modules.ModuleManager:InitializePlatformSupportModules ()

Native extension for WebGL target not found
Refreshing native plugins compatible for Editor in 94.77 ms, found 3 plugins.
Preloading 0 native plugins for Editor in 0.00 ms.
Mono: successfully reloaded assembly
- Completed reload, in  0.790 seconds
Domain Reload Profiling:
	ReloadAssembly (791ms)
		BeginReloadAssembly (77ms)
			ExecutionOrderSort (0ms)
			DisableScriptedObjects (0ms)
			BackupInstance (0ms)
			ReleaseScriptingObjects (0ms)
			CreateAndSetChildDomain (1ms)
		EndReloadAssembly (593ms)
			LoadAssemblies (76ms)
			RebuildTransferFunctionScriptingTraits (0ms)
			SetupTypeCache (139ms)
			ReleaseScriptCaches (0ms)
			RebuildScriptCaches (37ms)
			SetupLoadedEditorAssemblies (361ms)
				LogAssemblyErrors (0ms)
				InitializePlatformSupportModulesInManaged (87ms)
				SetLoadedEditorAssemblies (0ms)
				RefreshPlugins (95ms)
				BeforeProcessingInitializeOnLoad (2ms)
				ProcessInitializeOnLoadAttributes (118ms)
				ProcessInitializeOnLoadMethodAttributes (59ms)
				AfterProcessingInitializeOnLoad (0ms)
				EditorAssembliesLoaded (0ms)
			ExecutionOrderSort2 (0ms)
			AwakeInstancesAfterBackupRestoration (0ms)
Platform modules already initialized, skipping
Registering precompiled user dll's ...
Registered in 0.004604 seconds.
Begin MonoManager ReloadAssembly
Native extension for WindowsStandalone target not found
Native extension for iOS target not found
Native extension for Android target not found
Native extension for WebGL target not found
Refreshing native plugins compatible for Editor in 0.85 ms, found 3 plugins.
Preloading 0 native plugins for Editor in 0.00 ms.
Mono: successfully reloaded assembly
- Completed reload, in  1.283 seconds
Domain Reload Profiling:
	ReloadAssembly (1284ms)
		BeginReloadAssembly (234ms)
			ExecutionOrderSort (0ms)
			DisableScriptedObjects (11ms)
			BackupInstance (0ms)
			ReleaseScriptingObjects (0ms)
			CreateAndSetChildDomain (130ms)
		EndReloadAssembly (912ms)
			LoadAssemblies (76ms)
			RebuildTransferFunctionScriptingTraits (0ms)
			SetupTypeCache (248ms)
			ReleaseScriptCaches (0ms)
			RebuildScriptCaches (75ms)
			SetupLoadedEditorAssemblies (456ms)
				LogAssemblyErrors (0ms)
				InitializePlatformSupportModulesInManaged (28ms)
				SetLoadedEditorAssemblies (1ms)
				RefreshPlugins (1ms)
				BeforeProcessingInitializeOnLoad (76ms)
				ProcessInitializeOnLoadAttributes (316ms)
				ProcessInitializeOnLoadMethodAttributes (33ms)
				AfterProcessingInitializeOnLoad (2ms)
				EditorAssembliesLoaded (0ms)
			ExecutionOrderSort2 (0ms)
			AwakeInstancesAfterBackupRestoration (5ms)
Platform modules already initialized, skipping
========================================================================
Worker process is ready to serve import requests
Launched and connected shader compiler UnityShaderCompiler.exe after 0.03 seconds
Refreshing native plugins compatible for Editor in 1.35 ms, found 3 plugins.
Preloading 0 native plugins for Editor in 0.00 ms.
Unloading 2611 Unused Serialized files (Serialized files now loaded: 0)
Unloading 55 unused Assets / (217.9 KB). Loaded Objects now: 3073.
Memory consumption went from 107.8 MB to 107.6 MB.
Total: 4.732900 ms (FindLiveObjects: 0.540800 ms CreateObjectMapping: 0.251100 ms MarkObjects: 3.648300 ms  DeleteObjects: 0.291400 ms)

AssetImportParameters requested are different than current active one (requested -> active):
  custom:video-decoder-ogg-theora: a1e56fd34408186e4bbccfd4996cb3dc -> 
  custom:container-muxer-webm: aa71ff27fc2769a1b78a27578f13a17b -> 
  custom:container-demuxer-webm: 4f35f7cbe854078d1ac9338744f61a02 -> 
  custom:video-encoder-webm-vp8: eb34c28f22e8b96e1ab97ce403110664 -> 
  custom:audio-encoder-webm-vorbis: bf7c407c2cedff20999df2af8eb42d56 -> 
  custom:framework-win-MediaFoundation: 216162199b28c13a410421893ffa2e32 -> 
  custom:container-demuxer-ogg: 62fdf1f143b41e24485cea50d1cbac27 -> 
  custom:video-decoder-webm-vp8: 9c59270c3fd7afecdb556c50c9e8de78 -> 
  custom:audio-decoder-ogg-vorbis: bf7c407c2cedff20999df2af8eb42d56 -> 
========================================================================
Received Import Request.
  Time since last request: 13448.374190 seconds.
  path: Assets/Plugins/Banana Yellow Games/Characters
  artifactKey: Guid(81a68b46cc3e00f4fb93b2c8b3d1323d) Importer(815301076,1909f56bfc062723c751e8b465ee728b)
Start importing Assets/Plugins/Banana Yellow Games/Characters using Guid(81a68b46cc3e00f4fb93b2c8b3d1323d) Importer(815301076,1909f56bfc062723c751e8b465ee728b)  -> (artifact id: 'f21b95d9b72f6e2f224c5f74c2c60067') in 0.119389 seconds 
========================================================================
Received Import Request.
  Time since last request: 0.000026 seconds.
  path: Assets/Plugins/Banana Yellow Games/Characters/Banana Man
  artifactKey: Guid(fc0b9dcc7b02fdc4c8be4203cbf9c95a) Importer(815301076,1909f56bfc062723c751e8b465ee728b)
Start importing Assets/Plugins/Banana Yellow Games/Characters/Banana Man using Guid(fc0b9dcc7b02fdc4c8be4203cbf9c95a) Importer(815301076,1909f56bfc062723c751e8b465ee728b)  -> (artifact id: '837918c8f03ab6f1c1652666419e1552') in 0.001177 seconds 
========================================================================
Received Import Request.
  Time since last request: 4.294452 seconds.
  path: Assets/Plugins/Banana Yellow Games/Characters/Banana Man/Banana Man.fbx
  artifactKey: Guid(81bb9eea30387e442899949a80011e55) Importer(815301076,1909f56bfc062723c751e8b465ee728b)
Start importing Assets/Plugins/Banana Yellow Games/Characters/Banana Man/Banana Man.fbx using Guid(81bb9eea30387e442899949a80011e55) Importer(815301076,1909f56bfc062723c751e8b465ee728b)  -> (artifact id: '84c4bad3efae13e3b4ce4d9e217a1db9') in 0.469005 seconds 
========================================================================
Received Import Request.
  Time since last request: 7.709350 seconds.
  path: Assets/Plugins/Banana Yellow Games/Characters/Banana Man/Textures
  artifactKey: Guid(c8a93b54c18bcfc4c9020f3613782d50) Importer(815301076,1909f56bfc062723c751e8b465ee728b)
Start importing Assets/Plugins/Banana Yellow Games/Characters/Banana Man/Textures using Guid(c8a93b54c18bcfc4c9020f3613782d50) Importer(815301076,1909f56bfc062723c751e8b465ee728b)  -> (artifact id: '559b1426de0f582be089e5994d59ad95') in 0.000986 seconds 
========================================================================
Received Import Request.
  Time since last request: 1.876896 seconds.
  path: Assets/Plugins/Banana Yellow Games/Characters/Banana Man/Demo Scene/Banana Man Demo Scene.unity
  artifactKey: Guid(b3ef9e513fd5c6c469e25a2c9a08bd26) Importer(815301076,1909f56bfc062723c751e8b465ee728b)
Start importing Assets/Plugins/Banana Yellow Games/Characters/Banana Man/Demo Scene/Banana Man Demo Scene.unity using Guid(b3ef9e513fd5c6c469e25a2c9a08bd26) Importer(815301076,1909f56bfc062723c751e8b465ee728b)  -> (artifact id: '8a2a94913bc6d4c1cbecb8f2511b7b42') in 0.000913 seconds 
========================================================================
Received Import Request.
  Time since last request: 34.745238 seconds.
  path: Assets/Scenes/Level.unity
  artifactKey: Guid(d34f1ac451dcaf5499c58c994da575bc) Importer(815301076,1909f56bfc062723c751e8b465ee728b)
Start importing Assets/Scenes/Level.unity using Guid(d34f1ac451dcaf5499c58c994da575bc) Importer(815301076,1909f56bfc062723c751e8b465ee728b)  -> (artifact id: '11e4fadc69c4d54f02d81ba9c9535dcf') in 0.000957 seconds 
========================================================================
Received Import Request.
  Time since last request: 82.306584 seconds.
  path: Assets/Plugins/StarterPack2021Haziran/Sprites/GUI Mobile Hyper-Casual/Sprites/Sprites by Menu/Win-assets/Background Progress Bar Level Win.png
  artifactKey: Guid(b80c99010bba9ea4dab5aab8a6c3c90b) Importer(815301076,1909f56bfc062723c751e8b465ee728b)
Start importing Assets/Plugins/StarterPack2021Haziran/Sprites/GUI Mobile Hyper-Casual/Sprites/Sprites by Menu/Win-assets/Background Progress Bar Level Win.png using Guid(b80c99010bba9ea4dab5aab8a6c3c90b) Importer(815301076,1909f56bfc062723c751e8b465ee728b)  -> (artifact id: 'a86830753cfcf54f7a6c7d02c2579ee2') in 0.164349 seconds 
========================================================================
Received Import Request.
  Time since last request: 0.000022 seconds.
  path: Assets/Plugins/StarterPack2021Haziran/Sprites/GUI Mobile Hyper-Casual/Sprites/Sprites by Menu/In Game-assets/Bar Progress in game Purple.png
  artifactKey: Guid(b861f27842d0d4c4080c77e44b0fa87c) Importer(815301076,1909f56bfc062723c751e8b465ee728b)
Start importing Assets/Plugins/StarterPack2021Haziran/Sprites/GUI Mobile Hyper-Casual/Sprites/Sprites by Menu/In Game-assets/Bar Progress in game Purple.png using Guid(b861f27842d0d4c4080c77e44b0fa87c) Importer(815301076,1909f56bfc062723c751e8b465ee728b)  -> (artifact id: '5b3f69aa8d878862ecdd80cd834050ef') in 0.035834 seconds 
========================================================================
Received Import Request.
  Time since last request: 0.000024 seconds.
  path: Assets/Plugins/StarterPack2021Haziran/Sprites/GUI Mobile Hyper-Casual/Sprites/Sprites by Menu/In Game-assets/Background tuto.png
  artifactKey: Guid(43fce117e5346e24eabbf57926e68dc8) Importer(815301076,1909f56bfc062723c751e8b465ee728b)
Start importing Assets/Plugins/StarterPack2021Haziran/Sprites/GUI Mobile Hyper-Casual/Sprites/Sprites by Menu/In Game-assets/Background tuto.png using Guid(43fce117e5346e24eabbf57926e68dc8) Importer(815301076,1909f56bfc062723c751e8b465ee728b)  -> (artifact id: '26fbe9f6d6931eacc90076328f44e24e') in 0.113727 seconds 
========================================================================
Received Import Request.
  Time since last request: 0.000045 seconds.
  path: Assets/Plugins/StarterPack2021Haziran/Sprites/GUI Mobile Hyper-Casual/Sprites/Sprites by Menu/In Game-assets/Bar Progress in game yellow.png
  artifactKey: Guid(2a591e97a6c9a0340859eb3843a3ad1c) Importer(815301076,1909f56bfc062723c751e8b465ee728b)
Start importing Assets/Plugins/StarterPack2021Haziran/Sprites/GUI Mobile Hyper-Casual/Sprites/Sprites by Menu/In Game-assets/Bar Progress in game yellow.png using Guid(2a591e97a6c9a0340859eb3843a3ad1c) Importer(815301076,1909f56bfc062723c751e8b465ee728b)  -> (artifact id: '817ba305b4acdc0a75fcdb1eed32bd22') in 0.033118 seconds 
========================================================================
Received Import Request.
  Time since last request: 0.000017 seconds.
  path: Assets/Plugins/StarterPack2021Haziran/Sprites/GUI Mobile Hyper-Casual/Sprites/Items PSD + PNG/Bag/Bag 1/Bag 1.png
  artifactKey: Guid(7737f840ee7586246b1579ee50cb1813) Importer(815301076,1909f56bfc062723c751e8b465ee728b)
Start importing Assets/Plugins/StarterPack2021Haziran/Sprites/GUI Mobile Hyper-Casual/Sprites/Items PSD + PNG/Bag/Bag 1/Bag 1.png using Guid(7737f840ee7586246b1579ee50cb1813) Importer(815301076,1909f56bfc062723c751e8b465ee728b)  -> (artifact id: '7dd99b0e7d03021d32d7dce300b6f339') in 0.045583 seconds 
========================================================================
Received Import Request.
  Time since last request: 0.000032 seconds.
  path: Assets/Plugins/StarterPack2021Haziran/Sprites/GUI Mobile Hyper-Casual/Sprites/Sprites by Menu/Win-assets/Background Win.png
  artifactKey: Guid(4220dbb532a530848b063b7135929f97) Importer(815301076,1909f56bfc062723c751e8b465ee728b)
Start importing Assets/Plugins/StarterPack2021Haziran/Sprites/GUI Mobile Hyper-Casual/Sprites/Sprites by Menu/Win-assets/Background Win.png using Guid(4220dbb532a530848b063b7135929f97) Importer(815301076,1909f56bfc062723c751e8b465ee728b)  -> (artifact id: 'ebb3455f6693837cd32cdf9220f25135') in 0.068896 seconds 
========================================================================
Received Import Request.
  Time since last request: 0.000021 seconds.
  path: Assets/Plugins/StarterPack2021Haziran/Plugins/Demigiant/DemiLib/Core/Editor/Imgs/blackSquare.png
  artifactKey: Guid(7ba4b2810f605d945af87e032ca2957b) Importer(815301076,1909f56bfc062723c751e8b465ee728b)
Start importing Assets/Plugins/StarterPack2021Haziran/Plugins/Demigiant/DemiLib/Core/Editor/Imgs/blackSquare.png using Guid(7ba4b2810f605d945af87e032ca2957b) Importer(815301076,1909f56bfc062723c751e8b465ee728b)  -> (artifact id: '57ac68815e61ed75de384df5df77c72f') in 0.033959 seconds 
========================================================================
Received Import Request.
  Time since last request: 0.000026 seconds.
  path: Assets/Plugins/StarterPack2021Haziran/Sprites/GUI Mobile Hyper-Casual/Sprites/Additional White Icons/Badge.png
  artifactKey: Guid(e5f66e3c490889d4b9198354a4c8be61) Importer(815301076,1909f56bfc062723c751e8b465ee728b)
Start importing Assets/Plugins/StarterPack2021Haziran/Sprites/GUI Mobile Hyper-Casual/Sprites/Additional White Icons/Badge.png using Guid(e5f66e3c490889d4b9198354a4c8be61) Importer(815301076,1909f56bfc062723c751e8b465ee728b)  -> (artifact id: '183b22c6dbe69ec0f2d5dc5f7d2c2699') in 0.037092 seconds 
========================================================================
Received Import Request.
  Time since last request: 0.000018 seconds.
  path: Assets/Plugins/StarterPack2021Haziran/Sprites/GUI Mobile Hyper-Casual/Sprites/Sprites by Menu/In Game-assets/Background Rectangle Progress Bar.png
  artifactKey: Guid(6a9f5b0ffbdf750458de13da2c017cf9) Importer(815301076,1909f56bfc062723c751e8b465ee728b)
Start importing Assets/Plugins/StarterPack2021Haziran/Sprites/GUI Mobile Hyper-Casual/Sprites/Sprites by Menu/In Game-assets/Background Rectangle Progress Bar.png using Guid(6a9f5b0ffbdf750458de13da2c017cf9) Importer(815301076,1909f56bfc062723c751e8b465ee728b)  -> (artifact id: 'b39af6bf0e99fb9d78c69cc79d1f8c6f') in 0.024877 seconds 
========================================================================
Received Import Request.
  Time since last request: 0.000036 seconds.
  path: Assets/Plugins/Banana Yellow Games/Characters/Banana Man/Textures/Banana Man Albedo.png
  artifactKey: Guid(ba30b5ad10906d145b2715c1a9446f41) Importer(815301076,1909f56bfc062723c751e8b465ee728b)
Start importing Assets/Plugins/Banana Yellow Games/Characters/Banana Man/Textures/Banana Man Albedo.png using Guid(ba30b5ad10906d145b2715c1a9446f41) Importer(815301076,1909f56bfc062723c751e8b465ee728b)  -> (artifact id: '3de5a9b86bc7c30737789e25bdc6093e') in 0.008713 seconds 
========================================================================
Received Import Request.
  Time since last request: 0.000019 seconds.
  path: Assets/Plugins/StarterPack2021Haziran/Plugins/Demigiant/DemiLib/Core/Editor/Imgs/blackSquareAlpha10.png
  artifactKey: Guid(8c9cfa1dbe00a1d41ae9d14f5ac543ec) Importer(815301076,1909f56bfc062723c751e8b465ee728b)
Start importing Assets/Plugins/StarterPack2021Haziran/Plugins/Demigiant/DemiLib/Core/Editor/Imgs/blackSquareAlpha10.png using Guid(8c9cfa1dbe00a1d41ae9d14f5ac543ec) Importer(815301076,1909f56bfc062723c751e8b465ee728b)  -> (artifact id: 'c0542f6297cacf2646f70aea69c71022') in 0.026211 seconds 
========================================================================
Received Import Request.
  Time since last request: 0.000019 seconds.
  path: Assets/Plugins/StarterPack2021Haziran/Sprites/GUI Mobile Hyper-Casual/Sprites/Sprites by Menu/In Game-assets/Barre de progression 2.png
  artifactKey: Guid(76ed72896eecfdc49aefdc94f544ff58) Importer(815301076,1909f56bfc062723c751e8b465ee728b)
Start importing Assets/Plugins/StarterPack2021Haziran/Sprites/GUI Mobile Hyper-Casual/Sprites/Sprites by Menu/In Game-assets/Barre de progression 2.png using Guid(76ed72896eecfdc49aefdc94f544ff58) Importer(815301076,1909f56bfc062723c751e8b465ee728b)  -> (artifact id: '1d07b7b48118064e45cfa97a2e7322db') in 0.051059 seconds 
========================================================================
Received Import Request.
  Time since last request: 0.000027 seconds.
  path: Assets/Plugins/StarterPack2021Haziran/Sprites/GUI Mobile Hyper-Casual/Sprites/Items PSD + PNG/Stars/Blue.png
  artifactKey: Guid(f9f972eb743933f44945b260b5b1b5bb) Importer(815301076,1909f56bfc062723c751e8b465ee728b)
Start importing Assets/Plugins/StarterPack2021Haziran/Sprites/GUI Mobile Hyper-Casual/Sprites/Items PSD + PNG/Stars/Blue.png using Guid(f9f972eb743933f44945b260b5b1b5bb) Importer(815301076,1909f56bfc062723c751e8b465ee728b)  -> (artifact id: '3c64ebe2d0e71ede64979e4af1acf2b7') in 0.056962 seconds 
========================================================================
Received Import Request.
  Time since last request: 0.000019 seconds.
  path: Assets/Plugins/StarterPack2021Haziran/Sprites/GUI Mobile Hyper-Casual/Sprites/Sprites by Menu/Prize Machine-assets/Background Key.png
  artifactKey: Guid(625a723198161ea429c024aa5c2780d8) Importer(815301076,1909f56bfc062723c751e8b465ee728b)
Start importing Assets/Plugins/StarterPack2021Haziran/Sprites/GUI Mobile Hyper-Casual/Sprites/Sprites by Menu/Prize Machine-assets/Background Key.png using Guid(625a723198161ea429c024aa5c2780d8) Importer(815301076,1909f56bfc062723c751e8b465ee728b)  -> (artifact id: 'e8b6d4f11547cf52724e9aa4fd5953bd') in 0.060543 seconds 
========================================================================
Received Import Request.
  Time since last request: 0.000022 seconds.
  path: Assets/Plugins/StarterPack2021Haziran/Sprites/GUI Mobile Hyper-Casual/Sprites/Sprites by Menu/Home-assets/Background Customize.png
  artifactKey: Guid(3568a0cf640a18441ad1ea7078bec875) Importer(815301076,1909f56bfc062723c751e8b465ee728b)
Start importing Assets/Plugins/StarterPack2021Haziran/Sprites/GUI Mobile Hyper-Casual/Sprites/Sprites by Menu/Home-assets/Background Customize.png using Guid(3568a0cf640a18441ad1ea7078bec875) Importer(815301076,1909f56bfc062723c751e8b465ee728b)  -> (artifact id: '0f0013fd3fd3fcf67b8906c1aea6b0a5') in 0.042016 seconds 
========================================================================
Received Import Request.
  Time since last request: 0.000028 seconds.
  path: Assets/Plugins/StarterPack2021Haziran/Sprites/GUI Mobile Hyper-Casual/Sprites/Sprites by Menu/In Game-assets/Background Progress Bar in game.png
  artifactKey: Guid(14fd9249986b34241bebb3d0d43db530) Importer(815301076,1909f56bfc062723c751e8b465ee728b)
Start importing Assets/Plugins/StarterPack2021Haziran/Sprites/GUI Mobile Hyper-Casual/Sprites/Sprites by Menu/In Game-assets/Background Progress Bar in game.png using Guid(14fd9249986b34241bebb3d0d43db530) Importer(815301076,1909f56bfc062723c751e8b465ee728b)  -> (artifact id: 'd4bb3b44daa18963182a0bc345c79d28') in 0.050847 seconds 
========================================================================
Received Import Request.
  Time since last request: 0.000020 seconds.
  path: Assets/Plugins/StarterPack2021Haziran/Sprites/GUI Mobile Hyper-Casual/Sprites/Items PSD + PNG/Diamonds/Diamonds/Blue.png
  artifactKey: Guid(bfb7891841ebd3b449b68d0be2773d4d) Importer(815301076,1909f56bfc062723c751e8b465ee728b)
Start importing Assets/Plugins/StarterPack2021Haziran/Sprites/GUI Mobile Hyper-Casual/Sprites/Items PSD + PNG/Diamonds/Diamonds/Blue.png using Guid(bfb7891841ebd3b449b68d0be2773d4d) Importer(815301076,1909f56bfc062723c751e8b465ee728b)  -> (artifact id: '3d19e40249b4002d4c3c9e4e287ed800') in 0.048147 seconds 
========================================================================
Received Import Request.
  Time since last request: 0.000022 seconds.
  path: Assets/Plugins/StarterPack2021Haziran/Sprites/GUI Mobile Hyper-Casual/Sprites/Sprites by Menu/In Game-assets/Bar Progress in game Blue.png
  artifactKey: Guid(ace5992fc3582824ab5f1269f1f2ec91) Importer(815301076,1909f56bfc062723c751e8b465ee728b)
Start importing Assets/Plugins/StarterPack2021Haziran/Sprites/GUI Mobile Hyper-Casual/Sprites/Sprites by Menu/In Game-assets/Bar Progress in game Blue.png using Guid(ace5992fc3582824ab5f1269f1f2ec91) Importer(815301076,1909f56bfc062723c751e8b465ee728b)  -> (artifact id: 'aaa9807f8289230ed3e719cb524cbc06') in 0.068478 seconds 
========================================================================
Received Import Request.
  Time since last request: 0.000032 seconds.
  path: Assets/Plugins/StarterPack2021Haziran/Sprites/GUI Mobile Hyper-Casual/Sprites/Sprites by Menu/Win-assets/Background Yellow.png
  artifactKey: Guid(3d0aa4035bc2dcd4ba359018b5337728) Importer(815301076,1909f56bfc062723c751e8b465ee728b)
Start importing Assets/Plugins/StarterPack2021Haziran/Sprites/GUI Mobile Hyper-Casual/Sprites/Sprites by Menu/Win-assets/Background Yellow.png using Guid(3d0aa4035bc2dcd4ba359018b5337728) Importer(815301076,1909f56bfc062723c751e8b465ee728b)  -> (artifact id: '9933e3de320de88cf437f87fa43a8e66') in 0.054515 seconds 
========================================================================
Received Import Request.
  Time since last request: 0.000021 seconds.
  path: Assets/Plugins/StarterPack2021Haziran/Sprites/GUI Mobile Hyper-Casual/Sprites/Items PSD + PNG/Ball/Ball.png
  artifactKey: Guid(74d7a80181335b8419856660eefd593f) Importer(815301076,1909f56bfc062723c751e8b465ee728b)
Start importing Assets/Plugins/StarterPack2021Haziran/Sprites/GUI Mobile Hyper-Casual/Sprites/Items PSD + PNG/Ball/Ball.png using Guid(74d7a80181335b8419856660eefd593f) Importer(815301076,1909f56bfc062723c751e8b465ee728b)  -> (artifact id: '608858066a3d71162a47226e930cf2e7') in 0.043117 seconds 
========================================================================
Received Import Request.
  Time since last request: 0.000029 seconds.
  path: Assets/Plugins/StarterPack2021Haziran/Sprites/GUI Mobile Hyper-Casual/Sprites/Sprites by Menu/In Game-assets/Bar Progress in game Green.png
  artifactKey: Guid(495cfa4d7d1eb1345b515232589da26c) Importer(815301076,1909f56bfc062723c751e8b465ee728b)
Start importing Assets/Plugins/StarterPack2021Haziran/Sprites/GUI Mobile Hyper-Casual/Sprites/Sprites by Menu/In Game-assets/Bar Progress in game Green.png using Guid(495cfa4d7d1eb1345b515232589da26c) Importer(815301076,1909f56bfc062723c751e8b465ee728b)  -> (artifact id: '0d6749188607e188f0ad2a44c56ca095') in 0.067974 seconds 
========================================================================
Received Import Request.
  Time since last request: 0.000020 seconds.
  path: Assets/Plugins/StarterPack2021Haziran/Sprites/GUI Mobile Hyper-Casual/Sprites/Items PSD + PNG/Skull/Black Skull.png
  artifactKey: Guid(ed147a68daff83344b31989c28822d30) Importer(815301076,1909f56bfc062723c751e8b465ee728b)
Start importing Assets/Plugins/StarterPack2021Haziran/Sprites/GUI Mobile Hyper-Casual/Sprites/Items PSD + PNG/Skull/Black Skull.png using Guid(ed147a68daff83344b31989c28822d30) Importer(815301076,1909f56bfc062723c751e8b465ee728b)  -> (artifact id: 'f74fdb066d0b8acc0c676195aac4dc77') in 0.061440 seconds 
========================================================================
Received Import Request.
  Time since last request: 1.664170 seconds.
  path: Assets/Plugins/StarterPack2021Haziran/Sprites/GUI Mobile Hyper-Casual/Sprites/Background/Background 2.png
  artifactKey: Guid(2ceea2f4f7866d64a909e4032915e74c) Importer(815301076,1909f56bfc062723c751e8b465ee728b)
Start importing Assets/Plugins/StarterPack2021Haziran/Sprites/GUI Mobile Hyper-Casual/Sprites/Background/Background 2.png using Guid(2ceea2f4f7866d64a909e4032915e74c) Importer(815301076,1909f56bfc062723c751e8b465ee728b)  -> (artifact id: '5607f6a8c3b804535e92db61d594054d') in 0.131415 seconds 
========================================================================
Received Import Request.
  Time since last request: 0.000025 seconds.
  path: Assets/FX/Textures/Emojis/angry.png
  artifactKey: Guid(827643247c5396045ab168f4d32a7e92) Importer(815301076,1909f56bfc062723c751e8b465ee728b)
Start importing Assets/FX/Textures/Emojis/angry.png using Guid(827643247c5396045ab168f4d32a7e92) Importer(815301076,1909f56bfc062723c751e8b465ee728b)  -> (artifact id: 'c73a5ee57e9f5f69826df76d1810ef9b') in 0.034028 seconds 
========================================================================
Received Import Request.
  Time since last request: 0.000027 seconds.
  path: Assets/Plugins/Obi/Editor/Resources/AddIcon.psd
  artifactKey: Guid(d11f3f1468cd5453d961042f3ae9799d) Importer(815301076,1909f56bfc062723c751e8b465ee728b)
Start importing Assets/Plugins/Obi/Editor/Resources/AddIcon.psd using Guid(d11f3f1468cd5453d961042f3ae9799d) Importer(815301076,1909f56bfc062723c751e8b465ee728b)  -> (artifact id: '37124c42ffd7bca1599ada8ca807b4d7') in 0.039889 seconds 
========================================================================
Received Import Request.
  Time since last request: 0.000016 seconds.
  path: Assets/Plugins/StarterPack2021Haziran/Sprites/GUI Mobile Hyper-Casual/Sprites/Emojis PNG/PNG/Set Emojis-assets/12.png
  artifactKey: Guid(396274a1b06b7984eb4d198c8cdd78d4) Importer(815301076,1909f56bfc062723c751e8b465ee728b)
Start importing Assets/Plugins/StarterPack2021Haziran/Sprites/GUI Mobile Hyper-Casual/Sprites/Emojis PNG/PNG/Set Emojis-assets/12.png using Guid(396274a1b06b7984eb4d198c8cdd78d4) Importer(815301076,1909f56bfc062723c751e8b465ee728b)  -> (artifact id: '67f533abf4f8fa043cab64fc41cc40ab') in 0.038667 seconds 
========================================================================
Received Import Request.
  Time since last request: 0.000023 seconds.
  path: Assets/Plugins/StarterPack2021Haziran/Sprites/GUI Mobile Hyper-Casual/Sprites/Sprites by Menu/In Game-assets/20.png
  artifactKey: Guid(ea5f2d2be15a23b4c820294413dc1cbc) Importer(815301076,1909f56bfc062723c751e8b465ee728b)
Start importing Assets/Plugins/StarterPack2021Haziran/Sprites/GUI Mobile Hyper-Casual/Sprites/Sprites by Menu/In Game-assets/20.png using Guid(ea5f2d2be15a23b4c820294413dc1cbc) Importer(815301076,1909f56bfc062723c751e8b465ee728b)  -> (artifact id: '0799ad2a7b7ac499079cf782a14ea555') in 0.041315 seconds 
========================================================================
Received Import Request.
  Time since last request: 0.000025 seconds.
  path: Assets/Plugins/StarterPack2021Haziran/Sprites/GUI Mobile Hyper-Casual/Sprites/Emojis PNG/PNG/Set Emojis-assets/7.png
  artifactKey: Guid(942c82c9c5dcd884d938cc230415eadf) Importer(815301076,1909f56bfc062723c751e8b465ee728b)
Start importing Assets/Plugins/StarterPack2021Haziran/Sprites/GUI Mobile Hyper-Casual/Sprites/Emojis PNG/PNG/Set Emojis-assets/7.png using Guid(942c82c9c5dcd884d938cc230415eadf) Importer(815301076,1909f56bfc062723c751e8b465ee728b)  -> (artifact id: '8374db8270549f3eb84fe05e782e0d63') in 0.044077 seconds 
========================================================================
Received Import Request.
  Time since last request: 0.000026 seconds.
  path: Assets/Plugins/StarterPack2021Haziran/Sprites/GUI Mobile Hyper-Casual/Sprites/Sprites by Menu/In Game-assets/1.png
  artifactKey: Guid(6e7f99d50e12d3542b04ff619594e48e) Importer(815301076,1909f56bfc062723c751e8b465ee728b)
Start importing Assets/Plugins/StarterPack2021Haziran/Sprites/GUI Mobile Hyper-Casual/Sprites/Sprites by Menu/In Game-assets/1.png using Guid(6e7f99d50e12d3542b04ff619594e48e) Importer(815301076,1909f56bfc062723c751e8b465ee728b)  -> (artifact id: 'ad5bdd7a63d5cf1a0f0a0247a460b7bc') in 0.030206 seconds 
========================================================================
Received Import Request.
  Time since last request: 0.000031 seconds.
  path: Assets/Plugins/StarterPack2021Haziran/Sprites/GUI Mobile Hyper-Casual/Sprites/Emojis PNG/PNG/Set Emojis-assets/13.png
  artifactKey: Guid(772cc855c4e679842920c9102eae9e13) Importer(815301076,1909f56bfc062723c751e8b465ee728b)
Start importing Assets/Plugins/StarterPack2021Haziran/Sprites/GUI Mobile Hyper-Casual/Sprites/Emojis PNG/PNG/Set Emojis-assets/13.png using Guid(772cc855c4e679842920c9102eae9e13) Importer(815301076,1909f56bfc062723c751e8b465ee728b)  -> (artifact id: '744434c8903431108d47f52648291be5') in 0.062495 seconds 
========================================================================
Received Import Request.
  Time since last request: 0.000026 seconds.
  path: Assets/Plugins/StarterPack2021Haziran/Sprites/GUI Mobile Hyper-Casual/Sprites/Sprites by Menu/Prize Machine-assets/3.png
  artifactKey: Guid(0a7e3b16f9c2984479ad9cb8e6919e75) Importer(815301076,1909f56bfc062723c751e8b465ee728b)
Start importing Assets/Plugins/StarterPack2021Haziran/Sprites/GUI Mobile Hyper-Casual/Sprites/Sprites by Menu/Prize Machine-assets/3.png using Guid(0a7e3b16f9c2984479ad9cb8e6919e75) Importer(815301076,1909f56bfc062723c751e8b465ee728b)  -> (artifact id: 'a2835be90372767b082c3f59707a3547') in 0.061112 seconds 
========================================================================
Received Import Request.
  Time since last request: 0.000019 seconds.
  path: Assets/Plugins/StarterPack2021Haziran/Sprites/GUI Mobile Hyper-Casual/Sprites/Items PSD + PNG/Coins/Coin/All Coins.png
  artifactKey: Guid(9c7fe71945dc538438b52e3c9e6a25f4) Importer(815301076,1909f56bfc062723c751e8b465ee728b)
Start importing Assets/Plugins/StarterPack2021Haziran/Sprites/GUI Mobile Hyper-Casual/Sprites/Items PSD + PNG/Coins/Coin/All Coins.png using Guid(9c7fe71945dc538438b52e3c9e6a25f4) Importer(815301076,1909f56bfc062723c751e8b465ee728b)  -> (artifact id: '204bc02df0c5b8e4c6fc78d4f26f332c') in 0.068325 seconds 
========================================================================
Received Import Request.
  Time since last request: 0.000044 seconds.
  path: Assets/Plugins/StarterPack2021Haziran/Sprites/GUI Mobile Hyper-Casual/Sprites/Emojis PNG/PNG/Set Emojis-assets/5.png
  artifactKey: Guid(e33f7c91dc6333a44b6ffe05afe3e844) Importer(815301076,1909f56bfc062723c751e8b465ee728b)
Start importing Assets/Plugins/StarterPack2021Haziran/Sprites/GUI Mobile Hyper-Casual/Sprites/Emojis PNG/PNG/Set Emojis-assets/5.png using Guid(e33f7c91dc6333a44b6ffe05afe3e844) Importer(815301076,1909f56bfc062723c751e8b465ee728b)  -> (artifact id: 'f62efbc75bd0ce3ef73c2f2561d67036') in 0.111543 seconds 
========================================================================
Received Import Request.
  Time since last request: 0.000037 seconds.
  path: Packages/com.unity.collab-proxy/Editor/Collaborate/Assets/Icons/back-light.png
  artifactKey: Guid(e676ab7aa99535447a763c9f88bf9260) Importer(815301076,1909f56bfc062723c751e8b465ee728b)
Start importing Packages/com.unity.collab-proxy/Editor/Collaborate/Assets/Icons/back-light.png using Guid(e676ab7aa99535447a763c9f88bf9260) Importer(815301076,1909f56bfc062723c751e8b465ee728b)  -> (artifact id: '4010871635c6b8ec813cb209bb295431') in 0.043031 seconds 
========================================================================
Received Import Request.
  Time since last request: 0.000032 seconds.
  path: Assets/FX/Demo/Textures/Skybox/1.png
  artifactKey: Guid(b9d479250e7ac0547a32dc79c6ced1de) Importer(815301076,1909f56bfc062723c751e8b465ee728b)
Start importing Assets/FX/Demo/Textures/Skybox/1.png using Guid(b9d479250e7ac0547a32dc79c6ced1de) Importer(815301076,1909f56bfc062723c751e8b465ee728b)  -> (artifact id: 'd540ba864a47c37867891f894c43215d') in 0.063277 seconds 
========================================================================
Received Import Request.
  Time since last request: 0.000034 seconds.
  path: Assets/Plugins/StarterPack2021Haziran/Sprites/GUI Mobile Hyper-Casual/Sprites/Emojis PNG/PNG/Set Emojis-assets/17.png
  artifactKey: Guid(722fdb1a8e6b2df4d8d03cd23753780e) Importer(815301076,1909f56bfc062723c751e8b465ee728b)
Start importing Assets/Plugins/StarterPack2021Haziran/Sprites/GUI Mobile Hyper-Casual/Sprites/Emojis PNG/PNG/Set Emojis-assets/17.png using Guid(722fdb1a8e6b2df4d8d03cd23753780e) Importer(815301076,1909f56bfc062723c751e8b465ee728b)  -> (artifact id: '4312d14d81ed88480d0ccd35204cfabf') in 0.089083 seconds 
========================================================================
Received Import Request.
  Time since last request: 0.000020 seconds.
  path: Assets/Plugins/StarterPack2021Haziran/Sprites/GUI Mobile Hyper-Casual/Sprites/Emojis PNG/PNG/Set Emojis-assets/9.png
  artifactKey: Guid(528d7faf90a30184cb92dede769b509a) Importer(815301076,1909f56bfc062723c751e8b465ee728b)
Start importing Assets/Plugins/StarterPack2021Haziran/Sprites/GUI Mobile Hyper-Casual/Sprites/Emojis PNG/PNG/Set Emojis-assets/9.png using Guid(528d7faf90a30184cb92dede769b509a) Importer(815301076,1909f56bfc062723c751e8b465ee728b)  -> (artifact id: 'a579e496ad7177b479783f2a0186f301') in 0.028322 seconds 
========================================================================
Received Import Request.
  Time since last request: 0.000020 seconds.
  path: Assets/Plugins/StarterPack2021Haziran/Sprites/GUI Mobile Hyper-Casual/Sprites/Additional White Icons/ArrowTop.png
  artifactKey: Guid(eda7cf208ffac514a9ed653efd11147e) Importer(815301076,1909f56bfc062723c751e8b465ee728b)
Start importing Assets/Plugins/StarterPack2021Haziran/Sprites/GUI Mobile Hyper-Casual/Sprites/Additional White Icons/ArrowTop.png using Guid(eda7cf208ffac514a9ed653efd11147e) Importer(815301076,1909f56bfc062723c751e8b465ee728b)  -> (artifact id: 'a543d400aa0e7dbdcdf818e0e73a9dd6') in 0.063511 seconds 
========================================================================
Received Import Request.
  Time since last request: 0.000021 seconds.
  path: Assets/FX/Demo/Textures/Skybox/2.png
  artifactKey: Guid(44ff503ef0db1a240b2694969d266d9a) Importer(815301076,1909f56bfc062723c751e8b465ee728b)
Start importing Assets/FX/Demo/Textures/Skybox/2.png using Guid(44ff503ef0db1a240b2694969d266d9a) Importer(815301076,1909f56bfc062723c751e8b465ee728b)  -> (artifact id: '5af8bd1e81bf933e7333bb19a8c5ee11') in 0.171502 seconds 
========================================================================
Received Import Request.
  Time since last request: 0.000025 seconds.
  path: Assets/Plugins/StarterPack2021Haziran/Sprites/GUI Mobile Hyper-Casual/Sprites/Sprites by Menu/In Game-assets/3.png
  artifactKey: Guid(587b7520636b5b542a9746bba132f975) Importer(815301076,1909f56bfc062723c751e8b465ee728b)
Start importing Assets/Plugins/StarterPack2021Haziran/Sprites/GUI Mobile Hyper-Casual/Sprites/Sprites by Menu/In Game-assets/3.png using Guid(587b7520636b5b542a9746bba132f975) Importer(815301076,1909f56bfc062723c751e8b465ee728b)  -> (artifact id: '9a1af9047e79d426fe92e44d1ac48465') in 0.588768 seconds 
========================================================================
Received Import Request.
  Time since last request: 0.000040 seconds.
  path: Assets/FX/Demo/Textures/Skybox/3.png
  artifactKey: Guid(de1b95d3444c8b145ba0dc400c9860b8) Importer(815301076,1909f56bfc062723c751e8b465ee728b)
Start importing Assets/FX/Demo/Textures/Skybox/3.png using Guid(de1b95d3444c8b145ba0dc400c9860b8) Importer(815301076,1909f56bfc062723c751e8b465ee728b)  -> (artifact id: '1dce1e1596029599c20f9d4dde7890b5') in 0.035494 seconds 
========================================================================
Received Import Request.
  Time since last request: 0.000038 seconds.
  path: Packages/com.unity.collab-proxy/Editor/Collaborate/Assets/Icons/back-light@2x.png
  artifactKey: Guid(f5c57327df0fa294c8209aa216435167) Importer(815301076,1909f56bfc062723c751e8b465ee728b)
Start importing Packages/com.unity.collab-proxy/Editor/Collaborate/Assets/Icons/back-light@2x.png using Guid(f5c57327df0fa294c8209aa216435167) Importer(815301076,1909f56bfc062723c751e8b465ee728b)  -> (artifact id: '4f222e1095d86867a3112628ccec5dcc') in 0.031928 seconds 
========================================================================
Received Import Request.
  Time since last request: 0.000023 seconds.
  path: Assets/Plugins/StarterPack2021Haziran/Sprites/GUI Mobile Hyper-Casual/Sprites/Emojis PNG/PNG/Set Emojis-assets/28.png
  artifactKey: Guid(91c260671d969284c83151b2b358b61f) Importer(815301076,1909f56bfc062723c751e8b465ee728b)
Start importing Assets/Plugins/StarterPack2021Haziran/Sprites/GUI Mobile Hyper-Casual/Sprites/Emojis PNG/PNG/Set Emojis-assets/28.png using Guid(91c260671d969284c83151b2b358b61f) Importer(815301076,1909f56bfc062723c751e8b465ee728b)  -> (artifact id: 'ecc625ea34f7ea28064e2f50df10343d') in 0.066062 seconds 
========================================================================
Received Import Request.
  Time since last request: 0.000022 seconds.
  path: Packages/com.unity.collab-proxy/Editor/Collaborate/Assets/Icons/back-dark@2x.png
  artifactKey: Guid(9c6313a5316f8a34b852bf94ff96e3ab) Importer(815301076,1909f56bfc062723c751e8b465ee728b)
Start importing Packages/com.unity.collab-proxy/Editor/Collaborate/Assets/Icons/back-dark@2x.png using Guid(9c6313a5316f8a34b852bf94ff96e3ab) Importer(815301076,1909f56bfc062723c751e8b465ee728b)  -> (artifact id: 'ada81c8339c260e6660cfa4884d48f25') in 0.063619 seconds 
========================================================================
Received Import Request.
  Time since last request: 0.000022 seconds.
  path: Assets/Plugins/StarterPack2021Haziran/Dreamteck/Splines/Editor/Icons/add_on_dark.png
  artifactKey: Guid(0fe44e4f40f01a944acc051bb6a386ff) Importer(815301076,1909f56bfc062723c751e8b465ee728b)
Start importing Assets/Plugins/StarterPack2021Haziran/Dreamteck/Splines/Editor/Icons/add_on_dark.png using Guid(0fe44e4f40f01a944acc051bb6a386ff) Importer(815301076,1909f56bfc062723c751e8b465ee728b)  -> (artifact id: '0284433f05886f629d38d029b9a5bdb5') in 0.130959 seconds 
========================================================================
Received Import Request.
  Time since last request: 0.000031 seconds.
  path: Assets/Plugins/StarterPack2021Haziran/Sprites/GUI Mobile Hyper-Casual/Sprites/Emojis PNG/PNG/Set Emojis-assets/3.png
  artifactKey: Guid(3e592f17e7832ac4395b8a9bdda63b12) Importer(815301076,1909f56bfc062723c751e8b465ee728b)
Start importing Assets/Plugins/StarterPack2021Haziran/Sprites/GUI Mobile Hyper-Casual/Sprites/Emojis PNG/PNG/Set Emojis-assets/3.png using Guid(3e592f17e7832ac4395b8a9bdda63b12) Importer(815301076,1909f56bfc062723c751e8b465ee728b)  -> (artifact id: '3b86535c36c91d0f55da4cd082c33313') in 0.065592 seconds 
========================================================================
Received Import Request.
  Time since last request: 0.000036 seconds.
  path: Assets/Plugins/StarterPack2021Haziran/Sprites/GUI Mobile Hyper-Casual/Sprites/Background/Background 4.png
  artifactKey: Guid(23d18eb25bb933a4bb05a78f7176c766) Importer(815301076,1909f56bfc062723c751e8b465ee728b)
Start importing Assets/Plugins/StarterPack2021Haziran/Sprites/GUI Mobile Hyper-Casual/Sprites/Background/Background 4.png using Guid(23d18eb25bb933a4bb05a78f7176c766) Importer(815301076,1909f56bfc062723c751e8b465ee728b)  -> (artifact id: '9df2526926c71bea0c210c305191819d') in 0.130813 seconds 
========================================================================
Received Import Request.
  Time since last request: 0.000023 seconds.
  path: Packages/com.unity.collab-proxy/Editor/Collaborate/Assets/Icons/added-file-light.png
  artifactKey: Guid(397fff6c3885f8343bb65714f0064b5d) Importer(815301076,1909f56bfc062723c751e8b465ee728b)
Start importing Packages/com.unity.collab-proxy/Editor/Collaborate/Assets/Icons/added-file-light.png using Guid(397fff6c3885f8343bb65714f0064b5d) Importer(815301076,1909f56bfc062723c751e8b465ee728b)  -> (artifact id: '43bcfd698b922885e7084765914787fe') in 0.030462 seconds 
========================================================================
Received Import Request.
  Time since last request: 0.000031 seconds.
  path: Assets/FX/Demo/Textures/Skybox/6.png
  artifactKey: Guid(f521aa7a939e70d42a5bd1122a2a15f1) Importer(815301076,1909f56bfc062723c751e8b465ee728b)
Start importing Assets/FX/Demo/Textures/Skybox/6.png using Guid(f521aa7a939e70d42a5bd1122a2a15f1) Importer(815301076,1909f56bfc062723c751e8b465ee728b)  -> (artifact id: '6b8b90f4629238859dd4c7ac69622e1e') in 0.171494 seconds 
========================================================================
Received Import Request.
  Time since last request: 0.000024 seconds.
  path: Assets/Plugins/StarterPack2021Haziran/Sprites/GUI Mobile Hyper-Casual/Sprites/Emojis PNG/PNG/Set Emojis-assets/4.png
  artifactKey: Guid(171aa5d45f4a3c6409a7be948bd8d85a) Importer(815301076,1909f56bfc062723c751e8b465ee728b)
Start importing Assets/Plugins/StarterPack2021Haziran/Sprites/GUI Mobile Hyper-Casual/Sprites/Emojis PNG/PNG/Set Emojis-assets/4.png using Guid(171aa5d45f4a3c6409a7be948bd8d85a) Importer(815301076,1909f56bfc062723c751e8b465ee728b)  -> (artifact id: 'f666ec9eead9175c82346057dfa5d5fb') in 0.262156 seconds 
========================================================================
Received Import Request.
  Time since last request: 0.000027 seconds.
  path: Assets/Plugins/StarterPack2021Haziran/Sprites/GUI Mobile Hyper-Casual/Sprites/Sprites by Menu/In Game-assets/100.png
  artifactKey: Guid(a39990909b89ea94b871688c91152102) Importer(815301076,1909f56bfc062723c751e8b465ee728b)
Start importing Assets/Plugins/StarterPack2021Haziran/Sprites/GUI Mobile Hyper-Casual/Sprites/Sprites by Menu/In Game-assets/100.png using Guid(a39990909b89ea94b871688c91152102) Importer(815301076,1909f56bfc062723c751e8b465ee728b)  -> (artifact id: 'bf37eee48ad5b8f79dd857cbf2808b05') in 0.246647 seconds 
========================================================================
Received Import Request.
  Time since last request: 0.000026 seconds.
  path: Assets/Plugins/Obi/Editor/Resources/AddControlPoint.psd
  artifactKey: Guid(6d2b606052e73408595395e402a926e1) Importer(815301076,1909f56bfc062723c751e8b465ee728b)
Start importing Assets/Plugins/Obi/Editor/Resources/AddControlPoint.psd using Guid(6d2b606052e73408595395e402a926e1) Importer(815301076,1909f56bfc062723c751e8b465ee728b)  -> (artifact id: '3bfe4dbbbae199cee59efbe643759e9e') in 0.066720 seconds 
========================================================================
Received Import Request.
  Time since last request: 0.000030 seconds.
  path: Assets/Plugins/StarterPack2021Haziran/Sprites/GUI Mobile Hyper-Casual/Sprites/Emojis PNG/PNG/Set Emojis-assets/10.png
  artifactKey: Guid(78ab9be4e91a814419d8b684be585164) Importer(815301076,1909f56bfc062723c751e8b465ee728b)
Start importing Assets/Plugins/StarterPack2021Haziran/Sprites/GUI Mobile Hyper-Casual/Sprites/Emojis PNG/PNG/Set Emojis-assets/10.png using Guid(78ab9be4e91a814419d8b684be585164) Importer(815301076,1909f56bfc062723c751e8b465ee728b)  -> (artifact id: '3b2c26449977323d52296f8717e29e28') in 0.076718 seconds 
========================================================================
Received Import Request.
  Time since last request: 0.000029 seconds.
  path: Assets/Plugins/StarterPack2021Haziran/Sprites/GUI Mobile Hyper-Casual/Sprites/Sprites by Menu/In Game-assets/5.png
  artifactKey: Guid(509f0ccaeeb9aff4ba37abd3be18e54a) Importer(815301076,1909f56bfc062723c751e8b465ee728b)
Start importing Assets/Plugins/StarterPack2021Haziran/Sprites/GUI Mobile Hyper-Casual/Sprites/Sprites by Menu/In Game-assets/5.png using Guid(509f0ccaeeb9aff4ba37abd3be18e54a) Importer(815301076,1909f56bfc062723c751e8b465ee728b)  -> (artifact id: 'b2fea7e42f109053a27dda3580c19c3a') in 0.069816 seconds 
========================================================================
Received Import Request.
  Time since last request: 0.000028 seconds.
  path: Assets/Plugins/Obi/Editor/Resources/AddTetherButton.psd
  artifactKey: Guid(c8a8952cc5f5744e88c765ee83f6a865) Importer(815301076,1909f56bfc062723c751e8b465ee728b)
Start importing Assets/Plugins/Obi/Editor/Resources/AddTetherButton.psd using Guid(c8a8952cc5f5744e88c765ee83f6a865) Importer(815301076,1909f56bfc062723c751e8b465ee728b)  -> (artifact id: 'baf306fa4b3d4ec1fa0302864695ae3f') in 0.028262 seconds 
========================================================================
Received Import Request.
  Time since last request: 0.000019 seconds.
  path: Assets/Plugins/StarterPack2021Haziran/Sprites/GUI Mobile Hyper-Casual/Sprites/Sprites by Menu/In Game-assets/10.png
  artifactKey: Guid(b1336735b3db0d04db3ada8343a29d24) Importer(815301076,1909f56bfc062723c751e8b465ee728b)
Start importing Assets/Plugins/StarterPack2021Haziran/Sprites/GUI Mobile Hyper-Casual/Sprites/Sprites by Menu/In Game-assets/10.png using Guid(b1336735b3db0d04db3ada8343a29d24) Importer(815301076,1909f56bfc062723c751e8b465ee728b)  -> (artifact id: '4172edde2806ebfaf6a8d6674e2de03b') in 0.035695 seconds 
========================================================================
Received Import Request.
  Time since last request: 0.000022 seconds.
  path: Assets/Plugins/StarterPack2021Haziran/Sprites/GUI Mobile Hyper-Casual/Sprites/Emojis PNG/PNG/Set Emojis-assets/24.png
  artifactKey: Guid(1931b36254b0c0a49962cc9f3dac3261) Importer(815301076,1909f56bfc062723c751e8b465ee728b)
Start importing Assets/Plugins/StarterPack2021Haziran/Sprites/GUI Mobile Hyper-Casual/Sprites/Emojis PNG/PNG/Set Emojis-assets/24.png using Guid(1931b36254b0c0a49962cc9f3dac3261) Importer(815301076,1909f56bfc062723c751e8b465ee728b)  -> (artifact id: 'eccaf7269f031d48bbdd34bebf0ef86f') in 0.044931 seconds 
========================================================================
Received Import Request.
  Time since last request: 0.000026 seconds.
  path: Assets/Plugins/StarterPack2021Haziran/Sprites/GUI Mobile Hyper-Casual/Sprites/Sprites by Menu/In Game-assets/2.png
  artifactKey: Guid(b4eddf7f2aa95164a9143ce5a5694b9c) Importer(815301076,1909f56bfc062723c751e8b465ee728b)
Start importing Assets/Plugins/StarterPack2021Haziran/Sprites/GUI Mobile Hyper-Casual/Sprites/Sprites by Menu/In Game-assets/2.png using Guid(b4eddf7f2aa95164a9143ce5a5694b9c) Importer(815301076,1909f56bfc062723c751e8b465ee728b)  -> (artifact id: '07c40f755a8096c4c606342ef6462762') in 0.082637 seconds 
========================================================================
Received Import Request.
  Time since last request: 0.000020 seconds.
  path: Assets/Plugins/StarterPack2021Haziran/Sprites/GUI Mobile Hyper-Casual/Sprites/Emojis PNG/PNG/Set Emojis-assets/14.png
  artifactKey: Guid(bb7d52f801f5f1e46a2e5f0e03153824) Importer(815301076,1909f56bfc062723c751e8b465ee728b)
Start importing Assets/Plugins/StarterPack2021Haziran/Sprites/GUI Mobile Hyper-Casual/Sprites/Emojis PNG/PNG/Set Emojis-assets/14.png using Guid(bb7d52f801f5f1e46a2e5f0e03153824) Importer(815301076,1909f56bfc062723c751e8b465ee728b)  -> (artifact id: '4466e65228cda48a597b1c147ff66640') in 0.050927 seconds 
========================================================================
Received Import Request.
  Time since last request: 0.000019 seconds.
  path: Assets/Plugins/StarterPack2021Haziran/Dreamteck/Splines/Editor/Icons/add_dark.png
  artifactKey: Guid(96b7dbe2cec681345a8b3f4dc38944d9) Importer(815301076,1909f56bfc062723c751e8b465ee728b)
Start importing Assets/Plugins/StarterPack2021Haziran/Dreamteck/Splines/Editor/Icons/add_dark.png using Guid(96b7dbe2cec681345a8b3f4dc38944d9) Importer(815301076,1909f56bfc062723c751e8b465ee728b)  -> (artifact id: '378177451743c46365f834b76e2e00ad') in 0.055143 seconds 
========================================================================
Received Import Request.
  Time since last request: 0.000015 seconds.
  path: Assets/Plugins/StarterPack2021Haziran/Sprites/GUI Mobile Hyper-Casual/Sprites/Sprites by Menu/In Game-assets/50.png
  artifactKey: Guid(fa100c325055c0b48b87b4d2d7961800) Importer(815301076,1909f56bfc062723c751e8b465ee728b)
Start importing Assets/Plugins/StarterPack2021Haziran/Sprites/GUI Mobile Hyper-Casual/Sprites/Sprites by Menu/In Game-assets/50.png using Guid(fa100c325055c0b48b87b4d2d7961800) Importer(815301076,1909f56bfc062723c751e8b465ee728b)  -> (artifact id: '916094a74bb7c41a9a8104144a6f0130') in 0.039482 seconds 
========================================================================
Received Import Request.
  Time since last request: 0.000021 seconds.
  path: Assets/Plugins/StarterPack2021Haziran/Dreamteck/Splines/Editor/Icons/add.png
  artifactKey: Guid(7a5d15f3cf0772b4eaea6396d1733b62) Importer(815301076,1909f56bfc062723c751e8b465ee728b)
Start importing Assets/Plugins/StarterPack2021Haziran/Dreamteck/Splines/Editor/Icons/add.png using Guid(7a5d15f3cf0772b4eaea6396d1733b62) Importer(815301076,1909f56bfc062723c751e8b465ee728b)  -> (artifact id: '10bc1e778036038812b1c1bd6d7c052d') in 0.068513 seconds 
========================================================================
Received Import Request.
  Time since last request: 0.000032 seconds.
  path: Assets/Plugins/StarterPack2021Haziran/Sprites/GUI Mobile Hyper-Casual/Sprites/Emojis PNG/PNG/Set Emojis-assets/8.png
  artifactKey: Guid(3007b5f2906c0b142bd744601ac085e0) Importer(815301076,1909f56bfc062723c751e8b465ee728b)
Start importing Assets/Plugins/StarterPack2021Haziran/Sprites/GUI Mobile Hyper-Casual/Sprites/Emojis PNG/PNG/Set Emojis-assets/8.png using Guid(3007b5f2906c0b142bd744601ac085e0) Importer(815301076,1909f56bfc062723c751e8b465ee728b)  -> (artifact id: 'beedcc44304fba6d7476fd283c0f0bd6') in 0.121158 seconds 
========================================================================
Received Import Request.
  Time since last request: 0.000035 seconds.
  path: Packages/com.unity.collab-proxy/Editor/Collaborate/Assets/Icons/back-dark.png
  artifactKey: Guid(8e3ec2dfd58b79842aa78376678a9a05) Importer(815301076,1909f56bfc062723c751e8b465ee728b)
Start importing Packages/com.unity.collab-proxy/Editor/Collaborate/Assets/Icons/back-dark.png using Guid(8e3ec2dfd58b79842aa78376678a9a05) Importer(815301076,1909f56bfc062723c751e8b465ee728b)  -> (artifact id: 'a6756c391f9d60b77864ef873c5b4f9f') in 0.306076 seconds 
========================================================================
Received Import Request.
  Time since last request: 0.000023 seconds.
  path: Assets/FX/Textures/aura_punch.png
  artifactKey: Guid(dc459e47586770b49b1aa54a5bd66f68) Importer(815301076,1909f56bfc062723c751e8b465ee728b)
Start importing Assets/FX/Textures/aura_punch.png using Guid(dc459e47586770b49b1aa54a5bd66f68) Importer(815301076,1909f56bfc062723c751e8b465ee728b)  -> (artifact id: '2a00f66e267fed34eebec64172bf49c1') in 0.120843 seconds 
========================================================================
Received Import Request.
  Time since last request: 0.000020 seconds.
  path: Packages/com.unity.collab-proxy/Editor/Collaborate/Assets/Icons/added-file-dark.png
  artifactKey: Guid(1a4f52b613391cd449af3ad2e44affeb) Importer(815301076,1909f56bfc062723c751e8b465ee728b)
Start importing Packages/com.unity.collab-proxy/Editor/Collaborate/Assets/Icons/added-file-dark.png using Guid(1a4f52b613391cd449af3ad2e44affeb) Importer(815301076,1909f56bfc062723c751e8b465ee728b)  -> (artifact id: '0fa69aaa28f624d131403c0573ee223e') in 0.055860 seconds 
========================================================================
Received Import Request.
  Time since last request: 0.000020 seconds.
  path: Assets/Plugins/StarterPack2021Haziran/Sprites/GUI Mobile Hyper-Casual/Sprites/Emojis PNG/PNG/Set Emojis-assets/27.png
  artifactKey: Guid(2eb036ac65324ef4386da6b0f6ac4d80) Importer(815301076,1909f56bfc062723c751e8b465ee728b)
Start importing Assets/Plugins/StarterPack2021Haziran/Sprites/GUI Mobile Hyper-Casual/Sprites/Emojis PNG/PNG/Set Emojis-assets/27.png using Guid(2eb036ac65324ef4386da6b0f6ac4d80) Importer(815301076,1909f56bfc062723c751e8b465ee728b)  -> (artifact id: 'c66f86df315c40ae019183fb5f8456a5') in 0.092602 seconds 
========================================================================
Received Import Request.
  Time since last request: 0.000022 seconds.
  path: Assets/Plugins/StarterPack2021Haziran/Sprites/GUI Mobile Hyper-Casual/Sprites/Sprites by Menu/Win-assets/Background Blue.png
  artifactKey: Guid(b842f9fd3d63f4d40a7d697b555236b1) Importer(815301076,1909f56bfc062723c751e8b465ee728b)
Start importing Assets/Plugins/StarterPack2021Haziran/Sprites/GUI Mobile Hyper-Casual/Sprites/Sprites by Menu/Win-assets/Background Blue.png using Guid(b842f9fd3d63f4d40a7d697b555236b1) Importer(815301076,1909f56bfc062723c751e8b465ee728b)  -> (artifact id: '8766a4c804274e7494cd88fef7de0a32') in 0.082484 seconds 
========================================================================
Received Import Request.
  Time since last request: 0.000022 seconds.
  path: Assets/Plugins/StarterPack2021Haziran/Sprites/GUI Mobile Hyper-Casual/Sprites/Emojis PNG/PNG/Set Emojis-assets/18.png
  artifactKey: Guid(e8da05e345c54ba43a3dcf2ff4c865bc) Importer(815301076,1909f56bfc062723c751e8b465ee728b)
Start importing Assets/Plugins/StarterPack2021Haziran/Sprites/GUI Mobile Hyper-Casual/Sprites/Emojis PNG/PNG/Set Emojis-assets/18.png using Guid(e8da05e345c54ba43a3dcf2ff4c865bc) Importer(815301076,1909f56bfc062723c751e8b465ee728b)  -> (artifact id: '142140a265472931dcf42bcd21ab361b') in 0.169066 seconds 
========================================================================
Received Import Request.
  Time since last request: 79.061946 seconds.
  path: Assets/Plugins/Banana Yellow Games/Characters/Banana Man/Banana Man.fbx
  artifactKey: Guid(81bb9eea30387e442899949a80011e55) Importer(815301076,1909f56bfc062723c751e8b465ee728b)
Start importing Assets/Plugins/Banana Yellow Games/Characters/Banana Man/Banana Man.fbx using Guid(81bb9eea30387e442899949a80011e55) Importer(815301076,1909f56bfc062723c751e8b465ee728b)  -> (artifact id: '17da4ba0bdeaf44e302cc940f6b5acff') in 0.038082 seconds 
========================================================================
Received Import Request.
  Time since last request: 110.377615 seconds.
  path: Assets/Plugins/Banana Yellow Games/Characters/Banana Man/Banana Man.fbx
  artifactKey: Guid(81bb9eea30387e442899949a80011e55) Importer(815301076,1909f56bfc062723c751e8b465ee728b)
Start importing Assets/Plugins/Banana Yellow Games/Characters/Banana Man/Banana Man.fbx using Guid(81bb9eea30387e442899949a80011e55) Importer(815301076,1909f56bfc062723c751e8b465ee728b)  -> (artifact id: '59b6ac821b6f3ee64c4c61f15c5c4542') in 0.045534 seconds 
========================================================================
Received Import Request.
  Time since last request: 4.659560 seconds.
  path: Assets/Plugins/Banana Yellow Games/Characters/Banana Man/Banana Man.fbx
  artifactKey: Guid(81bb9eea30387e442899949a80011e55) Importer(815301076,1909f56bfc062723c751e8b465ee728b)
Start importing Assets/Plugins/Banana Yellow Games/Characters/Banana Man/Banana Man.fbx using Guid(81bb9eea30387e442899949a80011e55) Importer(815301076,1909f56bfc062723c751e8b465ee728b)  -> (artifact id: '7d96aa8f49bfefe9515bd71f6279e0bd') in 0.046868 seconds 
========================================================================
Received Prepare
Registering precompiled user dll's ...
Registered in 0.003542 seconds.
Begin MonoManager ReloadAssembly
Native extension for WindowsStandalone target not found
Native extension for iOS target not found
Native extension for Android target not found
Native extension for WebGL target not found
Refreshing native plugins compatible for Editor in 1.26 ms, found 3 plugins.
Preloading 0 native plugins for Editor in 0.00 ms.
Mono: successfully reloaded assembly
- Completed reload, in  1.348 seconds
Domain Reload Profiling:
	ReloadAssembly (1349ms)
		BeginReloadAssembly (160ms)
			ExecutionOrderSort (0ms)
			DisableScriptedObjects (6ms)
			BackupInstance (0ms)
			ReleaseScriptingObjects (0ms)
			CreateAndSetChildDomain (48ms)
		EndReloadAssembly (1070ms)
			LoadAssemblies (91ms)
			RebuildTransferFunctionScriptingTraits (0ms)
			SetupTypeCache (288ms)
			ReleaseScriptCaches (2ms)
			RebuildScriptCaches (74ms)
			SetupLoadedEditorAssemblies (546ms)
				LogAssemblyErrors (0ms)
				InitializePlatformSupportModulesInManaged (40ms)
				SetLoadedEditorAssemblies (1ms)
				RefreshPlugins (1ms)
				BeforeProcessingInitializeOnLoad (72ms)
				ProcessInitializeOnLoadAttributes (391ms)
				ProcessInitializeOnLoadMethodAttributes (38ms)
				AfterProcessingInitializeOnLoad (4ms)
				EditorAssembliesLoaded (0ms)
			ExecutionOrderSort2 (0ms)
			AwakeInstancesAfterBackupRestoration (8ms)
Platform modules already initialized, skipping
Refreshing native plugins compatible for Editor in 5.87 ms, found 3 plugins.
Preloading 0 native plugins for Editor in 0.00 ms.
Unloading 2579 Unused Serialized files (Serialized files now loaded: 0)
Unloading 36 unused Assets / (185.3 KB). Loaded Objects now: 3200.
Memory consumption went from 122.5 MB to 122.3 MB.
Total: 6.712800 ms (FindLiveObjects: 0.242100 ms CreateObjectMapping: 0.251500 ms MarkObjects: 6.089800 ms  DeleteObjects: 0.128000 ms)

AssetImportParameters requested are different than current active one (requested -> active):
  custom:video-decoder-ogg-theora: a1e56fd34408186e4bbccfd4996cb3dc -> 
  custom:container-muxer-webm: aa71ff27fc2769a1b78a27578f13a17b -> 
  custom:container-demuxer-webm: 4f35f7cbe854078d1ac9338744f61a02 -> 
  custom:video-encoder-webm-vp8: eb34c28f22e8b96e1ab97ce403110664 -> 
  custom:audio-encoder-webm-vorbis: bf7c407c2cedff20999df2af8eb42d56 -> 
  custom:framework-win-MediaFoundation: 216162199b28c13a410421893ffa2e32 -> 
  custom:container-demuxer-ogg: 62fdf1f143b41e24485cea50d1cbac27 -> 
  custom:video-decoder-webm-vp8: 9c59270c3fd7afecdb556c50c9e8de78 -> 
  custom:audio-decoder-ogg-vorbis: bf7c407c2cedff20999df2af8eb42d56 -> 
========================================================================
Received Import Request.
  Time since last request: 719.425658 seconds.
  path: Assets/Animations/EnemyAnimatorController.controller
  artifactKey: Guid(8a384e13ea96e024d95b7549249fa615) Importer(815301076,1909f56bfc062723c751e8b465ee728b)
Start importing Assets/Animations/EnemyAnimatorController.controller using Guid(8a384e13ea96e024d95b7549249fa615) Importer(815301076,1909f56bfc062723c751e8b465ee728b)  -> (artifact id: '82d0440d2b56adbb5ad7d450c06987f1') in 0.031768 seconds 
========================================================================
Received Import Request.
  Time since last request: 0.460977 seconds.
  path: Assets/Animations/PlayerAnimatorController.controller
  artifactKey: Guid(d7191c3b5d814f545959e34ae6747407) Importer(815301076,1909f56bfc062723c751e8b465ee728b)
Start importing Assets/Animations/PlayerAnimatorController.controller using Guid(d7191c3b5d814f545959e34ae6747407) Importer(815301076,1909f56bfc062723c751e8b465ee728b)  -> (artifact id: '0b4b4408f72b98f32041cc043aeff069') in 0.045941 seconds 
========================================================================
Received Prepare
Registering precompiled user dll's ...
Registered in 0.010656 seconds.
Begin MonoManager ReloadAssembly
Native extension for WindowsStandalone target not found
Native extension for iOS target not found
Native extension for Android target not found
Native extension for WebGL target not found
Refreshing native plugins compatible for Editor in 1.38 ms, found 3 plugins.
Preloading 0 native plugins for Editor in 0.00 ms.
Mono: successfully reloaded assembly
- Completed reload, in  1.529 seconds
Domain Reload Profiling:
	ReloadAssembly (1531ms)
		BeginReloadAssembly (144ms)
			ExecutionOrderSort (0ms)
			DisableScriptedObjects (10ms)
			BackupInstance (0ms)
			ReleaseScriptingObjects (0ms)
			CreateAndSetChildDomain (42ms)
		EndReloadAssembly (1273ms)
			LoadAssemblies (87ms)
			RebuildTransferFunctionScriptingTraits (0ms)
			SetupTypeCache (353ms)
			ReleaseScriptCaches (1ms)
			RebuildScriptCaches (267ms)
			SetupLoadedEditorAssemblies (474ms)
				LogAssemblyErrors (0ms)
				InitializePlatformSupportModulesInManaged (54ms)
				SetLoadedEditorAssemblies (1ms)
				RefreshPlugins (1ms)
				BeforeProcessingInitializeOnLoad (82ms)
				ProcessInitializeOnLoadAttributes (297ms)
				ProcessInitializeOnLoadMethodAttributes (36ms)
				AfterProcessingInitializeOnLoad (2ms)
				EditorAssembliesLoaded (0ms)
			ExecutionOrderSort2 (0ms)
			AwakeInstancesAfterBackupRestoration (7ms)
Platform modules already initialized, skipping
Refreshing native plugins compatible for Editor in 3.43 ms, found 3 plugins.
Preloading 0 native plugins for Editor in 0.00 ms.
Unloading 2579 Unused Serialized files (Serialized files now loaded: 0)
Unloading 36 unused Assets / (185.0 KB). Loaded Objects now: 3215.
Memory consumption went from 122.5 MB to 122.3 MB.
Total: 3.160500 ms (FindLiveObjects: 0.219200 ms CreateObjectMapping: 0.178200 ms MarkObjects: 2.571500 ms  DeleteObjects: 0.189700 ms)

AssetImportParameters requested are different than current active one (requested -> active):
  custom:video-decoder-ogg-theora: a1e56fd34408186e4bbccfd4996cb3dc -> 
  custom:container-muxer-webm: aa71ff27fc2769a1b78a27578f13a17b -> 
  custom:container-demuxer-webm: 4f35f7cbe854078d1ac9338744f61a02 -> 
  custom:video-encoder-webm-vp8: eb34c28f22e8b96e1ab97ce403110664 -> 
  custom:audio-encoder-webm-vorbis: bf7c407c2cedff20999df2af8eb42d56 -> 
  custom:framework-win-MediaFoundation: 216162199b28c13a410421893ffa2e32 -> 
  custom:container-demuxer-ogg: 62fdf1f143b41e24485cea50d1cbac27 -> 
  custom:video-decoder-webm-vp8: 9c59270c3fd7afecdb556c50c9e8de78 -> 
  custom:audio-decoder-ogg-vorbis: bf7c407c2cedff20999df2af8eb42d56 -> 
========================================================================
Received Prepare
Registering precompiled user dll's ...
Registered in 0.002906 seconds.
Begin MonoManager ReloadAssembly
Native extension for WindowsStandalone target not found
Native extension for iOS target not found
Native extension for Android target not found
Native extension for WebGL target not found
Refreshing native plugins compatible for Editor in 1.18 ms, found 3 plugins.
Preloading 0 native plugins for Editor in 0.00 ms.
Mono: successfully reloaded assembly
- Completed reload, in  1.130 seconds
Domain Reload Profiling:
	ReloadAssembly (1131ms)
		BeginReloadAssembly (138ms)
			ExecutionOrderSort (0ms)
			DisableScriptedObjects (7ms)
			BackupInstance (0ms)
			ReleaseScriptingObjects (0ms)
			CreateAndSetChildDomain (39ms)
		EndReloadAssembly (893ms)
			LoadAssemblies (83ms)
			RebuildTransferFunctionScriptingTraits (0ms)
			SetupTypeCache (247ms)
			ReleaseScriptCaches (1ms)
			RebuildScriptCaches (62ms)
			SetupLoadedEditorAssemblies (442ms)
				LogAssemblyErrors (0ms)
				InitializePlatformSupportModulesInManaged (34ms)
				SetLoadedEditorAssemblies (1ms)
				RefreshPlugins (1ms)
				BeforeProcessingInitializeOnLoad (55ms)
				ProcessInitializeOnLoadAttributes (300ms)
				ProcessInitializeOnLoadMethodAttributes (49ms)
				AfterProcessingInitializeOnLoad (2ms)
				EditorAssembliesLoaded (0ms)
			ExecutionOrderSort2 (0ms)
			AwakeInstancesAfterBackupRestoration (6ms)
Platform modules already initialized, skipping
Refreshing native plugins compatible for Editor in 3.93 ms, found 3 plugins.
Preloading 0 native plugins for Editor in 0.00 ms.
Unloading 2579 Unused Serialized files (Serialized files now loaded: 0)
Unloading 36 unused Assets / (185.4 KB). Loaded Objects now: 3230.
Memory consumption went from 122.5 MB to 122.3 MB.
Total: 3.944500 ms (FindLiveObjects: 0.360700 ms CreateObjectMapping: 1.033100 ms MarkObjects: 2.405600 ms  DeleteObjects: 0.143900 ms)

AssetImportParameters requested are different than current active one (requested -> active):
  custom:video-decoder-ogg-theora: a1e56fd34408186e4bbccfd4996cb3dc -> 
  custom:container-muxer-webm: aa71ff27fc2769a1b78a27578f13a17b -> 
  custom:container-demuxer-webm: 4f35f7cbe854078d1ac9338744f61a02 -> 
  custom:video-encoder-webm-vp8: eb34c28f22e8b96e1ab97ce403110664 -> 
  custom:audio-encoder-webm-vorbis: bf7c407c2cedff20999df2af8eb42d56 -> 
  custom:framework-win-MediaFoundation: 216162199b28c13a410421893ffa2e32 -> 
  custom:container-demuxer-ogg: 62fdf1f143b41e24485cea50d1cbac27 -> 
  custom:video-decoder-webm-vp8: 9c59270c3fd7afecdb556c50c9e8de78 -> 
  custom:audio-decoder-ogg-vorbis: bf7c407c2cedff20999df2af8eb42d56 -> 
========================================================================
Received Import Request.
  Time since last request: 173.523985 seconds.
  path: Assets/Fonts/3DLilitaOne-Regular SDF 1.asset
  artifactKey: Guid(357c66351b88b0a449a88f63ac1d09a2) Importer(815301076,1909f56bfc062723c751e8b465ee728b)
Start importing Assets/Fonts/3DLilitaOne-Regular SDF 1.asset using Guid(357c66351b88b0a449a88f63ac1d09a2) Importer(815301076,1909f56bfc062723c751e8b465ee728b)  -> (artifact id: 'c38552e97161b98d203702d96b030feb') in 0.154655 seconds 
========================================================================
Received Import Request.
  Time since last request: 0.973479 seconds.
  path: Assets/Fonts/2DLilitaOne-Regular SDF.asset
  artifactKey: Guid(152ceb93d800be0459f05d2c3e0e19aa) Importer(815301076,1909f56bfc062723c751e8b465ee728b)
Start importing Assets/Fonts/2DLilitaOne-Regular SDF.asset using Guid(152ceb93d800be0459f05d2c3e0e19aa) Importer(815301076,1909f56bfc062723c751e8b465ee728b)  -> (artifact id: 'f169ab3c27182b70efa8c39aff0d2b2c') in 0.040701 seconds 
========================================================================
Received Prepare
Registering precompiled user dll's ...
Registered in 0.003226 seconds.
Begin MonoManager ReloadAssembly
Native extension for WindowsStandalone target not found
Native extension for iOS target not found
Native extension for Android target not found
Native extension for WebGL target not found
Refreshing native plugins compatible for Editor in 1.17 ms, found 3 plugins.
Preloading 0 native plugins for Editor in 0.00 ms.
Mono: successfully reloaded assembly
- Completed reload, in  1.082 seconds
Domain Reload Profiling:
	ReloadAssembly (1082ms)
		BeginReloadAssembly (139ms)
			ExecutionOrderSort (0ms)
			DisableScriptedObjects (5ms)
			BackupInstance (0ms)
			ReleaseScriptingObjects (0ms)
			CreateAndSetChildDomain (44ms)
		EndReloadAssembly (846ms)
			LoadAssemblies (78ms)
			RebuildTransferFunctionScriptingTraits (0ms)
			SetupTypeCache (248ms)
			ReleaseScriptCaches (1ms)
			RebuildScriptCaches (58ms)
			SetupLoadedEditorAssemblies (411ms)
				LogAssemblyErrors (0ms)
				InitializePlatformSupportModulesInManaged (40ms)
				SetLoadedEditorAssemblies (1ms)
				RefreshPlugins (1ms)
				BeforeProcessingInitializeOnLoad (52ms)
				ProcessInitializeOnLoadAttributes (281ms)
				ProcessInitializeOnLoadMethodAttributes (33ms)
				AfterProcessingInitializeOnLoad (2ms)
				EditorAssembliesLoaded (0ms)
			ExecutionOrderSort2 (0ms)
			AwakeInstancesAfterBackupRestoration (7ms)
Platform modules already initialized, skipping
Refreshing native plugins compatible for Editor in 3.30 ms, found 3 plugins.
Preloading 0 native plugins for Editor in 0.00 ms.
Unloading 2579 Unused Serialized files (Serialized files now loaded: 0)
Unloading 36 unused Assets / (185.3 KB). Loaded Objects now: 3247.
Memory consumption went from 122.5 MB to 122.3 MB.
Total: 3.093500 ms (FindLiveObjects: 0.229500 ms CreateObjectMapping: 0.132500 ms MarkObjects: 2.448700 ms  DeleteObjects: 0.281600 ms)

AssetImportParameters requested are different than current active one (requested -> active):
  custom:video-decoder-ogg-theora: a1e56fd34408186e4bbccfd4996cb3dc -> 
  custom:container-muxer-webm: aa71ff27fc2769a1b78a27578f13a17b -> 
  custom:container-demuxer-webm: 4f35f7cbe854078d1ac9338744f61a02 -> 
  custom:video-encoder-webm-vp8: eb34c28f22e8b96e1ab97ce403110664 -> 
  custom:audio-encoder-webm-vorbis: bf7c407c2cedff20999df2af8eb42d56 -> 
  custom:framework-win-MediaFoundation: 216162199b28c13a410421893ffa2e32 -> 
  custom:container-demuxer-ogg: 62fdf1f143b41e24485cea50d1cbac27 -> 
  custom:video-decoder-webm-vp8: 9c59270c3fd7afecdb556c50c9e8de78 -> 
  custom:audio-decoder-ogg-vorbis: bf7c407c2cedff20999df2af8eb42d56 -> 
========================================================================
Received Import Request.
  Time since last request: 233.542158 seconds.
  path: Assets/Fonts
  artifactKey: Guid(590383a776e63d14d881afcf830dcf26) Importer(815301076,1909f56bfc062723c751e8b465ee728b)
Start importing Assets/Fonts using Guid(590383a776e63d14d881afcf830dcf26) Importer(815301076,1909f56bfc062723c751e8b465ee728b)  -> (artifact id: '042f56d6c8da0257bd877d410a446c40') in 0.003992 seconds 
========================================================================
Received Import Request.
  Time since last request: 190.597268 seconds.
  path: Assets/Plugins/NaughtyAttributes
  artifactKey: Guid(9f568f78257380d4491f3da9d55e7493) Importer(815301076,1909f56bfc062723c751e8b465ee728b)
Start importing Assets/Plugins/NaughtyAttributes using Guid(9f568f78257380d4491f3da9d55e7493) Importer(815301076,1909f56bfc062723c751e8b465ee728b)  -> (artifact id: '6e18d17678e7e93afcf8b73b6366a870') in 0.000921 seconds 
========================================================================
Received Import Request.
  Time since last request: 37.126470 seconds.
  path: Assets/Plugins/StarterPack2021Haziran/Dreamteck
  artifactKey: Guid(fcc9737a324bae14f9f55a618da5e4c6) Importer(815301076,1909f56bfc062723c751e8b465ee728b)
Start importing Assets/Plugins/StarterPack2021Haziran/Dreamteck using Guid(fcc9737a324bae14f9f55a618da5e4c6) Importer(815301076,1909f56bfc062723c751e8b465ee728b)  -> (artifact id: 'a7427e3354f124f3561a48bd1c45a6fc') in 0.000976 seconds 
========================================================================
Received Import Request.
  Time since last request: 83.239691 seconds.
  path: Assets/Plugins/StarterPack2021Haziran/Dreamteck/Splines
  artifactKey: Guid(866c3652f7eea9344891cd280b38c098) Importer(815301076,1909f56bfc062723c751e8b465ee728b)
Start importing Assets/Plugins/StarterPack2021Haziran/Dreamteck/Splines using Guid(866c3652f7eea9344891cd280b38c098) Importer(815301076,1909f56bfc062723c751e8b465ee728b)  -> (artifact id: '2da6b4a4a2950342959b960d1d62762a') in 0.001344 seconds 
========================================================================
Received Import Request.
  Time since last request: 3.698772 seconds.
  path: Assets/Plugins/StarterPack2021Haziran/Font/LilitaOne-Regular.ttf
  artifactKey: Guid(186e00d7b52d14b708dec554c064717c) Importer(815301076,1909f56bfc062723c751e8b465ee728b)
Start importing Assets/Plugins/StarterPack2021Haziran/Font/LilitaOne-Regular.ttf using Guid(186e00d7b52d14b708dec554c064717c) Importer(815301076,1909f56bfc062723c751e8b465ee728b)  -> (artifact id: '38ccdf083d8e2dd5c4801e5397da4d20') in 0.105951 seconds 
========================================================================
Received Import Request.
  Time since last request: 0.701130 seconds.
  path: Assets/Plugins/StarterPack2021Haziran/Font/LilitaOne-Regular SDF.asset
  artifactKey: Guid(643f8bef719d1475f9cd7017f0b6d250) Importer(815301076,1909f56bfc062723c751e8b465ee728b)
Start importing Assets/Plugins/StarterPack2021Haziran/Font/LilitaOne-Regular SDF.asset using Guid(643f8bef719d1475f9cd7017f0b6d250) Importer(815301076,1909f56bfc062723c751e8b465ee728b)  -> (artifact id: 'd37468c9bdc3f22010647c7dc12723d3') in 0.037064 seconds 
========================================================================
Received Import Request.
  Time since last request: 3.617911 seconds.
  path: Assets/Plugins/StarterPack2021Haziran/GradientBackground/Scripts
  artifactKey: Guid(5fbb79bc337e244fa9d8d715a7b6cdc3) Importer(815301076,1909f56bfc062723c751e8b465ee728b)
Start importing Assets/Plugins/StarterPack2021Haziran/GradientBackground/Scripts using Guid(5fbb79bc337e244fa9d8d715a7b6cdc3) Importer(815301076,1909f56bfc062723c751e8b465ee728b)  -> (artifact id: 'a81e7082184bc105af7d33c62981ef36') in 0.020216 seconds 
========================================================================
Received Import Request.
  Time since last request: 2.690586 seconds.
  path: Assets/Plugins/StarterPack2021Haziran/GradientBackground/Shaders
  artifactKey: Guid(cf6903d5dfc8140abb8daa82a48ec2ac) Importer(815301076,1909f56bfc062723c751e8b465ee728b)
Start importing Assets/Plugins/StarterPack2021Haziran/GradientBackground/Shaders using Guid(cf6903d5dfc8140abb8daa82a48ec2ac) Importer(815301076,1909f56bfc062723c751e8b465ee728b)  -> (artifact id: 'c90c4404228250f1f453bca0ebf06bd2') in 0.001015 seconds 
========================================================================
Received Import Request.
  Time since last request: 1.532743 seconds.
  path: Assets/Plugins/StarterPack2021Haziran/GradientBackground/Scripts/GradientBackground.cs
  artifactKey: Guid(681fd903e4a2d4b918079b0d8e3b81cc) Importer(815301076,1909f56bfc062723c751e8b465ee728b)
Start importing Assets/Plugins/StarterPack2021Haziran/GradientBackground/Scripts/GradientBackground.cs using Guid(681fd903e4a2d4b918079b0d8e3b81cc) Importer(815301076,1909f56bfc062723c751e8b465ee728b)  -> (artifact id: 'ab6fdc7ba00f9463d4f6e41cde3bb72b') in 0.010141 seconds 
========================================================================
Received Import Request.
  Time since last request: 6.709924 seconds.
  path: Assets/Plugins/StarterPack2021Haziran/GradientBackground
  artifactKey: Guid(a110166aa5806ea4d8dd7eec4050c721) Importer(815301076,1909f56bfc062723c751e8b465ee728b)
Start importing Assets/Plugins/StarterPack2021Haziran/GradientBackground using Guid(a110166aa5806ea4d8dd7eec4050c721) Importer(815301076,1909f56bfc062723c751e8b465ee728b)  -> (artifact id: 'aaf8b9b76af24a1aeafb11dec1ddb75d') in 0.025528 seconds 
========================================================================
Received Prepare
Registering precompiled user dll's ...
Registered in 0.003600 seconds.
Begin MonoManager ReloadAssembly
Native extension for WindowsStandalone target not found
Native extension for iOS target not found
Native extension for Android target not found
Native extension for WebGL target not found
Refreshing native plugins compatible for Editor in 1.37 ms, found 3 plugins.
Preloading 0 native plugins for Editor in 0.00 ms.
Mono: successfully reloaded assembly
- Completed reload, in  1.150 seconds
Domain Reload Profiling:
	ReloadAssembly (1151ms)
		BeginReloadAssembly (159ms)
			ExecutionOrderSort (0ms)
			DisableScriptedObjects (7ms)
			BackupInstance (0ms)
			ReleaseScriptingObjects (0ms)
			CreateAndSetChildDomain (56ms)
		EndReloadAssembly (880ms)
			LoadAssemblies (89ms)
			RebuildTransferFunctionScriptingTraits (0ms)
			SetupTypeCache (245ms)
			ReleaseScriptCaches (1ms)
			RebuildScriptCaches (60ms)
			SetupLoadedEditorAssemblies (423ms)
				LogAssemblyErrors (0ms)
				InitializePlatformSupportModulesInManaged (46ms)
				SetLoadedEditorAssemblies (1ms)
				RefreshPlugins (1ms)
				BeforeProcessingInitializeOnLoad (56ms)
				ProcessInitializeOnLoadAttributes (282ms)
				ProcessInitializeOnLoadMethodAttributes (34ms)
				AfterProcessingInitializeOnLoad (3ms)
				EditorAssembliesLoaded (0ms)
			ExecutionOrderSort2 (0ms)
			AwakeInstancesAfterBackupRestoration (5ms)
Platform modules already initialized, skipping
Refreshing native plugins compatible for Editor in 3.57 ms, found 3 plugins.
Preloading 0 native plugins for Editor in 0.00 ms.
Unloading 2579 Unused Serialized files (Serialized files now loaded: 0)
Unloading 36 unused Assets / (185.2 KB). Loaded Objects now: 3264.
Memory consumption went from 122.6 MB to 122.4 MB.
Total: 3.547700 ms (FindLiveObjects: 0.234200 ms CreateObjectMapping: 0.125100 ms MarkObjects: 3.019900 ms  DeleteObjects: 0.167000 ms)

AssetImportParameters requested are different than current active one (requested -> active):
  custom:video-decoder-ogg-theora: a1e56fd34408186e4bbccfd4996cb3dc -> 
  custom:container-muxer-webm: aa71ff27fc2769a1b78a27578f13a17b -> 
  custom:container-demuxer-webm: 4f35f7cbe854078d1ac9338744f61a02 -> 
  custom:video-encoder-webm-vp8: eb34c28f22e8b96e1ab97ce403110664 -> 
  custom:audio-encoder-webm-vorbis: bf7c407c2cedff20999df2af8eb42d56 -> 
  custom:framework-win-MediaFoundation: 216162199b28c13a410421893ffa2e32 -> 
  custom:container-demuxer-ogg: 62fdf1f143b41e24485cea50d1cbac27 -> 
  custom:video-decoder-webm-vp8: 9c59270c3fd7afecdb556c50c9e8de78 -> 
  custom:audio-decoder-ogg-vorbis: bf7c407c2cedff20999df2af8eb42d56 -> 
========================================================================
Received Import Request.
  Time since last request: 24.103653 seconds.
  path: Assets/Plugins/StarterPack2021Haziran/Materials
  artifactKey: Guid(cc59383d8b26100469a84fc9ed441892) Importer(815301076,1909f56bfc062723c751e8b465ee728b)
Start importing Assets/Plugins/StarterPack2021Haziran/Materials using Guid(cc59383d8b26100469a84fc9ed441892) Importer(815301076,1909f56bfc062723c751e8b465ee728b)  -> (artifact id: '9488d3fb4d5e6abfdc808a743c048bd4') in 0.004293 seconds 
========================================================================
Received Import Request.
  Time since last request: 4.922322 seconds.
  path: Assets/Plugins/StarterPack2021Haziran/Prefabs/WinFailPanel.prefab
  artifactKey: Guid(563063e7eddf347f8bbb015c1f349d4d) Importer(815301076,1909f56bfc062723c751e8b465ee728b)
Start importing Assets/Plugins/StarterPack2021Haziran/Prefabs/WinFailPanel.prefab using Guid(563063e7eddf347f8bbb015c1f349d4d) Importer(815301076,1909f56bfc062723c751e8b465ee728b)  -> (artifact id: '5b95ac5f2aa58f211f513dc2d3c6c446') in 0.062879 seconds 
========================================================================
Received Import Request.
  Time since last request: 19.874485 seconds.
  path: Assets/Plugins/HyperCasual - SimpleTallCharacters2/Prefabs
  artifactKey: Guid(e557f9ff28a101b45911dfe9787bd9bf) Importer(815301076,1909f56bfc062723c751e8b465ee728b)
Start importing Assets/Plugins/HyperCasual - SimpleTallCharacters2/Prefabs using Guid(e557f9ff28a101b45911dfe9787bd9bf) Importer(815301076,1909f56bfc062723c751e8b465ee728b)  -> (artifact id: 'e1c96f00c3b7a775195981698c0cde40') in 0.024073 seconds 
========================================================================
Received Import Request.
  Time since last request: 74.977626 seconds.
  path: Assets/Plugins/HyperCasual - SimpleTallCharacters2/Scenes
  artifactKey: Guid(af860baca3b42b34d98055b4816e5d70) Importer(815301076,1909f56bfc062723c751e8b465ee728b)
Start importing Assets/Plugins/HyperCasual - SimpleTallCharacters2/Scenes using Guid(af860baca3b42b34d98055b4816e5d70) Importer(815301076,1909f56bfc062723c751e8b465ee728b)  -> (artifact id: '5e7ba7edce0568fe9e84662bfb573f6f') in 0.000919 seconds 
========================================================================
Received Import Request.
  Time since last request: 37.179254 seconds.
  path: Assets/Plugins/HyperCasual - SimpleTallCharacters2/Models
  artifactKey: Guid(92964ad39a7c5204ba9b00d4e6a595df) Importer(815301076,1909f56bfc062723c751e8b465ee728b)
Start importing Assets/Plugins/HyperCasual - SimpleTallCharacters2/Models using Guid(92964ad39a7c5204ba9b00d4e6a595df) Importer(815301076,1909f56bfc062723c751e8b465ee728b)  -> (artifact id: 'f0a07ef63329d3af3a1a44415301b1b6') in 0.032145 seconds 
========================================================================
Received Prepare
Registering precompiled user dll's ...
Registered in 0.004117 seconds.
Begin MonoManager ReloadAssembly
Native extension for WindowsStandalone target not found
Native extension for iOS target not found
Native extension for Android target not found
Native extension for WebGL target not found
Refreshing native plugins compatible for Editor in 0.88 ms, found 3 plugins.
Preloading 0 native plugins for Editor in 0.00 ms.
Mono: successfully reloaded assembly
- Completed reload, in  1.143 seconds
Domain Reload Profiling:
	ReloadAssembly (1144ms)
		BeginReloadAssembly (147ms)
			ExecutionOrderSort (0ms)
			DisableScriptedObjects (6ms)
			BackupInstance (0ms)
			ReleaseScriptingObjects (0ms)
			CreateAndSetChildDomain (44ms)
		EndReloadAssembly (896ms)
			LoadAssemblies (83ms)
			RebuildTransferFunctionScriptingTraits (0ms)
			SetupTypeCache (230ms)
			ReleaseScriptCaches (1ms)
			RebuildScriptCaches (62ms)
			SetupLoadedEditorAssemblies (470ms)
				LogAssemblyErrors (0ms)
				InitializePlatformSupportModulesInManaged (38ms)
				SetLoadedEditorAssemblies (1ms)
				RefreshPlugins (1ms)
				BeforeProcessingInitializeOnLoad (67ms)
				ProcessInitializeOnLoadAttributes (328ms)
				ProcessInitializeOnLoadMethodAttributes (33ms)
				AfterProcessingInitializeOnLoad (3ms)
				EditorAssembliesLoaded (0ms)
			ExecutionOrderSort2 (0ms)
			AwakeInstancesAfterBackupRestoration (6ms)
Platform modules already initialized, skipping
Refreshing native plugins compatible for Editor in 3.77 ms, found 3 plugins.
Preloading 0 native plugins for Editor in 0.00 ms.
Unloading 2579 Unused Serialized files (Serialized files now loaded: 0)
Unloading 37 unused Assets / (186.0 KB). Loaded Objects now: 3279.
Memory consumption went from 122.6 MB to 122.4 MB.
Total: 5.067600 ms (FindLiveObjects: 1.809700 ms CreateObjectMapping: 0.346800 ms MarkObjects: 2.767700 ms  DeleteObjects: 0.141700 ms)

AssetImportParameters requested are different than current active one (requested -> active):
  custom:video-decoder-ogg-theora: a1e56fd34408186e4bbccfd4996cb3dc -> 
  custom:container-muxer-webm: aa71ff27fc2769a1b78a27578f13a17b -> 
  custom:container-demuxer-webm: 4f35f7cbe854078d1ac9338744f61a02 -> 
  custom:video-encoder-webm-vp8: eb34c28f22e8b96e1ab97ce403110664 -> 
  custom:audio-encoder-webm-vorbis: bf7c407c2cedff20999df2af8eb42d56 -> 
  custom:framework-win-MediaFoundation: 216162199b28c13a410421893ffa2e32 -> 
  custom:container-demuxer-ogg: 62fdf1f143b41e24485cea50d1cbac27 -> 
  custom:video-decoder-webm-vp8: 9c59270c3fd7afecdb556c50c9e8de78 -> 
  custom:audio-decoder-ogg-vorbis: bf7c407c2cedff20999df2af8eb42d56 -> 
