Using pre-set license
Built from '2021.3/staging' branch; Version is '2021.3.3f1 (af2e63e8f9bd) revision 11480675'; Using compiler version '192829333'; Build Type 'Release'
OS: 'Windows 11  (10.0.22631) 64bit Professional' Language: 'en' Physical Memory: 16293 MB
BatchMode: 1, IsHumanControllingUs: 0, StartBugReporterOnCrash: 0, Is64bit: 1, IsPro: 1

COMMAND LINE ARGUMENTS:
F:\Programms\Unity\2021.3.3f1\Editor\Unity.exe
-adb2
-batchMode
-noUpm
-name
AssetImportWorker2
-projectPath
F:/My Games/FlyingMan3D/FlyingMan3D
-logFile
Logs/AssetImportWorker2.log
-srvPort
61913
Successfully changed project path to: F:/My Games/FlyingMan3D/FlyingMan3D
F:/My Games/FlyingMan3D/FlyingMan3D
[UnityMemory] Configuration Parameters - Can be set up in boot.config
    "memorysetup-bucket-allocator-granularity=16"
    "memorysetup-bucket-allocator-bucket-count=8"
    "memorysetup-bucket-allocator-block-size=33554432"
    "memorysetup-bucket-allocator-block-count=8"
    "memorysetup-main-allocator-block-size=16777216"
    "memorysetup-thread-allocator-block-size=16777216"
    "memorysetup-gfx-main-allocator-block-size=16777216"
    "memorysetup-gfx-thread-allocator-block-size=16777216"
    "memorysetup-cache-allocator-block-size=4194304"
    "memorysetup-typetree-allocator-block-size=2097152"
    "memorysetup-profiler-bucket-allocator-granularity=16"
    "memorysetup-profiler-bucket-allocator-bucket-count=8"
    "memorysetup-profiler-bucket-allocator-block-size=33554432"
    "memorysetup-profiler-bucket-allocator-block-count=8"
    "memorysetup-profiler-allocator-block-size=16777216"
    "memorysetup-profiler-editor-allocator-block-size=1048576"
    "memorysetup-temp-allocator-size-main=16777216"
    "memorysetup-job-temp-allocator-block-size=2097152"
    "memorysetup-job-temp-allocator-block-size-background=1048576"
    "memorysetup-job-temp-allocator-reduction-small-platforms=262144"
    "memorysetup-temp-allocator-size-background-worker=32768"
    "memorysetup-temp-allocator-size-job-worker=262144"
    "memorysetup-temp-allocator-size-preload-manager=33554432"
    "memorysetup-temp-allocator-size-nav-mesh-worker=65536"
    "memorysetup-temp-allocator-size-audio-worker=65536"
    "memorysetup-temp-allocator-size-cloud-worker=32768"
    "memorysetup-temp-allocator-size-gi-baking-worker=262144"
    "memorysetup-temp-allocator-size-gfx=262144"
Refreshing native plugins compatible for Editor in 85.35 ms, found 3 plugins.
Preloading 0 native plugins for Editor in 0.00 ms.
Initialize engine version: 2021.3.3f1 (af2e63e8f9bd)
[Subsystems] Discovering subsystems at path F:/Programms/Unity/2021.3.3f1/Editor/Data/Resources/UnitySubsystems
[Subsystems] Discovering subsystems at path F:/My Games/FlyingMan3D/FlyingMan3D/Assets
GfxDevice: creating device client; threaded=0; jobified=0
Direct3D:
    Version:  Direct3D 11.0 [level 11.1]
    Renderer: NVIDIA GeForce GTX 1060 3GB (ID=0x1b84)
    Vendor:   NVIDIA
    VRAM:     2965 MB
    Driver:   31.0.15.5222
Initialize mono
Mono path[0] = 'F:/Programms/Unity/2021.3.3f1/Editor/Data/Managed'
Mono path[1] = 'F:/Programms/Unity/2021.3.3f1/Editor/Data/MonoBleedingEdge/lib/mono/unityjit-win32'
Mono config path = 'F:/Programms/Unity/2021.3.3f1/Editor/Data/MonoBleedingEdge/etc'
Using monoOptions --debugger-agent=transport=dt_socket,embedding=1,server=y,suspend=n,address=127.0.0.1:56712
Begin MonoManager ReloadAssembly
Registering precompiled unity dll's ...
Register platform support module: F:/Programms/Unity/2021.3.3f1/Editor/Data/PlaybackEngines/WebGLSupport/UnityEditor.WebGL.Extensions.dll
Register platform support module: F:/Programms/Unity/2021.3.3f1/Editor/Data/PlaybackEngines/AndroidPlayer/UnityEditor.Android.Extensions.dll
Register platform support module: F:/Programms/Unity/2021.3.3f1/Editor/Data/PlaybackEngines/iOSSupport/UnityEditor.iOS.Extensions.dll
Register platform support module: F:/Programms/Unity/2021.3.3f1/Editor/Data/PlaybackEngines/WindowsStandaloneSupport/UnityEditor.WindowsStandalone.Extensions.dll
Registered in 0.003679 seconds.
Native extension for WindowsStandalone target not found
[usbmuxd] Start listen thread
[usbmuxd] Listen thread started
Native extension for iOS target not found
Native extension for Android target not found
Android SDK Build-tools component is not found. Make sure all tools are installed in the SDK manager. Latest supported build-tools version is 30.0.2
UnityEngine.StackTraceUtility:ExtractStackTrace ()
UnityEngine.DebugLogHandler:LogFormat (UnityEngine.LogType,UnityEngine.Object,string,object[])
UnityEngine.Logger:Log (UnityEngine.LogType,object)
UnityEngine.Debug:LogError (object)
UnityEditor.Android.AndroidSDKTools:UpdateToolsDirectories ()
UnityEditor.Android.AndroidSDKTools:.ctor (string)
UnityEditor.Android.AndroidSDKTools:CreateAndroidSDKTools (string)
UnityEditor.Android.AndroidSDKTools:GetInstance<UnityEditor.Android.AndroidSDKTools> (UnityEditor.Android.AndroidSDKTools/InstanceCreator)
UnityEditor.Android.AndroidSDKTools:GetInstance ()
UnityEditor.Android.AndroidDeploymentTargetsExtension:GetMainThreadContext (bool)
UnityEditor.Android.TargetExtension:OnUsbDevicesChanged (UnityEditor.Hardware.UsbDevice[])
UnityEditor.Android.TargetExtension:OnLoad ()
UnityEditor.Modules.ModuleManager:InitializePlatformSupportModules ()

Native extension for WebGL target not found
Refreshing native plugins compatible for Editor in 85.19 ms, found 3 plugins.
Preloading 0 native plugins for Editor in 0.00 ms.
Mono: successfully reloaded assembly
- Completed reload, in  1.012 seconds
Domain Reload Profiling:
	ReloadAssembly (1013ms)
		BeginReloadAssembly (104ms)
			ExecutionOrderSort (0ms)
			DisableScriptedObjects (0ms)
			BackupInstance (0ms)
			ReleaseScriptingObjects (0ms)
			CreateAndSetChildDomain (1ms)
		EndReloadAssembly (755ms)
			LoadAssemblies (103ms)
			RebuildTransferFunctionScriptingTraits (0ms)
			SetupTypeCache (190ms)
			ReleaseScriptCaches (0ms)
			RebuildScriptCaches (45ms)
			SetupLoadedEditorAssemblies (450ms)
				LogAssemblyErrors (0ms)
				InitializePlatformSupportModulesInManaged (101ms)
				SetLoadedEditorAssemblies (0ms)
				RefreshPlugins (85ms)
				BeforeProcessingInitializeOnLoad (2ms)
				ProcessInitializeOnLoadAttributes (191ms)
				ProcessInitializeOnLoadMethodAttributes (70ms)
				AfterProcessingInitializeOnLoad (0ms)
				EditorAssembliesLoaded (0ms)
			ExecutionOrderSort2 (0ms)
			AwakeInstancesAfterBackupRestoration (0ms)
Platform modules already initialized, skipping
Registering precompiled user dll's ...
Registered in 0.006065 seconds.
Android Extension - Scanning For ADB Devices 4335 ms
Begin MonoManager ReloadAssembly
Native extension for WindowsStandalone target not found
Native extension for iOS target not found
Native extension for Android target not found
Native extension for WebGL target not found
Refreshing native plugins compatible for Editor in 1.28 ms, found 3 plugins.
Preloading 0 native plugins for Editor in 0.00 ms.
Mono: successfully reloaded assembly
- Completed reload, in  1.230 seconds
Domain Reload Profiling:
	ReloadAssembly (1232ms)
		BeginReloadAssembly (105ms)
			ExecutionOrderSort (0ms)
			DisableScriptedObjects (6ms)
			BackupInstance (0ms)
			ReleaseScriptingObjects (0ms)
			CreateAndSetChildDomain (21ms)
		EndReloadAssembly (1007ms)
			LoadAssemblies (69ms)
			RebuildTransferFunctionScriptingTraits (0ms)
			SetupTypeCache (292ms)
			ReleaseScriptCaches (1ms)
			RebuildScriptCaches (92ms)
			SetupLoadedEditorAssemblies (472ms)
				LogAssemblyErrors (0ms)
				InitializePlatformSupportModulesInManaged (32ms)
				SetLoadedEditorAssemblies (1ms)
				RefreshPlugins (1ms)
				BeforeProcessingInitializeOnLoad (76ms)
				ProcessInitializeOnLoadAttributes (327ms)
				ProcessInitializeOnLoadMethodAttributes (33ms)
				AfterProcessingInitializeOnLoad (2ms)
				EditorAssembliesLoaded (0ms)
			ExecutionOrderSort2 (0ms)
			AwakeInstancesAfterBackupRestoration (6ms)
Platform modules already initialized, skipping
========================================================================
Worker process is ready to serve import requests
Launched and connected shader compiler UnityShaderCompiler.exe after 0.13 seconds
Refreshing native plugins compatible for Editor in 1.31 ms, found 3 plugins.
Preloading 0 native plugins for Editor in 0.00 ms.
Unloading 2484 Unused Serialized files (Serialized files now loaded: 0)
Unloading 55 unused Assets / (217.6 KB). Loaded Objects now: 2946.
Memory consumption went from 104.3 MB to 104.1 MB.
Total: 3.541300 ms (FindLiveObjects: 0.313300 ms CreateObjectMapping: 0.256800 ms MarkObjects: 2.834800 ms  DeleteObjects: 0.134200 ms)

AssetImportParameters requested are different than current active one (requested -> active):
  custom:video-decoder-ogg-theora: a1e56fd34408186e4bbccfd4996cb3dc -> 
  custom:container-muxer-webm: aa71ff27fc2769a1b78a27578f13a17b -> 
  custom:container-demuxer-webm: 4f35f7cbe854078d1ac9338744f61a02 -> 
  custom:video-encoder-webm-vp8: eb34c28f22e8b96e1ab97ce403110664 -> 
  custom:audio-encoder-webm-vorbis: bf7c407c2cedff20999df2af8eb42d56 -> 
  custom:framework-win-MediaFoundation: 216162199b28c13a410421893ffa2e32 -> 
  custom:container-demuxer-ogg: 62fdf1f143b41e24485cea50d1cbac27 -> 
  custom:video-decoder-webm-vp8: 9c59270c3fd7afecdb556c50c9e8de78 -> 
  custom:audio-decoder-ogg-vorbis: bf7c407c2cedff20999df2af8eb42d56 -> 
========================================================================
Received Import Request.
  Time since last request: 32811.998698 seconds.
  path: Assets/Scenes/Level4.unity
  artifactKey: Guid(f25a03495155dda499870797baf4fa05) Importer(815301076,1909f56bfc062723c751e8b465ee728b)
Start importing Assets/Scenes/Level4.unity using Guid(f25a03495155dda499870797baf4fa05) Importer(815301076,1909f56bfc062723c751e8b465ee728b)  -> (artifact id: 'ee75c03f3161cd421f06a9e8ba30d219') in 0.145668 seconds 
========================================================================
Received Import Request.
  Time since last request: 0.000028 seconds.
  path: Assets/Scripts
  artifactKey: Guid(d4db8d75cfc03d44d8acdfd7346eb75b) Importer(815301076,1909f56bfc062723c751e8b465ee728b)
Start importing Assets/Scripts using Guid(d4db8d75cfc03d44d8acdfd7346eb75b) Importer(815301076,1909f56bfc062723c751e8b465ee728b)  -> (artifact id: 'ee891990c61fb28588ea3866d66ba28b') in 0.061010 seconds 
========================================================================
Received Import Request.
  Time since last request: 130.923322 seconds.
  path: Assets/Obi/Scripts/Common/Backends/Oni/OniColliderWorld.cs
  artifactKey: Guid(d02d25c24c8574316883c920912e4fdb) Importer(815301076,1909f56bfc062723c751e8b465ee728b)
Start importing Assets/Obi/Scripts/Common/Backends/Oni/OniColliderWorld.cs using Guid(d02d25c24c8574316883c920912e4fdb) Importer(815301076,1909f56bfc062723c751e8b465ee728b)  -> (artifact id: 'f12da068b155204688c8c0eff01e0447') in 0.019944 seconds 
========================================================================
Received Prepare
Registering precompiled user dll's ...
Registered in 0.003977 seconds.
Begin MonoManager ReloadAssembly
Native extension for WindowsStandalone target not found
Native extension for iOS target not found
Native extension for Android target not found
Native extension for WebGL target not found
Refreshing native plugins compatible for Editor in 1.13 ms, found 3 plugins.
Preloading 0 native plugins for Editor in 0.00 ms.
Mono: successfully reloaded assembly
- Completed reload, in  1.329 seconds
Domain Reload Profiling:
	ReloadAssembly (1330ms)
		BeginReloadAssembly (145ms)
			ExecutionOrderSort (0ms)
			DisableScriptedObjects (7ms)
			BackupInstance (0ms)
			ReleaseScriptingObjects (0ms)
			CreateAndSetChildDomain (42ms)
		EndReloadAssembly (1053ms)
			LoadAssemblies (89ms)
			RebuildTransferFunctionScriptingTraits (0ms)
			SetupTypeCache (354ms)
			ReleaseScriptCaches (1ms)
			RebuildScriptCaches (57ms)
			SetupLoadedEditorAssemblies (506ms)
				LogAssemblyErrors (0ms)
				InitializePlatformSupportModulesInManaged (35ms)
				SetLoadedEditorAssemblies (1ms)
				RefreshPlugins (1ms)
				BeforeProcessingInitializeOnLoad (50ms)
				ProcessInitializeOnLoadAttributes (375ms)
				ProcessInitializeOnLoadMethodAttributes (41ms)
				AfterProcessingInitializeOnLoad (2ms)
				EditorAssembliesLoaded (0ms)
			ExecutionOrderSort2 (0ms)
			AwakeInstancesAfterBackupRestoration (6ms)
Platform modules already initialized, skipping
Refreshing native plugins compatible for Editor in 4.46 ms, found 3 plugins.
Preloading 0 native plugins for Editor in 0.00 ms.
Unloading 2453 Unused Serialized files (Serialized files now loaded: 0)
Unloading 36 unused Assets / (185.1 KB). Loaded Objects now: 2961.
Memory consumption went from 101.5 MB to 101.3 MB.
Total: 2.882400 ms (FindLiveObjects: 0.212700 ms CreateObjectMapping: 0.126100 ms MarkObjects: 2.382900 ms  DeleteObjects: 0.159400 ms)

AssetImportParameters requested are different than current active one (requested -> active):
  custom:video-decoder-ogg-theora: a1e56fd34408186e4bbccfd4996cb3dc -> 
  custom:container-muxer-webm: aa71ff27fc2769a1b78a27578f13a17b -> 
  custom:container-demuxer-webm: 4f35f7cbe854078d1ac9338744f61a02 -> 
  custom:video-encoder-webm-vp8: eb34c28f22e8b96e1ab97ce403110664 -> 
  custom:audio-encoder-webm-vorbis: bf7c407c2cedff20999df2af8eb42d56 -> 
  custom:framework-win-MediaFoundation: 216162199b28c13a410421893ffa2e32 -> 
  custom:container-demuxer-ogg: 62fdf1f143b41e24485cea50d1cbac27 -> 
  custom:video-decoder-webm-vp8: 9c59270c3fd7afecdb556c50c9e8de78 -> 
  custom:audio-decoder-ogg-vorbis: bf7c407c2cedff20999df2af8eb42d56 -> 
========================================================================
Received Import Request.
  Time since last request: 211.349656 seconds.
  path: Assets/Obi/Editor
  artifactKey: Guid(d6a0c47fa0afb4e1fb441061faa32d50) Importer(815301076,1909f56bfc062723c751e8b465ee728b)
Start importing Assets/Obi/Editor using Guid(d6a0c47fa0afb4e1fb441061faa32d50) Importer(815301076,1909f56bfc062723c751e8b465ee728b)  -> (artifact id: '289e6793fd9cdc07ee4ae5109a1a539c') in 0.006708 seconds 
========================================================================
Received Import Request.
  Time since last request: 1.366243 seconds.
  path: Assets/Obi/QuickstartGuide_rope.pdf
  artifactKey: Guid(dd3977598aee74c5eaa2111f3d999165) Importer(815301076,1909f56bfc062723c751e8b465ee728b)
Start importing Assets/Obi/QuickstartGuide_rope.pdf using Guid(dd3977598aee74c5eaa2111f3d999165) Importer(815301076,1909f56bfc062723c751e8b465ee728b)  -> (artifact id: '7752281eebcee534e68254d1d21cddf0') in 0.018345 seconds 
========================================================================
Received Import Request.
  Time since last request: 0.659404 seconds.
  path: Assets/Obi/README.rtf
  artifactKey: Guid(133c58a050c6b404cb14cc72f0a1676c) Importer(815301076,1909f56bfc062723c751e8b465ee728b)
Start importing Assets/Obi/README.rtf using Guid(133c58a050c6b404cb14cc72f0a1676c) Importer(815301076,1909f56bfc062723c751e8b465ee728b)  -> (artifact id: 'c0679831afe9402edc7ef38c2eefa55b') in 0.043797 seconds 
========================================================================
Received Import Request.
  Time since last request: 9.095997 seconds.
  path: Assets/Epic Toon FX
  artifactKey: Guid(57970f1109998f144a84fbc61d914706) Importer(815301076,1909f56bfc062723c751e8b465ee728b)
Start importing Assets/Epic Toon FX using Guid(57970f1109998f144a84fbc61d914706) Importer(815301076,1909f56bfc062723c751e8b465ee728b)  -> (artifact id: '9c6f7b411f93f5faaeb084cd25578716') in 0.013316 seconds 
========================================================================
Received Import Request.
  Time since last request: 2.285567 seconds.
  path: Assets/Epic Toon FX/ETFX - Readme.pdf
  artifactKey: Guid(5fcccced537d28844b71ea3c07acf2ac) Importer(815301076,1909f56bfc062723c751e8b465ee728b)
Start importing Assets/Epic Toon FX/ETFX - Readme.pdf using Guid(5fcccced537d28844b71ea3c07acf2ac) Importer(815301076,1909f56bfc062723c751e8b465ee728b)  -> (artifact id: '99ca1d4c5cfc2dff0ca20fb87ba999a1') in 0.003419 seconds 
========================================================================
Received Import Request.
  Time since last request: 2.604333 seconds.
  path: Assets/3DModels
  artifactKey: Guid(c88b2d6b89e5ab143b55c4bbdeb3dee5) Importer(815301076,1909f56bfc062723c751e8b465ee728b)
Start importing Assets/3DModels using Guid(c88b2d6b89e5ab143b55c4bbdeb3dee5) Importer(815301076,1909f56bfc062723c751e8b465ee728b)  -> (artifact id: '3e04ca17c22091e049a441fbec7ffaaf') in 0.001016 seconds 
========================================================================
Received Import Request.
  Time since last request: 23.361702 seconds.
  path: Assets/Fonts/2DLilitaOne-Regular SDF.asset
  artifactKey: Guid(152ceb93d800be0459f05d2c3e0e19aa) Importer(815301076,1909f56bfc062723c751e8b465ee728b)
Start importing Assets/Fonts/2DLilitaOne-Regular SDF.asset using Guid(152ceb93d800be0459f05d2c3e0e19aa) Importer(815301076,1909f56bfc062723c751e8b465ee728b)  -> (artifact id: '6ed5a17957e634782f3b0d43d78115f1') in 0.737709 seconds 
========================================================================
Received Import Request.
  Time since last request: 20.261826 seconds.
  path: Assets/HyperCasual - SimpleTallCharacters2
  artifactKey: Guid(00d7e733ec6f3e6459394ea0f19e7406) Importer(815301076,1909f56bfc062723c751e8b465ee728b)
Start importing Assets/HyperCasual - SimpleTallCharacters2 using Guid(00d7e733ec6f3e6459394ea0f19e7406) Importer(815301076,1909f56bfc062723c751e8b465ee728b)  -> (artifact id: '48c27b0ea407a167a26c065f6592d766') in 0.060194 seconds 
========================================================================
Received Import Request.
  Time since last request: 17.517815 seconds.
  path: Assets/TextMesh Pro
  artifactKey: Guid(f54d1bd14bd3ca042bd867b519fee8cc) Importer(815301076,1909f56bfc062723c751e8b465ee728b)
Start importing Assets/TextMesh Pro using Guid(f54d1bd14bd3ca042bd867b519fee8cc) Importer(815301076,1909f56bfc062723c751e8b465ee728b)  -> (artifact id: 'f5648c5ef36b7beab651a001a8d08867') in 0.001478 seconds 
========================================================================
Received Import Request.
  Time since last request: 18.273016 seconds.
  path: Assets
  artifactKey: Guid(00000000000000001000000000000000) Importer(815301076,1909f56bfc062723c751e8b465ee728b)
Start importing Assets using Guid(00000000000000001000000000000000) Importer(815301076,1909f56bfc062723c751e8b465ee728b)  -> (artifact id: '79842766b460edbeab6a34051e857a80') in 0.003498 seconds 
========================================================================
Received Import Request.
  Time since last request: 11.111025 seconds.
  path: Assets/Plugins
  artifactKey: Guid(5be81e2427eb2cd4e81734d269613a14) Importer(815301076,1909f56bfc062723c751e8b465ee728b)
Start importing Assets/Plugins using Guid(5be81e2427eb2cd4e81734d269613a14) Importer(815301076,1909f56bfc062723c751e8b465ee728b)  -> (artifact id: '5c2bf92934928bf93d992d1dd6d63779') in 0.002430 seconds 
========================================================================
Received Import Request.
  Time since last request: 2.112963 seconds.
  path: Assets/StarterPack2021Haziran
  artifactKey: Guid(f453cdb779799844b9c066031d7d1a3c) Importer(815301076,1909f56bfc062723c751e8b465ee728b)
Start importing Assets/StarterPack2021Haziran using Guid(f453cdb779799844b9c066031d7d1a3c) Importer(815301076,1909f56bfc062723c751e8b465ee728b)  -> (artifact id: '05c147479fabf41355332964f73ef0b8') in 0.001139 seconds 
========================================================================
Received Import Request.
  Time since last request: 18.098859 seconds.
  path: Assets/FX
  artifactKey: Guid(57970f1109998f144a84fbc61d914706) Importer(815301076,1909f56bfc062723c751e8b465ee728b)
Start importing Assets/FX using Guid(57970f1109998f144a84fbc61d914706) Importer(815301076,1909f56bfc062723c751e8b465ee728b)  -> (artifact id: 'ebc1a3924edc0be35dc833e235c4cd52') in 0.001110 seconds 
========================================================================
Received Prepare
Registering precompiled user dll's ...
Registered in 0.005201 seconds.
Begin MonoManager ReloadAssembly
Native extension for WindowsStandalone target not found
Native extension for iOS target not found
Native extension for Android target not found
Native extension for WebGL target not found
Refreshing native plugins compatible for Editor in 1.42 ms, found 3 plugins.
Preloading 0 native plugins for Editor in 0.00 ms.
Mono: successfully reloaded assembly
- Completed reload, in  3.088 seconds
Domain Reload Profiling:
	ReloadAssembly (3090ms)
		BeginReloadAssembly (242ms)
			ExecutionOrderSort (0ms)
			DisableScriptedObjects (11ms)
			BackupInstance (0ms)
			ReleaseScriptingObjects (0ms)
			CreateAndSetChildDomain (69ms)
		EndReloadAssembly (2647ms)
			LoadAssemblies (143ms)
			RebuildTransferFunctionScriptingTraits (0ms)
			SetupTypeCache (627ms)
			ReleaseScriptCaches (3ms)
			RebuildScriptCaches (298ms)
			SetupLoadedEditorAssemblies (1206ms)
				LogAssemblyErrors (0ms)
				InitializePlatformSupportModulesInManaged (74ms)
				SetLoadedEditorAssemblies (1ms)
				RefreshPlugins (2ms)
				BeforeProcessingInitializeOnLoad (189ms)
				ProcessInitializeOnLoadAttributes (810ms)
				ProcessInitializeOnLoadMethodAttributes (103ms)
				AfterProcessingInitializeOnLoad (26ms)
				EditorAssembliesLoaded (1ms)
			ExecutionOrderSort2 (0ms)
			AwakeInstancesAfterBackupRestoration (66ms)
Platform modules already initialized, skipping
Refreshing native plugins compatible for Editor in 4.00 ms, found 3 plugins.
Preloading 0 native plugins for Editor in 0.00 ms.
Unloading 2453 Unused Serialized files (Serialized files now loaded: 0)
Unloading 36 unused Assets / (185.0 KB). Loaded Objects now: 3017.
Memory consumption went from 105.6 MB to 105.5 MB.
Total: 3.410200 ms (FindLiveObjects: 0.257300 ms CreateObjectMapping: 0.188500 ms MarkObjects: 2.799300 ms  DeleteObjects: 0.163200 ms)

AssetImportParameters requested are different than current active one (requested -> active):
  custom:video-decoder-ogg-theora: a1e56fd34408186e4bbccfd4996cb3dc -> 
  custom:container-muxer-webm: aa71ff27fc2769a1b78a27578f13a17b -> 
  custom:container-demuxer-webm: 4f35f7cbe854078d1ac9338744f61a02 -> 
  custom:video-encoder-webm-vp8: eb34c28f22e8b96e1ab97ce403110664 -> 
  custom:audio-encoder-webm-vorbis: bf7c407c2cedff20999df2af8eb42d56 -> 
  custom:framework-win-MediaFoundation: 216162199b28c13a410421893ffa2e32 -> 
  custom:container-demuxer-ogg: 62fdf1f143b41e24485cea50d1cbac27 -> 
  custom:video-decoder-webm-vp8: 9c59270c3fd7afecdb556c50c9e8de78 -> 
  custom:audio-decoder-ogg-vorbis: bf7c407c2cedff20999df2af8eb42d56 -> 
========================================================================
Received Import Request.
  Time since last request: 52.266791 seconds.
  path: Assets/Prefabs
  artifactKey: Guid(63f1b09aa95d74446b5fa367d516e429) Importer(815301076,1909f56bfc062723c751e8b465ee728b)
Start importing Assets/Prefabs using Guid(63f1b09aa95d74446b5fa367d516e429) Importer(815301076,1909f56bfc062723c751e8b465ee728b)  -> (artifact id: '50a244705cd7d97907cbb22609c72829') in 0.003957 seconds 
========================================================================
Received Import Request.
  Time since last request: 30.695554 seconds.
  path: Assets/Obi/CHANGELOG_rope.txt
  artifactKey: Guid(8d9d04260bc994f1b9d444b675212dc6) Importer(815301076,1909f56bfc062723c751e8b465ee728b)
Start importing Assets/Obi/CHANGELOG_rope.txt using Guid(8d9d04260bc994f1b9d444b675212dc6) Importer(815301076,1909f56bfc062723c751e8b465ee728b)  -> (artifact id: '7cd025dd72815c97032819907d10a662') in 0.033419 seconds 
========================================================================
Received Import Request.
  Time since last request: 25.106758 seconds.
  path: Assets/Obi
  artifactKey: Guid(781710223fe064e4dbc79bb5809c7258) Importer(815301076,1909f56bfc062723c751e8b465ee728b)
Start importing Assets/Obi using Guid(781710223fe064e4dbc79bb5809c7258) Importer(815301076,1909f56bfc062723c751e8b465ee728b)  -> (artifact id: 'a4df98fb947915051d3a35b8a0429bf1') in 0.001200 seconds 
========================================================================
Received Prepare
Registering precompiled user dll's ...
Registered in 0.276792 seconds.
Begin MonoManager ReloadAssembly
Native extension for WindowsStandalone target not found
Native extension for iOS target not found
Native extension for Android target not found
Native extension for WebGL target not found
Refreshing native plugins compatible for Editor in 2.84 ms, found 3 plugins.
Preloading 0 native plugins for Editor in 0.00 ms.
Mono: successfully reloaded assembly
- Completed reload, in  2.101 seconds
Domain Reload Profiling:
	ReloadAssembly (2102ms)
		BeginReloadAssembly (176ms)
			ExecutionOrderSort (0ms)
			DisableScriptedObjects (10ms)
			BackupInstance (0ms)
			ReleaseScriptingObjects (0ms)
			CreateAndSetChildDomain (56ms)
		EndReloadAssembly (1797ms)
			LoadAssemblies (101ms)
			RebuildTransferFunctionScriptingTraits (0ms)
			SetupTypeCache (396ms)
			ReleaseScriptCaches (1ms)
			RebuildScriptCaches (103ms)
			SetupLoadedEditorAssemblies (931ms)
				LogAssemblyErrors (0ms)
				InitializePlatformSupportModulesInManaged (66ms)
				SetLoadedEditorAssemblies (1ms)
				RefreshPlugins (3ms)
				BeforeProcessingInitializeOnLoad (125ms)
				ProcessInitializeOnLoadAttributes (646ms)
				ProcessInitializeOnLoadMethodAttributes (83ms)
				AfterProcessingInitializeOnLoad (5ms)
				EditorAssembliesLoaded (1ms)
			ExecutionOrderSort2 (0ms)
			AwakeInstancesAfterBackupRestoration (10ms)
Platform modules already initialized, skipping
Refreshing native plugins compatible for Editor in 5.32 ms, found 3 plugins.
Preloading 0 native plugins for Editor in 0.00 ms.
Unloading 2453 Unused Serialized files (Serialized files now loaded: 0)
Unloading 36 unused Assets / (186.2 KB). Loaded Objects now: 3032.
Memory consumption went from 105.6 MB to 105.4 MB.
Total: 4.178700 ms (FindLiveObjects: 0.206700 ms CreateObjectMapping: 0.110700 ms MarkObjects: 3.694600 ms  DeleteObjects: 0.165200 ms)

AssetImportParameters requested are different than current active one (requested -> active):
  custom:video-decoder-ogg-theora: a1e56fd34408186e4bbccfd4996cb3dc -> 
  custom:container-muxer-webm: aa71ff27fc2769a1b78a27578f13a17b -> 
  custom:container-demuxer-webm: 4f35f7cbe854078d1ac9338744f61a02 -> 
  custom:video-encoder-webm-vp8: eb34c28f22e8b96e1ab97ce403110664 -> 
  custom:audio-encoder-webm-vorbis: bf7c407c2cedff20999df2af8eb42d56 -> 
  custom:framework-win-MediaFoundation: 216162199b28c13a410421893ffa2e32 -> 
  custom:container-demuxer-ogg: 62fdf1f143b41e24485cea50d1cbac27 -> 
  custom:video-decoder-webm-vp8: 9c59270c3fd7afecdb556c50c9e8de78 -> 
  custom:audio-decoder-ogg-vorbis: bf7c407c2cedff20999df2af8eb42d56 -> 
========================================================================
Received Import Request.
  Time since last request: 127.931448 seconds.
  path: Assets/Scenes/Level4.unity
  artifactKey: Guid(f25a03495155dda499870797baf4fa05) Importer(815301076,1909f56bfc062723c751e8b465ee728b)
Start importing Assets/Scenes/Level4.unity using Guid(f25a03495155dda499870797baf4fa05) Importer(815301076,1909f56bfc062723c751e8b465ee728b)  -> (artifact id: 'f1a1dd2f37436fe36add946174525921') in 0.005654 seconds 
========================================================================
Received Import Request.
  Time since last request: 0.348548 seconds.
  path: Assets/Scenes/Level1.unity
  artifactKey: Guid(d34f1ac451dcaf5499c58c994da575bc) Importer(815301076,1909f56bfc062723c751e8b465ee728b)
Start importing Assets/Scenes/Level1.unity using Guid(d34f1ac451dcaf5499c58c994da575bc) Importer(815301076,1909f56bfc062723c751e8b465ee728b)  -> (artifact id: '49a5c8f66925701abc1323358e624268') in 0.001298 seconds 
========================================================================
Received Prepare
Registering precompiled user dll's ...
Registered in 0.002595 seconds.
Begin MonoManager ReloadAssembly
Native extension for WindowsStandalone target not found
Native extension for iOS target not found
Native extension for Android target not found
Native extension for WebGL target not found
Refreshing native plugins compatible for Editor in 32.89 ms, found 3 plugins.
Preloading 0 native plugins for Editor in 0.00 ms.
Mono: successfully reloaded assembly
- Completed reload, in  4.001 seconds
Domain Reload Profiling:
	ReloadAssembly (4007ms)
		BeginReloadAssembly (792ms)
			ExecutionOrderSort (0ms)
			DisableScriptedObjects (13ms)
			BackupInstance (0ms)
			ReleaseScriptingObjects (0ms)
			CreateAndSetChildDomain (271ms)
		EndReloadAssembly (2959ms)
			LoadAssemblies (370ms)
			RebuildTransferFunctionScriptingTraits (0ms)
			SetupTypeCache (896ms)
			ReleaseScriptCaches (2ms)
			RebuildScriptCaches (147ms)
			SetupLoadedEditorAssemblies (1257ms)
				LogAssemblyErrors (0ms)
				InitializePlatformSupportModulesInManaged (334ms)
				SetLoadedEditorAssemblies (1ms)
				RefreshPlugins (33ms)
				BeforeProcessingInitializeOnLoad (154ms)
				ProcessInitializeOnLoadAttributes (659ms)
				ProcessInitializeOnLoadMethodAttributes (71ms)
				AfterProcessingInitializeOnLoad (5ms)
				EditorAssembliesLoaded (0ms)
			ExecutionOrderSort2 (0ms)
			AwakeInstancesAfterBackupRestoration (12ms)
Platform modules already initialized, skipping
Refreshing native plugins compatible for Editor in 4.33 ms, found 3 plugins.
Preloading 0 native plugins for Editor in 0.00 ms.
Unloading 2453 Unused Serialized files (Serialized files now loaded: 0)
Unloading 36 unused Assets / (185.3 KB). Loaded Objects now: 3047.
Memory consumption went from 105.6 MB to 105.4 MB.
Total: 5.029700 ms (FindLiveObjects: 0.219300 ms CreateObjectMapping: 0.703600 ms MarkObjects: 3.903200 ms  DeleteObjects: 0.202400 ms)

AssetImportParameters requested are different than current active one (requested -> active):
  custom:video-decoder-ogg-theora: a1e56fd34408186e4bbccfd4996cb3dc -> 
  custom:container-muxer-webm: aa71ff27fc2769a1b78a27578f13a17b -> 
  custom:container-demuxer-webm: 4f35f7cbe854078d1ac9338744f61a02 -> 
  custom:video-encoder-webm-vp8: eb34c28f22e8b96e1ab97ce403110664 -> 
  custom:audio-encoder-webm-vorbis: bf7c407c2cedff20999df2af8eb42d56 -> 
  custom:framework-win-MediaFoundation: 216162199b28c13a410421893ffa2e32 -> 
  custom:container-demuxer-ogg: 62fdf1f143b41e24485cea50d1cbac27 -> 
  custom:video-decoder-webm-vp8: 9c59270c3fd7afecdb556c50c9e8de78 -> 
  custom:audio-decoder-ogg-vorbis: bf7c407c2cedff20999df2af8eb42d56 -> 
========================================================================
Received Prepare
Registering precompiled user dll's ...
Registered in 0.002853 seconds.
Begin MonoManager ReloadAssembly
Native extension for WindowsStandalone target not found
Native extension for iOS target not found
Native extension for Android target not found
Native extension for WebGL target not found
Refreshing native plugins compatible for Editor in 3.52 ms, found 3 plugins.
Preloading 0 native plugins for Editor in 0.00 ms.
Mono: successfully reloaded assembly
- Completed reload, in  2.355 seconds
Domain Reload Profiling:
	ReloadAssembly (2357ms)
		BeginReloadAssembly (188ms)
			ExecutionOrderSort (0ms)
			DisableScriptedObjects (6ms)
			BackupInstance (0ms)
			ReleaseScriptingObjects (0ms)
			CreateAndSetChildDomain (44ms)
		EndReloadAssembly (1888ms)
			LoadAssemblies (102ms)
			RebuildTransferFunctionScriptingTraits (0ms)
			SetupTypeCache (409ms)
			ReleaseScriptCaches (2ms)
			RebuildScriptCaches (135ms)
			SetupLoadedEditorAssemblies (1056ms)
				LogAssemblyErrors (0ms)
				InitializePlatformSupportModulesInManaged (138ms)
				SetLoadedEditorAssemblies (2ms)
				RefreshPlugins (4ms)
				BeforeProcessingInitializeOnLoad (110ms)
				ProcessInitializeOnLoadAttributes (732ms)
				ProcessInitializeOnLoadMethodAttributes (68ms)
				AfterProcessingInitializeOnLoad (2ms)
				EditorAssembliesLoaded (0ms)
			ExecutionOrderSort2 (0ms)
			AwakeInstancesAfterBackupRestoration (8ms)
Platform modules already initialized, skipping
Refreshing native plugins compatible for Editor in 3.94 ms, found 3 plugins.
Preloading 0 native plugins for Editor in 0.00 ms.
Unloading 2453 Unused Serialized files (Serialized files now loaded: 0)
Unloading 36 unused Assets / (186.1 KB). Loaded Objects now: 3062.
Memory consumption went from 105.6 MB to 105.4 MB.
Total: 7.179600 ms (FindLiveObjects: 0.398600 ms CreateObjectMapping: 0.276900 ms MarkObjects: 6.327300 ms  DeleteObjects: 0.174800 ms)

AssetImportParameters requested are different than current active one (requested -> active):
  custom:video-decoder-ogg-theora: a1e56fd34408186e4bbccfd4996cb3dc -> 
  custom:container-muxer-webm: aa71ff27fc2769a1b78a27578f13a17b -> 
  custom:container-demuxer-webm: 4f35f7cbe854078d1ac9338744f61a02 -> 
  custom:video-encoder-webm-vp8: eb34c28f22e8b96e1ab97ce403110664 -> 
  custom:audio-encoder-webm-vorbis: bf7c407c2cedff20999df2af8eb42d56 -> 
  custom:framework-win-MediaFoundation: 216162199b28c13a410421893ffa2e32 -> 
  custom:container-demuxer-ogg: 62fdf1f143b41e24485cea50d1cbac27 -> 
  custom:video-decoder-webm-vp8: 9c59270c3fd7afecdb556c50c9e8de78 -> 
  custom:audio-decoder-ogg-vorbis: bf7c407c2cedff20999df2af8eb42d56 -> 
========================================================================
Received Prepare
Registering precompiled user dll's ...
Registered in 0.006190 seconds.
Begin MonoManager ReloadAssembly
Native extension for WindowsStandalone target not found
Native extension for iOS target not found
Native extension for Android target not found
Native extension for WebGL target not found
Refreshing native plugins compatible for Editor in 0.93 ms, found 3 plugins.
Preloading 0 native plugins for Editor in 0.00 ms.
Mono: successfully reloaded assembly
- Completed reload, in  1.239 seconds
Domain Reload Profiling:
	ReloadAssembly (1239ms)
		BeginReloadAssembly (136ms)
			ExecutionOrderSort (0ms)
			DisableScriptedObjects (6ms)
			BackupInstance (0ms)
			ReleaseScriptingObjects (0ms)
			CreateAndSetChildDomain (36ms)
		EndReloadAssembly (991ms)
			LoadAssemblies (83ms)
			RebuildTransferFunctionScriptingTraits (0ms)
			SetupTypeCache (270ms)
			ReleaseScriptCaches (1ms)
			RebuildScriptCaches (86ms)
			SetupLoadedEditorAssemblies (462ms)
				LogAssemblyErrors (0ms)
				InitializePlatformSupportModulesInManaged (61ms)
				SetLoadedEditorAssemblies (1ms)
				RefreshPlugins (1ms)
				BeforeProcessingInitializeOnLoad (64ms)
				ProcessInitializeOnLoadAttributes (303ms)
				ProcessInitializeOnLoadMethodAttributes (30ms)
				AfterProcessingInitializeOnLoad (2ms)
				EditorAssembliesLoaded (0ms)
			ExecutionOrderSort2 (0ms)
			AwakeInstancesAfterBackupRestoration (4ms)
Platform modules already initialized, skipping
Refreshing native plugins compatible for Editor in 2.93 ms, found 3 plugins.
Preloading 0 native plugins for Editor in 0.00 ms.
Unloading 2453 Unused Serialized files (Serialized files now loaded: 0)
Unloading 36 unused Assets / (186.2 KB). Loaded Objects now: 3077.
Memory consumption went from 105.7 MB to 105.5 MB.
Total: 2.856100 ms (FindLiveObjects: 0.207000 ms CreateObjectMapping: 0.115800 ms MarkObjects: 2.357600 ms  DeleteObjects: 0.174200 ms)

AssetImportParameters requested are different than current active one (requested -> active):
  custom:video-decoder-ogg-theora: a1e56fd34408186e4bbccfd4996cb3dc -> 
  custom:container-muxer-webm: aa71ff27fc2769a1b78a27578f13a17b -> 
  custom:container-demuxer-webm: 4f35f7cbe854078d1ac9338744f61a02 -> 
  custom:video-encoder-webm-vp8: eb34c28f22e8b96e1ab97ce403110664 -> 
  custom:audio-encoder-webm-vorbis: bf7c407c2cedff20999df2af8eb42d56 -> 
  custom:framework-win-MediaFoundation: 216162199b28c13a410421893ffa2e32 -> 
  custom:container-demuxer-ogg: 62fdf1f143b41e24485cea50d1cbac27 -> 
  custom:video-decoder-webm-vp8: 9c59270c3fd7afecdb556c50c9e8de78 -> 
  custom:audio-decoder-ogg-vorbis: bf7c407c2cedff20999df2af8eb42d56 -> 
========================================================================
Received Prepare
Registering precompiled user dll's ...
Registered in 0.003937 seconds.
Begin MonoManager ReloadAssembly
Native extension for WindowsStandalone target not found
Native extension for iOS target not found
Native extension for Android target not found
Native extension for WebGL target not found
Refreshing native plugins compatible for Editor in 0.91 ms, found 3 plugins.
Preloading 0 native plugins for Editor in 0.00 ms.
Mono: successfully reloaded assembly
- Completed reload, in  1.176 seconds
Domain Reload Profiling:
	ReloadAssembly (1177ms)
		BeginReloadAssembly (144ms)
			ExecutionOrderSort (0ms)
			DisableScriptedObjects (6ms)
			BackupInstance (0ms)
			ReleaseScriptingObjects (0ms)
			CreateAndSetChildDomain (41ms)
		EndReloadAssembly (932ms)
			LoadAssemblies (89ms)
			RebuildTransferFunctionScriptingTraits (0ms)
			SetupTypeCache (237ms)
			ReleaseScriptCaches (1ms)
			RebuildScriptCaches (61ms)
			SetupLoadedEditorAssemblies (501ms)
				LogAssemblyErrors (0ms)
				InitializePlatformSupportModulesInManaged (44ms)
				SetLoadedEditorAssemblies (1ms)
				RefreshPlugins (1ms)
				BeforeProcessingInitializeOnLoad (71ms)
				ProcessInitializeOnLoadAttributes (336ms)
				ProcessInitializeOnLoadMethodAttributes (45ms)
				AfterProcessingInitializeOnLoad (2ms)
				EditorAssembliesLoaded (0ms)
			ExecutionOrderSort2 (0ms)
			AwakeInstancesAfterBackupRestoration (6ms)
Platform modules already initialized, skipping
Refreshing native plugins compatible for Editor in 4.11 ms, found 3 plugins.
Preloading 0 native plugins for Editor in 0.00 ms.
Unloading 2453 Unused Serialized files (Serialized files now loaded: 0)
Unloading 36 unused Assets / (185.2 KB). Loaded Objects now: 3092.
Memory consumption went from 105.7 MB to 105.5 MB.
Total: 3.041100 ms (FindLiveObjects: 0.233900 ms CreateObjectMapping: 0.144700 ms MarkObjects: 2.512900 ms  DeleteObjects: 0.148300 ms)

AssetImportParameters requested are different than current active one (requested -> active):
  custom:video-decoder-ogg-theora: a1e56fd34408186e4bbccfd4996cb3dc -> 
  custom:container-muxer-webm: aa71ff27fc2769a1b78a27578f13a17b -> 
  custom:container-demuxer-webm: 4f35f7cbe854078d1ac9338744f61a02 -> 
  custom:video-encoder-webm-vp8: eb34c28f22e8b96e1ab97ce403110664 -> 
  custom:audio-encoder-webm-vorbis: bf7c407c2cedff20999df2af8eb42d56 -> 
  custom:framework-win-MediaFoundation: 216162199b28c13a410421893ffa2e32 -> 
  custom:container-demuxer-ogg: 62fdf1f143b41e24485cea50d1cbac27 -> 
  custom:video-decoder-webm-vp8: 9c59270c3fd7afecdb556c50c9e8de78 -> 
  custom:audio-decoder-ogg-vorbis: bf7c407c2cedff20999df2af8eb42d56 -> 
========================================================================
Received Prepare
Registering precompiled user dll's ...
Registered in 0.004711 seconds.
Begin MonoManager ReloadAssembly
Native extension for WindowsStandalone target not found
Native extension for iOS target not found
Native extension for Android target not found
Native extension for WebGL target not found
Refreshing native plugins compatible for Editor in 0.84 ms, found 3 plugins.
Preloading 0 native plugins for Editor in 0.00 ms.
Mono: successfully reloaded assembly
- Completed reload, in  1.325 seconds
Domain Reload Profiling:
	ReloadAssembly (1326ms)
		BeginReloadAssembly (162ms)
			ExecutionOrderSort (0ms)
			DisableScriptedObjects (6ms)
			BackupInstance (0ms)
			ReleaseScriptingObjects (0ms)
			CreateAndSetChildDomain (53ms)
		EndReloadAssembly (984ms)
			LoadAssemblies (108ms)
			RebuildTransferFunctionScriptingTraits (0ms)
			SetupTypeCache (299ms)
			ReleaseScriptCaches (1ms)
			RebuildScriptCaches (60ms)
			SetupLoadedEditorAssemblies (460ms)
				LogAssemblyErrors (0ms)
				InitializePlatformSupportModulesInManaged (41ms)
				SetLoadedEditorAssemblies (1ms)
				RefreshPlugins (1ms)
				BeforeProcessingInitializeOnLoad (76ms)
				ProcessInitializeOnLoadAttributes (294ms)
				ProcessInitializeOnLoadMethodAttributes (44ms)
				AfterProcessingInitializeOnLoad (2ms)
				EditorAssembliesLoaded (0ms)
			ExecutionOrderSort2 (0ms)
			AwakeInstancesAfterBackupRestoration (5ms)
Platform modules already initialized, skipping
Refreshing native plugins compatible for Editor in 4.76 ms, found 3 plugins.
Preloading 0 native plugins for Editor in 0.00 ms.
Unloading 2453 Unused Serialized files (Serialized files now loaded: 0)
Unloading 36 unused Assets / (185.1 KB). Loaded Objects now: 3107.
Memory consumption went from 105.8 MB to 105.6 MB.
Total: 3.511400 ms (FindLiveObjects: 0.260900 ms CreateObjectMapping: 0.180300 ms MarkObjects: 2.931800 ms  DeleteObjects: 0.136600 ms)

AssetImportParameters requested are different than current active one (requested -> active):
  custom:video-decoder-ogg-theora: a1e56fd34408186e4bbccfd4996cb3dc -> 
  custom:container-muxer-webm: aa71ff27fc2769a1b78a27578f13a17b -> 
  custom:container-demuxer-webm: 4f35f7cbe854078d1ac9338744f61a02 -> 
  custom:video-encoder-webm-vp8: eb34c28f22e8b96e1ab97ce403110664 -> 
  custom:audio-encoder-webm-vorbis: bf7c407c2cedff20999df2af8eb42d56 -> 
  custom:framework-win-MediaFoundation: 216162199b28c13a410421893ffa2e32 -> 
  custom:container-demuxer-ogg: 62fdf1f143b41e24485cea50d1cbac27 -> 
  custom:video-decoder-webm-vp8: 9c59270c3fd7afecdb556c50c9e8de78 -> 
  custom:audio-decoder-ogg-vorbis: bf7c407c2cedff20999df2af8eb42d56 -> 
========================================================================
Received Import Request.
  Time since last request: 520.597997 seconds.
  path: Assets/UI/Bad Shot.prefab
  artifactKey: Guid(5d3307e47bfa6c642972223a5531b033) Importer(815301076,1909f56bfc062723c751e8b465ee728b)
Start importing Assets/UI/Bad Shot.prefab using Guid(5d3307e47bfa6c642972223a5531b033) Importer(815301076,1909f56bfc062723c751e8b465ee728b)  -> (artifact id: '1ffbc323f99bd6fd237b4ebb25c056ad') in 0.284287 seconds 
========================================================================
Received Import Request.
  Time since last request: 113.796041 seconds.
  path: Assets/Scripts/GameManager.cs
  artifactKey: Guid(525ecc93a32baac49879eff4625da331) Importer(815301076,1909f56bfc062723c751e8b465ee728b)
Start importing Assets/Scripts/GameManager.cs using Guid(525ecc93a32baac49879eff4625da331) Importer(815301076,1909f56bfc062723c751e8b465ee728b)  -> (artifact id: '4c608513d379e4101f0cb74c25c4fc7d') in 0.000975 seconds 
========================================================================
Received Prepare
Registering precompiled user dll's ...
Registered in 0.005439 seconds.
Begin MonoManager ReloadAssembly
Native extension for WindowsStandalone target not found
Native extension for iOS target not found
Native extension for Android target not found
Native extension for WebGL target not found
Refreshing native plugins compatible for Editor in 2.90 ms, found 3 plugins.
Preloading 0 native plugins for Editor in 0.00 ms.
Mono: successfully reloaded assembly
- Completed reload, in  1.370 seconds
Domain Reload Profiling:
	ReloadAssembly (1382ms)
		BeginReloadAssembly (172ms)
			ExecutionOrderSort (0ms)
			DisableScriptedObjects (5ms)
			BackupInstance (0ms)
			ReleaseScriptingObjects (0ms)
			CreateAndSetChildDomain (58ms)
		EndReloadAssembly (1039ms)
			LoadAssemblies (98ms)
			RebuildTransferFunctionScriptingTraits (0ms)
			SetupTypeCache (285ms)
			ReleaseScriptCaches (1ms)
			RebuildScriptCaches (64ms)
			SetupLoadedEditorAssemblies (520ms)
				LogAssemblyErrors (0ms)
				InitializePlatformSupportModulesInManaged (48ms)
				SetLoadedEditorAssemblies (1ms)
				RefreshPlugins (3ms)
				BeforeProcessingInitializeOnLoad (66ms)
				ProcessInitializeOnLoadAttributes (361ms)
				ProcessInitializeOnLoadMethodAttributes (39ms)
				AfterProcessingInitializeOnLoad (2ms)
				EditorAssembliesLoaded (0ms)
			ExecutionOrderSort2 (0ms)
			AwakeInstancesAfterBackupRestoration (6ms)
Platform modules already initialized, skipping
Refreshing native plugins compatible for Editor in 2.49 ms, found 3 plugins.
Preloading 0 native plugins for Editor in 0.00 ms.
Unloading 2453 Unused Serialized files (Serialized files now loaded: 0)
Unloading 36 unused Assets / (185.2 KB). Loaded Objects now: 3122.
Memory consumption went from 105.8 MB to 105.7 MB.
Total: 2.535200 ms (FindLiveObjects: 0.206300 ms CreateObjectMapping: 0.101900 ms MarkObjects: 2.111800 ms  DeleteObjects: 0.114300 ms)

AssetImportParameters requested are different than current active one (requested -> active):
  custom:video-decoder-ogg-theora: a1e56fd34408186e4bbccfd4996cb3dc -> 
  custom:container-muxer-webm: aa71ff27fc2769a1b78a27578f13a17b -> 
  custom:container-demuxer-webm: 4f35f7cbe854078d1ac9338744f61a02 -> 
  custom:video-encoder-webm-vp8: eb34c28f22e8b96e1ab97ce403110664 -> 
  custom:audio-encoder-webm-vorbis: bf7c407c2cedff20999df2af8eb42d56 -> 
  custom:framework-win-MediaFoundation: 216162199b28c13a410421893ffa2e32 -> 
  custom:container-demuxer-ogg: 62fdf1f143b41e24485cea50d1cbac27 -> 
  custom:video-decoder-webm-vp8: 9c59270c3fd7afecdb556c50c9e8de78 -> 
  custom:audio-decoder-ogg-vorbis: bf7c407c2cedff20999df2af8eb42d56 -> 
========================================================================
Received Import Request.
  Time since last request: 55.414586 seconds.
  path: Assets/Prefabs/GangsterRagdollPrefab.prefab
  artifactKey: Guid(39a3d3d0b977c2744b3dfd8048e5229d) Importer(815301076,1909f56bfc062723c751e8b465ee728b)
Start importing Assets/Prefabs/GangsterRagdollPrefab.prefab using Guid(39a3d3d0b977c2744b3dfd8048e5229d) Importer(815301076,1909f56bfc062723c751e8b465ee728b)  -> (artifact id: '2a9aa4625f43d7ac55be9698473f3a08') in 0.203335 seconds 
========================================================================
Received Import Request.
  Time since last request: 7.866708 seconds.
  path: Assets/Prefabs/GangsterPrefab.prefab
  artifactKey: Guid(d67f5bcf7b63da449b58b2d73d67d489) Importer(815301076,1909f56bfc062723c751e8b465ee728b)
Start importing Assets/Prefabs/GangsterPrefab.prefab using Guid(d67f5bcf7b63da449b58b2d73d67d489) Importer(815301076,1909f56bfc062723c751e8b465ee728b)  -> (artifact id: 'd61ea51541b6d56fcfbbda94718f4c88') in 0.236246 seconds 
========================================================================
Received Import Request.
  Time since last request: 17.672911 seconds.
  path: Assets/Prefabs/Player.prefab
  artifactKey: Guid(c0419c8771c91f4448a713ce1909c7af) Importer(815301076,1909f56bfc062723c751e8b465ee728b)
Start importing Assets/Prefabs/Player.prefab using Guid(c0419c8771c91f4448a713ce1909c7af) Importer(815301076,1909f56bfc062723c751e8b465ee728b)  -> (artifact id: 'a56d0a1234b29c912d432ce75b56ca2d') in 0.148077 seconds 
========================================================================
Received Import Request.
  Time since last request: 1.159061 seconds.
  path: Assets/Prefabs/NewSmokeWhite.prefab
  artifactKey: Guid(2c047e053ba35d741885d8e75346c777) Importer(815301076,1909f56bfc062723c751e8b465ee728b)
Start importing Assets/Prefabs/NewSmokeWhite.prefab using Guid(2c047e053ba35d741885d8e75346c777) Importer(815301076,1909f56bfc062723c751e8b465ee728b)  -> (artifact id: 'df5b77151f2cb0d283502a1c05df335d') in 0.009557 seconds 
========================================================================
Received Import Request.
  Time since last request: 0.093221 seconds.
  path: Assets/FX/Materials/Basics/cloud_2x2_default_AB.mat
  artifactKey: Guid(d386c5d9fb941e845b73fe6da5491ef2) Importer(815301076,1909f56bfc062723c751e8b465ee728b)
Start importing Assets/FX/Materials/Basics/cloud_2x2_default_AB.mat using Guid(d386c5d9fb941e845b73fe6da5491ef2) Importer(815301076,1909f56bfc062723c751e8b465ee728b)  -> (artifact id: '38aa776c57bc6de55cfc13d44f0405c7') in 0.019250 seconds 
========================================================================
Received Import Request.
  Time since last request: 2.183262 seconds.
  path: Assets/Prefabs/Finish.prefab
  artifactKey: Guid(02980186e42ace54b9e29d0ff17ba4da) Importer(815301076,1909f56bfc062723c751e8b465ee728b)
Start importing Assets/Prefabs/Finish.prefab using Guid(02980186e42ace54b9e29d0ff17ba4da) Importer(815301076,1909f56bfc062723c751e8b465ee728b)  -> (artifact id: 'e71496a69d012639ab172bcd8ad77805') in 0.004718 seconds 
========================================================================
Received Import Request.
  Time since last request: 0.859303 seconds.
  path: Assets/Prefabs/CylinderFinish.prefab
  artifactKey: Guid(1a6b6e64ec3e4b5449586b79f17358bd) Importer(815301076,1909f56bfc062723c751e8b465ee728b)
Start importing Assets/Prefabs/CylinderFinish.prefab using Guid(1a6b6e64ec3e4b5449586b79f17358bd) Importer(815301076,1909f56bfc062723c751e8b465ee728b)  -> (artifact id: '8c2aafad53b3299dcaadbd36a66ce942') in 0.051492 seconds 
========================================================================
Received Import Request.
  Time since last request: 6.986402 seconds.
  path: Assets/Prefabs/PlayerOnlyRagdoll.prefab
  artifactKey: Guid(96650f8d532e88749a9e34633475f194) Importer(815301076,1909f56bfc062723c751e8b465ee728b)
Start importing Assets/Prefabs/PlayerOnlyRagdoll.prefab using Guid(96650f8d532e88749a9e34633475f194) Importer(815301076,1909f56bfc062723c751e8b465ee728b)  -> (artifact id: '53a0f70ed1c3277c344d69ace171adc3') in 0.009412 seconds 
========================================================================
Received Import Request.
  Time since last request: 0.275561 seconds.
  path: Assets/Prefabs/Ring.prefab
  artifactKey: Guid(0db61208508c8e84cace60a5a268ab0b) Importer(815301076,1909f56bfc062723c751e8b465ee728b)
Start importing Assets/Prefabs/Ring.prefab using Guid(0db61208508c8e84cace60a5a268ab0b) Importer(815301076,1909f56bfc062723c751e8b465ee728b)  -> (artifact id: '7f7540d3899d2eb85566ee3ff843a04a') in 0.086746 seconds 
========================================================================
Received Import Request.
  Time since last request: 102.556026 seconds.
  path: Assets/Scenes/Level.unity
  artifactKey: Guid(d34f1ac451dcaf5499c58c994da575bc) Importer(815301076,1909f56bfc062723c751e8b465ee728b)
Start importing Assets/Scenes/Level.unity using Guid(d34f1ac451dcaf5499c58c994da575bc) Importer(815301076,1909f56bfc062723c751e8b465ee728b)  -> (artifact id: '4efabcf3332e834c931fd0c927f97386') in 0.001707 seconds 
========================================================================
Received Import Request.
  Time since last request: 27.480990 seconds.
  path: Assets/UI/Bad Shot.prefab
  artifactKey: Guid(5d3307e47bfa6c642972223a5531b033) Importer(815301076,1909f56bfc062723c751e8b465ee728b)
Start importing Assets/UI/Bad Shot.prefab using Guid(5d3307e47bfa6c642972223a5531b033) Importer(815301076,1909f56bfc062723c751e8b465ee728b)  -> (artifact id: '754086dcab4d93a940e2b851266940e6') in 0.020361 seconds 
========================================================================
Received Import Request.
  Time since last request: 0.809166 seconds.
  path: Assets/UI
  artifactKey: Guid(84337168ce1fbbb48b978d85ef16ce6f) Importer(815301076,1909f56bfc062723c751e8b465ee728b)
Start importing Assets/UI using Guid(84337168ce1fbbb48b978d85ef16ce6f) Importer(815301076,1909f56bfc062723c751e8b465ee728b)  -> (artifact id: 'c7e4ccd4191952d7e404d71906240371') in 0.000999 seconds 
========================================================================
Received Import Request.
  Time since last request: 0.826016 seconds.
  path: Assets/UI/Text.anim
  artifactKey: Guid(52f5bf6241547e2418c57562e78ee006) Importer(815301076,1909f56bfc062723c751e8b465ee728b)
Start importing Assets/UI/Text.anim using Guid(52f5bf6241547e2418c57562e78ee006) Importer(815301076,1909f56bfc062723c751e8b465ee728b)  -> (artifact id: 'ab1d03ceedf8aa7f48968540d570b6c6') in 0.041988 seconds 
========================================================================
Received Prepare
Registering precompiled user dll's ...
Registered in 0.003830 seconds.
Begin MonoManager ReloadAssembly
Native extension for WindowsStandalone target not found
Native extension for iOS target not found
Native extension for Android target not found
Native extension for WebGL target not found
Refreshing native plugins compatible for Editor in 0.85 ms, found 3 plugins.
Preloading 0 native plugins for Editor in 0.00 ms.
Mono: successfully reloaded assembly
- Completed reload, in  1.068 seconds
Domain Reload Profiling:
	ReloadAssembly (1069ms)
		BeginReloadAssembly (146ms)
			ExecutionOrderSort (0ms)
			DisableScriptedObjects (5ms)
			BackupInstance (0ms)
			ReleaseScriptingObjects (0ms)
			CreateAndSetChildDomain (47ms)
		EndReloadAssembly (816ms)
			LoadAssemblies (86ms)
			RebuildTransferFunctionScriptingTraits (0ms)
			SetupTypeCache (239ms)
			ReleaseScriptCaches (1ms)
			RebuildScriptCaches (55ms)
			SetupLoadedEditorAssemblies (375ms)
				LogAssemblyErrors (0ms)
				InitializePlatformSupportModulesInManaged (33ms)
				SetLoadedEditorAssemblies (1ms)
				RefreshPlugins (1ms)
				BeforeProcessingInitializeOnLoad (48ms)
				ProcessInitializeOnLoadAttributes (245ms)
				ProcessInitializeOnLoadMethodAttributes (42ms)
				AfterProcessingInitializeOnLoad (5ms)
				EditorAssembliesLoaded (0ms)
			ExecutionOrderSort2 (0ms)
			AwakeInstancesAfterBackupRestoration (8ms)
Platform modules already initialized, skipping
Refreshing native plugins compatible for Editor in 3.19 ms, found 3 plugins.
Preloading 0 native plugins for Editor in 0.00 ms.
Unloading 2455 Unused Serialized files (Serialized files now loaded: 0)
Unloading 37 unused Assets / (0.5 MB). Loaded Objects now: 3142.
Memory consumption went from 119.7 MB to 119.2 MB.
Total: 2.897200 ms (FindLiveObjects: 0.240300 ms CreateObjectMapping: 0.146100 ms MarkObjects: 2.275900 ms  DeleteObjects: 0.233800 ms)

AssetImportParameters requested are different than current active one (requested -> active):
  custom:video-decoder-ogg-theora: a1e56fd34408186e4bbccfd4996cb3dc -> 
  custom:container-muxer-webm: aa71ff27fc2769a1b78a27578f13a17b -> 
  custom:container-demuxer-webm: 4f35f7cbe854078d1ac9338744f61a02 -> 
  custom:video-encoder-webm-vp8: eb34c28f22e8b96e1ab97ce403110664 -> 
  custom:audio-encoder-webm-vorbis: bf7c407c2cedff20999df2af8eb42d56 -> 
  custom:framework-win-MediaFoundation: 216162199b28c13a410421893ffa2e32 -> 
  custom:container-demuxer-ogg: 62fdf1f143b41e24485cea50d1cbac27 -> 
  custom:video-decoder-webm-vp8: 9c59270c3fd7afecdb556c50c9e8de78 -> 
  custom:audio-decoder-ogg-vorbis: bf7c407c2cedff20999df2af8eb42d56 -> 
========================================================================
Received Import Request.
  Time since last request: 169.660323 seconds.
  path: Assets/Voodoo
  artifactKey: Guid(b1cc4db22df95cb45866b96a2dd6b284) Importer(815301076,1909f56bfc062723c751e8b465ee728b)
Start importing Assets/Voodoo using Guid(b1cc4db22df95cb45866b96a2dd6b284) Importer(815301076,1909f56bfc062723c751e8b465ee728b)  -> (artifact id: 'c1637318ad44cb11df087ab91befda96') in 0.009675 seconds 
========================================================================
Received Import Request.
  Time since last request: 0.707892 seconds.
  path: Assets/Voodoo/VoodooCustomCharacter
  artifactKey: Guid(df79f4c638ef14369a0777fbcb38481b) Importer(815301076,1909f56bfc062723c751e8b465ee728b)
Start importing Assets/Voodoo/VoodooCustomCharacter using Guid(df79f4c638ef14369a0777fbcb38481b) Importer(815301076,1909f56bfc062723c751e8b465ee728b)  -> (artifact id: 'ec6045549aa706b00d1d1de94b0de026') in 0.001384 seconds 
========================================================================
Received Import Request.
  Time since last request: 4.977418 seconds.
  path: Assets/Voodoo/VoodooCustomCharacter/Prefabs
  artifactKey: Guid(190f8a7acca444dc89c165f1e6a97dec) Importer(815301076,1909f56bfc062723c751e8b465ee728b)
Start importing Assets/Voodoo/VoodooCustomCharacter/Prefabs using Guid(190f8a7acca444dc89c165f1e6a97dec) Importer(815301076,1909f56bfc062723c751e8b465ee728b)  -> (artifact id: '36f6d19574669ca32ddb52eb2ab5ff7d') in 0.002174 seconds 
========================================================================
Received Import Request.
  Time since last request: 1.036596 seconds.
  path: Assets/Voodoo/VoodooCustomCharacter/Prefabs/VoodooCustomCharacter.prefab
  artifactKey: Guid(14470fd151bcc4742b90348391998ddb) Importer(815301076,1909f56bfc062723c751e8b465ee728b)
Start importing Assets/Voodoo/VoodooCustomCharacter/Prefabs/VoodooCustomCharacter.prefab using Guid(14470fd151bcc4742b90348391998ddb) Importer(815301076,1909f56bfc062723c751e8b465ee728b)  -> (artifact id: '95a817cd45dbba41f9e8537b520d6a72') in 0.306475 seconds 
========================================================================
Received Import Request.
  Time since last request: 7.542317 seconds.
  path: Assets/Voodoo/VoodooCustomCharacter/Meshes
  artifactKey: Guid(d3a02d74d1e2848db89039ed720a69be) Importer(815301076,1909f56bfc062723c751e8b465ee728b)
Start importing Assets/Voodoo/VoodooCustomCharacter/Meshes using Guid(d3a02d74d1e2848db89039ed720a69be) Importer(815301076,1909f56bfc062723c751e8b465ee728b)  -> (artifact id: '68e2bf95b9f28b082911b72b1a3f6a5f') in 0.001349 seconds 
========================================================================
Received Import Request.
  Time since last request: 4.684683 seconds.
  path: Assets/Voodoo/VoodooCustomCharacter/Meshes/VoodooCustomCharacterV1.3.fbx
  artifactKey: Guid(3bf626041b0e848e8917535734a4e638) Importer(815301076,1909f56bfc062723c751e8b465ee728b)
Start importing Assets/Voodoo/VoodooCustomCharacter/Meshes/VoodooCustomCharacterV1.3.fbx using Guid(3bf626041b0e848e8917535734a4e638) Importer(815301076,1909f56bfc062723c751e8b465ee728b)  -> (artifact id: '6b3850cdb4e21806f792d4282a5679ff') in 0.285033 seconds 
========================================================================
Received Import Request.
  Time since last request: 22.866029 seconds.
  path: Assets/Voodoo/VoodooCustomCharacter/Demo/Scripts
  artifactKey: Guid(5be5a269868314bafb74616f8657622f) Importer(815301076,1909f56bfc062723c751e8b465ee728b)
Start importing Assets/Voodoo/VoodooCustomCharacter/Demo/Scripts using Guid(5be5a269868314bafb74616f8657622f) Importer(815301076,1909f56bfc062723c751e8b465ee728b)  -> (artifact id: '8a42d0af2178e7dcacc675f0abf185f6') in 0.001165 seconds 
========================================================================
Received Import Request.
  Time since last request: 1.644824 seconds.
  path: Assets/Voodoo/VoodooCustomCharacter/Demo/Scenes/Demo_VoodooCustomCharacter.unity
  artifactKey: Guid(d0963f7fc60552c4c89f386dfae3815e) Importer(815301076,1909f56bfc062723c751e8b465ee728b)
Start importing Assets/Voodoo/VoodooCustomCharacter/Demo/Scenes/Demo_VoodooCustomCharacter.unity using Guid(d0963f7fc60552c4c89f386dfae3815e) Importer(815301076,1909f56bfc062723c751e8b465ee728b)  -> (artifact id: '8f17f10b47649558ec50eae7fc7a8f3d') in 0.000868 seconds 
========================================================================
Received Import Request.
  Time since last request: 97.632839 seconds.
  path: Assets/Voodoo/VoodooCustomCharacter/Animators
  artifactKey: Guid(ec989a7c48a76436288e31ea8d1a432c) Importer(815301076,1909f56bfc062723c751e8b465ee728b)
Start importing Assets/Voodoo/VoodooCustomCharacter/Animators using Guid(ec989a7c48a76436288e31ea8d1a432c) Importer(815301076,1909f56bfc062723c751e8b465ee728b)  -> (artifact id: '455dbdba3c29b3d92d5a68433f335ab8') in 0.001192 seconds 
========================================================================
Received Import Request.
  Time since last request: 38.340886 seconds.
  path: Assets/Voodoo/VoodooCustomCharacter/Demo
  artifactKey: Guid(ea57e4aa3eb414a2fb8ad246d6de4d2a) Importer(815301076,1909f56bfc062723c751e8b465ee728b)
Start importing Assets/Voodoo/VoodooCustomCharacter/Demo using Guid(ea57e4aa3eb414a2fb8ad246d6de4d2a) Importer(815301076,1909f56bfc062723c751e8b465ee728b)  -> (artifact id: 'cf900bab59fd3393d6f97e48d6daa02a') in 0.000956 seconds 
========================================================================
Received Import Request.
  Time since last request: 23.640202 seconds.
  path: Assets/Voodoo/VoodooCustomCharacter/Meshes/VoodooCustomCharacterV1.3.fbx
  artifactKey: Guid(3bf626041b0e848e8917535734a4e638) Importer(815301076,1909f56bfc062723c751e8b465ee728b)
Start importing Assets/Voodoo/VoodooCustomCharacter/Meshes/VoodooCustomCharacterV1.3.fbx using Guid(3bf626041b0e848e8917535734a4e638) Importer(815301076,1909f56bfc062723c751e8b465ee728b)  -> (artifact id: '68bc6cca86d2f701d52f559572b602e1') in 0.030874 seconds 
========================================================================
Received Prepare
Registering precompiled user dll's ...
Registered in 0.003754 seconds.
Begin MonoManager ReloadAssembly
Native extension for WindowsStandalone target not found
Native extension for iOS target not found
Native extension for Android target not found
Native extension for WebGL target not found
Refreshing native plugins compatible for Editor in 1.12 ms, found 3 plugins.
Preloading 0 native plugins for Editor in 0.00 ms.
Mono: successfully reloaded assembly
- Completed reload, in  1.479 seconds
Domain Reload Profiling:
	ReloadAssembly (1481ms)
		BeginReloadAssembly (140ms)
			ExecutionOrderSort (0ms)
			DisableScriptedObjects (5ms)
			BackupInstance (0ms)
			ReleaseScriptingObjects (0ms)
			CreateAndSetChildDomain (37ms)
		EndReloadAssembly (1217ms)
			LoadAssemblies (96ms)
			RebuildTransferFunctionScriptingTraits (0ms)
			SetupTypeCache (431ms)
			ReleaseScriptCaches (1ms)
			RebuildScriptCaches (65ms)
			SetupLoadedEditorAssemblies (562ms)
				LogAssemblyErrors (0ms)
				InitializePlatformSupportModulesInManaged (40ms)
				SetLoadedEditorAssemblies (1ms)
				RefreshPlugins (1ms)
				BeforeProcessingInitializeOnLoad (54ms)
				ProcessInitializeOnLoadAttributes (409ms)
				ProcessInitializeOnLoadMethodAttributes (52ms)
				AfterProcessingInitializeOnLoad (5ms)
				EditorAssembliesLoaded (1ms)
			ExecutionOrderSort2 (0ms)
			AwakeInstancesAfterBackupRestoration (10ms)
Platform modules already initialized, skipping
Refreshing native plugins compatible for Editor in 3.81 ms, found 3 plugins.
Preloading 0 native plugins for Editor in 0.00 ms.
Unloading 2455 Unused Serialized files (Serialized files now loaded: 0)
Unloading 36 unused Assets / (185.0 KB). Loaded Objects now: 3161.
Memory consumption went from 119.9 MB to 119.7 MB.
Total: 4.813800 ms (FindLiveObjects: 0.239500 ms CreateObjectMapping: 0.142200 ms MarkObjects: 4.290600 ms  DeleteObjects: 0.139500 ms)

AssetImportParameters requested are different than current active one (requested -> active):
  custom:video-decoder-ogg-theora: a1e56fd34408186e4bbccfd4996cb3dc -> 
  custom:container-muxer-webm: aa71ff27fc2769a1b78a27578f13a17b -> 
  custom:container-demuxer-webm: 4f35f7cbe854078d1ac9338744f61a02 -> 
  custom:video-encoder-webm-vp8: eb34c28f22e8b96e1ab97ce403110664 -> 
  custom:audio-encoder-webm-vorbis: bf7c407c2cedff20999df2af8eb42d56 -> 
  custom:framework-win-MediaFoundation: 216162199b28c13a410421893ffa2e32 -> 
  custom:container-demuxer-ogg: 62fdf1f143b41e24485cea50d1cbac27 -> 
  custom:video-decoder-webm-vp8: 9c59270c3fd7afecdb556c50c9e8de78 -> 
  custom:audio-decoder-ogg-vorbis: bf7c407c2cedff20999df2af8eb42d56 -> 
========================================================================
Received Import Request.
  Time since last request: 21.371467 seconds.
  path: Assets/Voodoo/VoodooCustomCharacter/Demo/Scripts/Rotate.cs
  artifactKey: Guid(e7db067d1bf7f485eba6392d56019ab6) Importer(815301076,1909f56bfc062723c751e8b465ee728b)
Start importing Assets/Voodoo/VoodooCustomCharacter/Demo/Scripts/Rotate.cs using Guid(e7db067d1bf7f485eba6392d56019ab6) Importer(815301076,1909f56bfc062723c751e8b465ee728b)  -> (artifact id: '4c9af3385616aef228a776e7d337e97c') in 0.004582 seconds 
========================================================================
Received Import Request.
  Time since last request: 3.637901 seconds.
  path: Assets/Voodoo/VoodooCustomCharacter/Demo/Sprites
  artifactKey: Guid(07bd1f55021c141bbb74db29d7510388) Importer(815301076,1909f56bfc062723c751e8b465ee728b)
Start importing Assets/Voodoo/VoodooCustomCharacter/Demo/Sprites using Guid(07bd1f55021c141bbb74db29d7510388) Importer(815301076,1909f56bfc062723c751e8b465ee728b)  -> (artifact id: '891bbf3dbadf5eebb0bdd0774785edbd') in 0.000833 seconds 
========================================================================
Received Import Request.
  Time since last request: 160.120222 seconds.
  path: Assets/Voodoo/VoodooCustomCharacter/Animations
  artifactKey: Guid(e9e0a948be7e2478f96d3a96e34587b3) Importer(815301076,1909f56bfc062723c751e8b465ee728b)
Start importing Assets/Voodoo/VoodooCustomCharacter/Animations using Guid(e9e0a948be7e2478f96d3a96e34587b3) Importer(815301076,1909f56bfc062723c751e8b465ee728b)  -> (artifact id: 'b9854e1d47082213df2788d1119e5c30') in 0.000986 seconds 
========================================================================
Received Import Request.
  Time since last request: 130.426526 seconds.
  path: Assets/Prefabs/Player.prefab
  artifactKey: Guid(c0419c8771c91f4448a713ce1909c7af) Importer(815301076,1909f56bfc062723c751e8b465ee728b)
Start importing Assets/Prefabs/Player.prefab using Guid(c0419c8771c91f4448a713ce1909c7af) Importer(815301076,1909f56bfc062723c751e8b465ee728b)  -> (artifact id: 'ffbb52e31cc8d5575e898e51937a8a49') in 0.102330 seconds 
========================================================================
Received Prepare
Registering precompiled user dll's ...
Registered in 0.003656 seconds.
Begin MonoManager ReloadAssembly
Native extension for WindowsStandalone target not found
Native extension for iOS target not found
Native extension for Android target not found
Native extension for WebGL target not found
Refreshing native plugins compatible for Editor in 1.37 ms, found 3 plugins.
Preloading 0 native plugins for Editor in 0.00 ms.
Mono: successfully reloaded assembly
- Completed reload, in  1.440 seconds
Domain Reload Profiling:
	ReloadAssembly (1441ms)
		BeginReloadAssembly (139ms)
			ExecutionOrderSort (0ms)
			DisableScriptedObjects (6ms)
			BackupInstance (0ms)
			ReleaseScriptingObjects (0ms)
			CreateAndSetChildDomain (41ms)
		EndReloadAssembly (1172ms)
			LoadAssemblies (90ms)
			RebuildTransferFunctionScriptingTraits (0ms)
			SetupTypeCache (435ms)
			ReleaseScriptCaches (1ms)
			RebuildScriptCaches (70ms)
			SetupLoadedEditorAssemblies (505ms)
				LogAssemblyErrors (0ms)
				InitializePlatformSupportModulesInManaged (41ms)
				SetLoadedEditorAssemblies (1ms)
				RefreshPlugins (1ms)
				BeforeProcessingInitializeOnLoad (67ms)
				ProcessInitializeOnLoadAttributes (346ms)
				ProcessInitializeOnLoadMethodAttributes (46ms)
				AfterProcessingInitializeOnLoad (3ms)
				EditorAssembliesLoaded (0ms)
			ExecutionOrderSort2 (0ms)
			AwakeInstancesAfterBackupRestoration (8ms)
Platform modules already initialized, skipping
Refreshing native plugins compatible for Editor in 3.73 ms, found 3 plugins.
Preloading 0 native plugins for Editor in 0.00 ms.
Unloading 2454 Unused Serialized files (Serialized files now loaded: 0)
Unloading 36 unused Assets / (185.1 KB). Loaded Objects now: 3176.
Memory consumption went from 119.7 MB to 119.5 MB.
Total: 5.042200 ms (FindLiveObjects: 0.346800 ms CreateObjectMapping: 0.265500 ms MarkObjects: 4.091900 ms  DeleteObjects: 0.336200 ms)

AssetImportParameters requested are different than current active one (requested -> active):
  custom:video-decoder-ogg-theora: a1e56fd34408186e4bbccfd4996cb3dc -> 
  custom:container-muxer-webm: aa71ff27fc2769a1b78a27578f13a17b -> 
  custom:container-demuxer-webm: 4f35f7cbe854078d1ac9338744f61a02 -> 
  custom:video-encoder-webm-vp8: eb34c28f22e8b96e1ab97ce403110664 -> 
  custom:audio-encoder-webm-vorbis: bf7c407c2cedff20999df2af8eb42d56 -> 
  custom:framework-win-MediaFoundation: 216162199b28c13a410421893ffa2e32 -> 
  custom:container-demuxer-ogg: 62fdf1f143b41e24485cea50d1cbac27 -> 
  custom:video-decoder-webm-vp8: 9c59270c3fd7afecdb556c50c9e8de78 -> 
  custom:audio-decoder-ogg-vorbis: bf7c407c2cedff20999df2af8eb42d56 -> 
========================================================================
Received Prepare
Registering precompiled user dll's ...
Registered in 0.002855 seconds.
Begin MonoManager ReloadAssembly
Native extension for WindowsStandalone target not found
Native extension for iOS target not found
Native extension for Android target not found
Native extension for WebGL target not found
Refreshing native plugins compatible for Editor in 1.64 ms, found 3 plugins.
Preloading 0 native plugins for Editor in 0.00 ms.
Mono: successfully reloaded assembly
- Completed reload, in  1.076 seconds
Domain Reload Profiling:
	ReloadAssembly (1077ms)
		BeginReloadAssembly (120ms)
			ExecutionOrderSort (0ms)
			DisableScriptedObjects (5ms)
			BackupInstance (0ms)
			ReleaseScriptingObjects (0ms)
			CreateAndSetChildDomain (33ms)
		EndReloadAssembly (853ms)
			LoadAssemblies (71ms)
			RebuildTransferFunctionScriptingTraits (0ms)
			SetupTypeCache (236ms)
			ReleaseScriptCaches (1ms)
			RebuildScriptCaches (54ms)
			SetupLoadedEditorAssemblies (433ms)
				LogAssemblyErrors (0ms)
				InitializePlatformSupportModulesInManaged (36ms)
				SetLoadedEditorAssemblies (1ms)
				RefreshPlugins (2ms)
				BeforeProcessingInitializeOnLoad (55ms)
				ProcessInitializeOnLoadAttributes (294ms)
				ProcessInitializeOnLoadMethodAttributes (42ms)
				AfterProcessingInitializeOnLoad (3ms)
				EditorAssembliesLoaded (0ms)
			ExecutionOrderSort2 (0ms)
			AwakeInstancesAfterBackupRestoration (7ms)
Platform modules already initialized, skipping
Refreshing native plugins compatible for Editor in 4.91 ms, found 3 plugins.
Preloading 0 native plugins for Editor in 0.00 ms.
Unloading 2454 Unused Serialized files (Serialized files now loaded: 0)
Unloading 36 unused Assets / (185.3 KB). Loaded Objects now: 3191.
Memory consumption went from 119.7 MB to 119.5 MB.
Total: 4.043500 ms (FindLiveObjects: 0.283200 ms CreateObjectMapping: 0.226600 ms MarkObjects: 3.396200 ms  DeleteObjects: 0.135900 ms)

AssetImportParameters requested are different than current active one (requested -> active):
  custom:video-decoder-ogg-theora: a1e56fd34408186e4bbccfd4996cb3dc -> 
  custom:container-muxer-webm: aa71ff27fc2769a1b78a27578f13a17b -> 
  custom:container-demuxer-webm: 4f35f7cbe854078d1ac9338744f61a02 -> 
  custom:video-encoder-webm-vp8: eb34c28f22e8b96e1ab97ce403110664 -> 
  custom:audio-encoder-webm-vorbis: bf7c407c2cedff20999df2af8eb42d56 -> 
  custom:framework-win-MediaFoundation: 216162199b28c13a410421893ffa2e32 -> 
  custom:container-demuxer-ogg: 62fdf1f143b41e24485cea50d1cbac27 -> 
  custom:video-decoder-webm-vp8: 9c59270c3fd7afecdb556c50c9e8de78 -> 
  custom:audio-decoder-ogg-vorbis: bf7c407c2cedff20999df2af8eb42d56 -> 
========================================================================
Received Import Request.
  Time since last request: 452.800581 seconds.
  path: Assets/Plugins/HyperCasual - SimpleTallCharacters2/Models/Cook.fbx
  artifactKey: Guid(22b09bc184b1be3498b97bbf7fefedb7) Importer(815301076,1909f56bfc062723c751e8b465ee728b)
Start importing Assets/Plugins/HyperCasual - SimpleTallCharacters2/Models/Cook.fbx using Guid(22b09bc184b1be3498b97bbf7fefedb7) Importer(815301076,1909f56bfc062723c751e8b465ee728b)  -> (artifact id: 'b5f86b575dab76d1a631b627c2ff722a') in 0.225469 seconds 
========================================================================
Received Import Request.
  Time since last request: 0.000036 seconds.
  path: Assets/Plugins/HyperCasual - SimpleTallCharacters2/Models/Doktor.fbx
  artifactKey: Guid(368646ecde2cd464ab0d43481b5b11e2) Importer(815301076,1909f56bfc062723c751e8b465ee728b)
Start importing Assets/Plugins/HyperCasual - SimpleTallCharacters2/Models/Doktor.fbx using Guid(368646ecde2cd464ab0d43481b5b11e2) Importer(815301076,1909f56bfc062723c751e8b465ee728b)  -> (artifact id: '687944610cc5c020251bd233d835e31e') in 0.115942 seconds 
========================================================================
Received Import Request.
  Time since last request: 0.000028 seconds.
  path: Assets/FX/Models/ETFX_Shield.FBX
  artifactKey: Guid(ceb86a32224dc234d8c721b83a2c6821) Importer(815301076,1909f56bfc062723c751e8b465ee728b)
Start importing Assets/FX/Models/ETFX_Shield.FBX using Guid(ceb86a32224dc234d8c721b83a2c6821) Importer(815301076,1909f56bfc062723c751e8b465ee728b)  -> (artifact id: '032bb19f2b796edacd440b991a2e37d8') in 0.094063 seconds 
========================================================================
Received Import Request.
  Time since last request: 0.000021 seconds.
  path: Assets/Plugins/HyperCasual - SimpleTallCharacters2/Models/Gangster.fbx
  artifactKey: Guid(769acb02320b2f049897d6a5a8a22fb2) Importer(815301076,1909f56bfc062723c751e8b465ee728b)
Start importing Assets/Plugins/HyperCasual - SimpleTallCharacters2/Models/Gangster.fbx using Guid(769acb02320b2f049897d6a5a8a22fb2) Importer(815301076,1909f56bfc062723c751e8b465ee728b)  -> (artifact id: '0a5e7c52f1c50ddd774c29ac8da89c79') in 0.094894 seconds 
========================================================================
Received Import Request.
  Time since last request: 0.000029 seconds.
  path: Assets/Plugins/HyperCasual - SimpleTallCharacters2/Models/FBI.fbx
  artifactKey: Guid(2d7d7fbfdbacf9f40aaa9cbc403ee501) Importer(815301076,1909f56bfc062723c751e8b465ee728b)
Start importing Assets/Plugins/HyperCasual - SimpleTallCharacters2/Models/FBI.fbx using Guid(2d7d7fbfdbacf9f40aaa9cbc403ee501) Importer(815301076,1909f56bfc062723c751e8b465ee728b)  -> (artifact id: '33ef07cee1efc524d3d7a87368683dbd') in 0.128683 seconds 
========================================================================
Received Import Request.
  Time since last request: 0.000022 seconds.
  path: Assets/FX/Models/ETFX_AuraVertical.FBX
  artifactKey: Guid(6499342c3ae53104780ba528bc51f4df) Importer(815301076,1909f56bfc062723c751e8b465ee728b)
Start importing Assets/FX/Models/ETFX_AuraVertical.FBX using Guid(6499342c3ae53104780ba528bc51f4df) Importer(815301076,1909f56bfc062723c751e8b465ee728b)  -> (artifact id: '72dd434a813102b88adf6e02ed56c886') in 0.119414 seconds 
========================================================================
Received Import Request.
  Time since last request: 0.000036 seconds.
  path: Assets/Plugins/HyperCasual - SimpleTallCharacters2/Models/Wisenheimer.fbx
  artifactKey: Guid(96fa1b102756ff1418918474967298bb) Importer(815301076,1909f56bfc062723c751e8b465ee728b)
Start importing Assets/Plugins/HyperCasual - SimpleTallCharacters2/Models/Wisenheimer.fbx using Guid(96fa1b102756ff1418918474967298bb) Importer(815301076,1909f56bfc062723c751e8b465ee728b)  -> (artifact id: '1bf9d1b8021d1369f784cd72df15babe') in 0.196777 seconds 
========================================================================
Received Import Request.
  Time since last request: 0.000023 seconds.
  path: Assets/FX/Models/ETFX_AuraVerticalCentered.FBX
  artifactKey: Guid(e0e726a0fdbabcf4e9f96b91ac0b43a8) Importer(815301076,1909f56bfc062723c751e8b465ee728b)
Start importing Assets/FX/Models/ETFX_AuraVerticalCentered.FBX using Guid(e0e726a0fdbabcf4e9f96b91ac0b43a8) Importer(815301076,1909f56bfc062723c751e8b465ee728b)  -> (artifact id: 'bde5886a17fbd76a3127166342609c26') in 0.083115 seconds 
========================================================================
Received Import Request.
  Time since last request: 0.000024 seconds.
  path: Assets/FX/Models/ETFX_CirclePlane.FBX
  artifactKey: Guid(867422a617409ce43bdc40fde1c35747) Importer(815301076,1909f56bfc062723c751e8b465ee728b)
Start importing Assets/FX/Models/ETFX_CirclePlane.FBX using Guid(867422a617409ce43bdc40fde1c35747) Importer(815301076,1909f56bfc062723c751e8b465ee728b)  -> (artifact id: '419eccbc33ce78d545b810f40f57500d') in 0.058501 seconds 
========================================================================
Received Import Request.
  Time since last request: 0.000028 seconds.
  path: Assets/FX/Models/ETFX_CirclePlaneHalf.FBX
  artifactKey: Guid(8e620388dfe970e4882c798a0b3849dd) Importer(815301076,1909f56bfc062723c751e8b465ee728b)
Start importing Assets/FX/Models/ETFX_CirclePlaneHalf.FBX using Guid(8e620388dfe970e4882c798a0b3849dd) Importer(815301076,1909f56bfc062723c751e8b465ee728b)  -> (artifact id: '5fa6fb08e3d7ab5df21df0ec4fabd1d2') in 0.069565 seconds 
========================================================================
Received Import Request.
  Time since last request: 0.000028 seconds.
  path: Assets/Plugins/HyperCasual - SimpleTallCharacters2/Models/Streamer.fbx
  artifactKey: Guid(d55cfd89bf6e6f64ca05d3b8dd2d1d9b) Importer(815301076,1909f56bfc062723c751e8b465ee728b)
Start importing Assets/Plugins/HyperCasual - SimpleTallCharacters2/Models/Streamer.fbx using Guid(d55cfd89bf6e6f64ca05d3b8dd2d1d9b) Importer(815301076,1909f56bfc062723c751e8b465ee728b)  -> (artifact id: 'a7857aedf4bf273c8d29cb3642d11bb6') in 0.062711 seconds 
========================================================================
Received Import Request.
  Time since last request: 0.000024 seconds.
  path: Assets/FX/Models/ETFX_CirclePlane2.FBX
  artifactKey: Guid(a98fc6255fba6aa4f9629b8b2fe76a25) Importer(815301076,1909f56bfc062723c751e8b465ee728b)
Start importing Assets/FX/Models/ETFX_CirclePlane2.FBX using Guid(a98fc6255fba6aa4f9629b8b2fe76a25) Importer(815301076,1909f56bfc062723c751e8b465ee728b)  -> (artifact id: '47e50e7117b70e94f8a44ceecb9b6500') in 0.061511 seconds 
========================================================================
Received Import Request.
  Time since last request: 0.000023 seconds.
  path: Assets/Plugins/HyperCasual - SimpleTallCharacters2/Models/Jeans guy.fbx
  artifactKey: Guid(cc57d5b149150624ba540a063c404291) Importer(815301076,1909f56bfc062723c751e8b465ee728b)
Start importing Assets/Plugins/HyperCasual - SimpleTallCharacters2/Models/Jeans guy.fbx using Guid(cc57d5b149150624ba540a063c404291) Importer(815301076,1909f56bfc062723c751e8b465ee728b)  -> (artifact id: '7d94f4c4dd9409219a84bb5885564c00') in 0.076241 seconds 
========================================================================
Received Import Request.
  Time since last request: 41.009857 seconds.
  path: Assets/Plugins/Obi/Samples/RopeAndRod/SampleResources/Models/ChainLink.fbx
  artifactKey: Guid(70b5250dc71ea4b35987751a9843d8d6) Importer(815301076,1909f56bfc062723c751e8b465ee728b)
Start importing Assets/Plugins/Obi/Samples/RopeAndRod/SampleResources/Models/ChainLink.fbx using Guid(70b5250dc71ea4b35987751a9843d8d6) Importer(815301076,1909f56bfc062723c751e8b465ee728b)  -> (artifact id: 'cec0efa6e78dd60a66ec7877e8229172') in 0.114901 seconds 
========================================================================
Received Import Request.
  Time since last request: 0.000017 seconds.
  path: Assets/Plugins/Obi/Samples/Common/SampleResources/Models/TestEnvironment.fbx
  artifactKey: Guid(64df75de10b494f109b074d28a8eade0) Importer(815301076,1909f56bfc062723c751e8b465ee728b)
Start importing Assets/Plugins/Obi/Samples/Common/SampleResources/Models/TestEnvironment.fbx using Guid(64df75de10b494f109b074d28a8eade0) Importer(815301076,1909f56bfc062723c751e8b465ee728b)  -> (artifact id: 'e52ab7b38481ecfff8d3781c5537deb1') in 0.042012 seconds 
========================================================================
Received Import Request.
  Time since last request: 170.037892 seconds.
  path: Assets/Scenes/Level.unity
  artifactKey: Guid(d34f1ac451dcaf5499c58c994da575bc) Importer(815301076,1909f56bfc062723c751e8b465ee728b)
Start importing Assets/Scenes/Level.unity using Guid(d34f1ac451dcaf5499c58c994da575bc) Importer(815301076,1909f56bfc062723c751e8b465ee728b)  -> (artifact id: '25428d4ad91da67fa4bd5cf637900b05') in 0.000807 seconds 
========================================================================
Received Import Request.
  Time since last request: 340.802055 seconds.
  path: Assets/Prefabs/Player.prefab
  artifactKey: Guid(c0419c8771c91f4448a713ce1909c7af) Importer(815301076,1909f56bfc062723c751e8b465ee728b)
Start importing Assets/Prefabs/Player.prefab using Guid(c0419c8771c91f4448a713ce1909c7af) Importer(815301076,1909f56bfc062723c751e8b465ee728b)  -> (artifact id: 'b68c0c9605584cb46a8ec467aebddf41') in 0.168396 seconds 
========================================================================
Received Import Request.
  Time since last request: 87.681884 seconds.
  path: Assets/Voodoo/VoodooCustomCharacter/Meshes/VoodooCustomCharacterV1.3.fbx
  artifactKey: Guid(3bf626041b0e848e8917535734a4e638) Importer(815301076,1909f56bfc062723c751e8b465ee728b)
Start importing Assets/Voodoo/VoodooCustomCharacter/Meshes/VoodooCustomCharacterV1.3.fbx using Guid(3bf626041b0e848e8917535734a4e638) Importer(815301076,1909f56bfc062723c751e8b465ee728b)  -> (artifact id: '187368dad011c4efedbb485e979999ff') in 0.036546 seconds 
========================================================================
Received Import Request.
  Time since last request: 7.312163 seconds.
  path: Assets/Voodoo/VoodooCustomCharacter/Animators/BasicCharacter.controller
  artifactKey: Guid(34c552fbe8b264306b616377a5d71065) Importer(815301076,1909f56bfc062723c751e8b465ee728b)
Start importing Assets/Voodoo/VoodooCustomCharacter/Animators/BasicCharacter.controller using Guid(34c552fbe8b264306b616377a5d71065) Importer(815301076,1909f56bfc062723c751e8b465ee728b)  -> (artifact id: '17b5f0bcda46136e253fa95eca6ea91c') in 0.467587 seconds 
========================================================================
Received Import Request.
  Time since last request: 11.936104 seconds.
  path: Assets/Voodoo/VoodooCustomCharacter/Meshes/VoodooCustomCharacterV1.3.fbx
  artifactKey: Guid(3bf626041b0e848e8917535734a4e638) Importer(815301076,1909f56bfc062723c751e8b465ee728b)
Start importing Assets/Voodoo/VoodooCustomCharacter/Meshes/VoodooCustomCharacterV1.3.fbx using Guid(3bf626041b0e848e8917535734a4e638) Importer(815301076,1909f56bfc062723c751e8b465ee728b)  -> (artifact id: 'bd75c44352f4b5629918e46eaf4aed98') in 0.032617 seconds 
========================================================================
Received Prepare
Registering precompiled user dll's ...
Registered in 0.003542 seconds.
Begin MonoManager ReloadAssembly
Native extension for WindowsStandalone target not found
Native extension for iOS target not found
Native extension for Android target not found
Native extension for WebGL target not found
Refreshing native plugins compatible for Editor in 0.78 ms, found 3 plugins.
Preloading 0 native plugins for Editor in 0.00 ms.
Mono: successfully reloaded assembly
- Completed reload, in  1.102 seconds
Domain Reload Profiling:
	ReloadAssembly (1102ms)
		BeginReloadAssembly (141ms)
			ExecutionOrderSort (0ms)
			DisableScriptedObjects (5ms)
			BackupInstance (0ms)
			ReleaseScriptingObjects (0ms)
			CreateAndSetChildDomain (48ms)
		EndReloadAssembly (852ms)
			LoadAssemblies (80ms)
			RebuildTransferFunctionScriptingTraits (0ms)
			SetupTypeCache (239ms)
			ReleaseScriptCaches (1ms)
			RebuildScriptCaches (58ms)
			SetupLoadedEditorAssemblies (425ms)
				LogAssemblyErrors (0ms)
				InitializePlatformSupportModulesInManaged (36ms)
				SetLoadedEditorAssemblies (0ms)
				RefreshPlugins (1ms)
				BeforeProcessingInitializeOnLoad (51ms)
				ProcessInitializeOnLoadAttributes (300ms)
				ProcessInitializeOnLoadMethodAttributes (35ms)
				AfterProcessingInitializeOnLoad (2ms)
				EditorAssembliesLoaded (0ms)
			ExecutionOrderSort2 (0ms)
			AwakeInstancesAfterBackupRestoration (5ms)
Platform modules already initialized, skipping
Refreshing native plugins compatible for Editor in 3.06 ms, found 3 plugins.
Preloading 0 native plugins for Editor in 0.00 ms.
Unloading 2454 Unused Serialized files (Serialized files now loaded: 0)
Unloading 36 unused Assets / (186.3 KB). Loaded Objects now: 3207.
Memory consumption went from 119.8 MB to 119.7 MB.
Total: 2.700700 ms (FindLiveObjects: 0.222700 ms CreateObjectMapping: 0.110900 ms MarkObjects: 2.245700 ms  DeleteObjects: 0.120000 ms)

AssetImportParameters requested are different than current active one (requested -> active):
  custom:video-decoder-ogg-theora: a1e56fd34408186e4bbccfd4996cb3dc -> 
  custom:container-muxer-webm: aa71ff27fc2769a1b78a27578f13a17b -> 
  custom:container-demuxer-webm: 4f35f7cbe854078d1ac9338744f61a02 -> 
  custom:video-encoder-webm-vp8: eb34c28f22e8b96e1ab97ce403110664 -> 
  custom:audio-encoder-webm-vorbis: bf7c407c2cedff20999df2af8eb42d56 -> 
  custom:framework-win-MediaFoundation: 216162199b28c13a410421893ffa2e32 -> 
  custom:container-demuxer-ogg: 62fdf1f143b41e24485cea50d1cbac27 -> 
  custom:video-decoder-webm-vp8: 9c59270c3fd7afecdb556c50c9e8de78 -> 
  custom:audio-decoder-ogg-vorbis: bf7c407c2cedff20999df2af8eb42d56 -> 
========================================================================
Received Import Request.
  Time since last request: 139.557291 seconds.
  path: Assets/Prefabs/Player.prefab
  artifactKey: Guid(c0419c8771c91f4448a713ce1909c7af) Importer(815301076,1909f56bfc062723c751e8b465ee728b)
Start importing Assets/Prefabs/Player.prefab using Guid(c0419c8771c91f4448a713ce1909c7af) Importer(815301076,1909f56bfc062723c751e8b465ee728b)  -> (artifact id: '37598a35698c6d59270e86c1bb963bc3') in 0.177887 seconds 
========================================================================
Received Prepare
Registering precompiled user dll's ...
Registered in 0.004406 seconds.
Begin MonoManager ReloadAssembly
Native extension for WindowsStandalone target not found
Native extension for iOS target not found
Native extension for Android target not found
Native extension for WebGL target not found
Refreshing native plugins compatible for Editor in 1.23 ms, found 3 plugins.
Preloading 0 native plugins for Editor in 0.00 ms.
Mono: successfully reloaded assembly
- Completed reload, in  1.264 seconds
Domain Reload Profiling:
	ReloadAssembly (1266ms)
		BeginReloadAssembly (140ms)
			ExecutionOrderSort (0ms)
			DisableScriptedObjects (6ms)
			BackupInstance (0ms)
			ReleaseScriptingObjects (0ms)
			CreateAndSetChildDomain (38ms)
		EndReloadAssembly (990ms)
			LoadAssemblies (95ms)
			RebuildTransferFunctionScriptingTraits (0ms)
			SetupTypeCache (255ms)
			ReleaseScriptCaches (1ms)
			RebuildScriptCaches (62ms)
			SetupLoadedEditorAssemblies (521ms)
				LogAssemblyErrors (0ms)
				InitializePlatformSupportModulesInManaged (40ms)
				SetLoadedEditorAssemblies (1ms)
				RefreshPlugins (1ms)
				BeforeProcessingInitializeOnLoad (58ms)
				ProcessInitializeOnLoadAttributes (378ms)
				ProcessInitializeOnLoadMethodAttributes (42ms)
				AfterProcessingInitializeOnLoad (3ms)
				EditorAssembliesLoaded (0ms)
			ExecutionOrderSort2 (0ms)
			AwakeInstancesAfterBackupRestoration (7ms)
Platform modules already initialized, skipping
Refreshing native plugins compatible for Editor in 2.50 ms, found 3 plugins.
Preloading 0 native plugins for Editor in 0.00 ms.
Unloading 2454 Unused Serialized files (Serialized files now loaded: 0)
Unloading 36 unused Assets / (185.4 KB). Loaded Objects now: 3222.
Memory consumption went from 119.9 MB to 119.7 MB.
Total: 3.090400 ms (FindLiveObjects: 0.232200 ms CreateObjectMapping: 0.127300 ms MarkObjects: 2.568900 ms  DeleteObjects: 0.160500 ms)

AssetImportParameters requested are different than current active one (requested -> active):
  custom:video-decoder-ogg-theora: a1e56fd34408186e4bbccfd4996cb3dc -> 
  custom:container-muxer-webm: aa71ff27fc2769a1b78a27578f13a17b -> 
  custom:container-demuxer-webm: 4f35f7cbe854078d1ac9338744f61a02 -> 
  custom:video-encoder-webm-vp8: eb34c28f22e8b96e1ab97ce403110664 -> 
  custom:audio-encoder-webm-vorbis: bf7c407c2cedff20999df2af8eb42d56 -> 
  custom:framework-win-MediaFoundation: 216162199b28c13a410421893ffa2e32 -> 
  custom:container-demuxer-ogg: 62fdf1f143b41e24485cea50d1cbac27 -> 
  custom:video-decoder-webm-vp8: 9c59270c3fd7afecdb556c50c9e8de78 -> 
  custom:audio-decoder-ogg-vorbis: bf7c407c2cedff20999df2af8eb42d56 -> 
========================================================================
Received Prepare
Registering precompiled user dll's ...
Registered in 0.003237 seconds.
Begin MonoManager ReloadAssembly
Native extension for WindowsStandalone target not found
Native extension for iOS target not found
Native extension for Android target not found
Native extension for WebGL target not found
Refreshing native plugins compatible for Editor in 1.29 ms, found 3 plugins.
Preloading 0 native plugins for Editor in 0.00 ms.
Mono: successfully reloaded assembly
- Completed reload, in  1.220 seconds
Domain Reload Profiling:
	ReloadAssembly (1220ms)
		BeginReloadAssembly (159ms)
			ExecutionOrderSort (0ms)
			DisableScriptedObjects (5ms)
			BackupInstance (0ms)
			ReleaseScriptingObjects (0ms)
			CreateAndSetChildDomain (47ms)
		EndReloadAssembly (930ms)
			LoadAssemblies (104ms)
			RebuildTransferFunctionScriptingTraits (0ms)
			SetupTypeCache (323ms)
			ReleaseScriptCaches (1ms)
			RebuildScriptCaches (53ms)
			SetupLoadedEditorAssemblies (421ms)
				LogAssemblyErrors (0ms)
				InitializePlatformSupportModulesInManaged (35ms)
				SetLoadedEditorAssemblies (1ms)
				RefreshPlugins (1ms)
				BeforeProcessingInitializeOnLoad (62ms)
				ProcessInitializeOnLoadAttributes (289ms)
				ProcessInitializeOnLoadMethodAttributes (32ms)
				AfterProcessingInitializeOnLoad (2ms)
				EditorAssembliesLoaded (0ms)
			ExecutionOrderSort2 (0ms)
			AwakeInstancesAfterBackupRestoration (5ms)
Platform modules already initialized, skipping
Refreshing native plugins compatible for Editor in 3.78 ms, found 3 plugins.
Preloading 0 native plugins for Editor in 0.00 ms.
Unloading 2454 Unused Serialized files (Serialized files now loaded: 0)
Unloading 36 unused Assets / (185.4 KB). Loaded Objects now: 3237.
Memory consumption went from 119.9 MB to 119.7 MB.
Total: 3.734800 ms (FindLiveObjects: 0.296500 ms CreateObjectMapping: 0.191300 ms MarkObjects: 2.820000 ms  DeleteObjects: 0.425000 ms)

AssetImportParameters requested are different than current active one (requested -> active):
  custom:video-decoder-ogg-theora: a1e56fd34408186e4bbccfd4996cb3dc -> 
  custom:container-muxer-webm: aa71ff27fc2769a1b78a27578f13a17b -> 
  custom:container-demuxer-webm: 4f35f7cbe854078d1ac9338744f61a02 -> 
  custom:video-encoder-webm-vp8: eb34c28f22e8b96e1ab97ce403110664 -> 
  custom:audio-encoder-webm-vorbis: bf7c407c2cedff20999df2af8eb42d56 -> 
  custom:framework-win-MediaFoundation: 216162199b28c13a410421893ffa2e32 -> 
  custom:container-demuxer-ogg: 62fdf1f143b41e24485cea50d1cbac27 -> 
  custom:video-decoder-webm-vp8: 9c59270c3fd7afecdb556c50c9e8de78 -> 
  custom:audio-decoder-ogg-vorbis: bf7c407c2cedff20999df2af8eb42d56 -> 
========================================================================
Received Prepare
Registering precompiled user dll's ...
Registered in 0.003820 seconds.
Begin MonoManager ReloadAssembly
Native extension for WindowsStandalone target not found
Native extension for iOS target not found
Native extension for Android target not found
Native extension for WebGL target not found
Refreshing native plugins compatible for Editor in 1.06 ms, found 3 plugins.
Preloading 0 native plugins for Editor in 0.00 ms.
Mono: successfully reloaded assembly
- Completed reload, in  1.098 seconds
Domain Reload Profiling:
	ReloadAssembly (1099ms)
		BeginReloadAssembly (135ms)
			ExecutionOrderSort (0ms)
			DisableScriptedObjects (5ms)
			BackupInstance (0ms)
			ReleaseScriptingObjects (0ms)
			CreateAndSetChildDomain (41ms)
		EndReloadAssembly (865ms)
			LoadAssemblies (80ms)
			RebuildTransferFunctionScriptingTraits (0ms)
			SetupTypeCache (242ms)
			ReleaseScriptCaches (1ms)
			RebuildScriptCaches (63ms)
			SetupLoadedEditorAssemblies (414ms)
				LogAssemblyErrors (0ms)
				InitializePlatformSupportModulesInManaged (33ms)
				SetLoadedEditorAssemblies (1ms)
				RefreshPlugins (1ms)
				BeforeProcessingInitializeOnLoad (50ms)
				ProcessInitializeOnLoadAttributes (290ms)
				ProcessInitializeOnLoadMethodAttributes (37ms)
				AfterProcessingInitializeOnLoad (3ms)
				EditorAssembliesLoaded (0ms)
			ExecutionOrderSort2 (0ms)
			AwakeInstancesAfterBackupRestoration (5ms)
Platform modules already initialized, skipping
Refreshing native plugins compatible for Editor in 4.51 ms, found 3 plugins.
Preloading 0 native plugins for Editor in 0.00 ms.
Unloading 2454 Unused Serialized files (Serialized files now loaded: 0)
Unloading 36 unused Assets / (186.4 KB). Loaded Objects now: 3252.
Memory consumption went from 119.9 MB to 119.7 MB.
Total: 4.758400 ms (FindLiveObjects: 0.288800 ms CreateObjectMapping: 0.246100 ms MarkObjects: 4.067800 ms  DeleteObjects: 0.154500 ms)

AssetImportParameters requested are different than current active one (requested -> active):
  custom:video-decoder-ogg-theora: a1e56fd34408186e4bbccfd4996cb3dc -> 
  custom:container-muxer-webm: aa71ff27fc2769a1b78a27578f13a17b -> 
  custom:container-demuxer-webm: 4f35f7cbe854078d1ac9338744f61a02 -> 
  custom:video-encoder-webm-vp8: eb34c28f22e8b96e1ab97ce403110664 -> 
  custom:audio-encoder-webm-vorbis: bf7c407c2cedff20999df2af8eb42d56 -> 
  custom:framework-win-MediaFoundation: 216162199b28c13a410421893ffa2e32 -> 
  custom:container-demuxer-ogg: 62fdf1f143b41e24485cea50d1cbac27 -> 
  custom:video-decoder-webm-vp8: 9c59270c3fd7afecdb556c50c9e8de78 -> 
  custom:audio-decoder-ogg-vorbis: bf7c407c2cedff20999df2af8eb42d56 -> 
========================================================================
Received Prepare
Registering precompiled user dll's ...
Registered in 0.003741 seconds.
Begin MonoManager ReloadAssembly
Native extension for WindowsStandalone target not found
Native extension for iOS target not found
Native extension for Android target not found
Native extension for WebGL target not found
Refreshing native plugins compatible for Editor in 0.82 ms, found 3 plugins.
Preloading 0 native plugins for Editor in 0.00 ms.
Mono: successfully reloaded assembly
- Completed reload, in  1.024 seconds
Domain Reload Profiling:
	ReloadAssembly (1025ms)
		BeginReloadAssembly (127ms)
			ExecutionOrderSort (0ms)
			DisableScriptedObjects (7ms)
			BackupInstance (0ms)
			ReleaseScriptingObjects (0ms)
			CreateAndSetChildDomain (42ms)
		EndReloadAssembly (793ms)
			LoadAssemblies (68ms)
			RebuildTransferFunctionScriptingTraits (0ms)
			SetupTypeCache (238ms)
			ReleaseScriptCaches (1ms)
			RebuildScriptCaches (51ms)
			SetupLoadedEditorAssemblies (391ms)
				LogAssemblyErrors (0ms)
				InitializePlatformSupportModulesInManaged (41ms)
				SetLoadedEditorAssemblies (1ms)
				RefreshPlugins (1ms)
				BeforeProcessingInitializeOnLoad (56ms)
				ProcessInitializeOnLoadAttributes (256ms)
				ProcessInitializeOnLoadMethodAttributes (33ms)
				AfterProcessingInitializeOnLoad (2ms)
				EditorAssembliesLoaded (0ms)
			ExecutionOrderSort2 (0ms)
			AwakeInstancesAfterBackupRestoration (5ms)
Platform modules already initialized, skipping
Refreshing native plugins compatible for Editor in 2.41 ms, found 3 plugins.
Preloading 0 native plugins for Editor in 0.00 ms.
Unloading 2455 Unused Serialized files (Serialized files now loaded: 0)
Unloading 36 unused Assets / (186.2 KB). Loaded Objects now: 3268.
Memory consumption went from 119.9 MB to 119.8 MB.
Total: 2.849500 ms (FindLiveObjects: 0.224400 ms CreateObjectMapping: 0.105500 ms MarkObjects: 2.402700 ms  DeleteObjects: 0.115600 ms)

AssetImportParameters requested are different than current active one (requested -> active):
  custom:video-decoder-ogg-theora: a1e56fd34408186e4bbccfd4996cb3dc -> 
  custom:container-muxer-webm: aa71ff27fc2769a1b78a27578f13a17b -> 
  custom:container-demuxer-webm: 4f35f7cbe854078d1ac9338744f61a02 -> 
  custom:video-encoder-webm-vp8: eb34c28f22e8b96e1ab97ce403110664 -> 
  custom:audio-encoder-webm-vorbis: bf7c407c2cedff20999df2af8eb42d56 -> 
  custom:framework-win-MediaFoundation: 216162199b28c13a410421893ffa2e32 -> 
  custom:container-demuxer-ogg: 62fdf1f143b41e24485cea50d1cbac27 -> 
  custom:video-decoder-webm-vp8: 9c59270c3fd7afecdb556c50c9e8de78 -> 
  custom:audio-decoder-ogg-vorbis: bf7c407c2cedff20999df2af8eb42d56 -> 
